Log file open, 04/05/19 10:27:55
LogWindows: Failed to load 'aqProf.dll' (GetLastError=126)
LogWindows: File 'aqProf.dll' does not exist
LogWindows: Failed to load 'VtuneApi.dll' (GetLastError=126)
LogWindows: File 'VtuneApi.dll' does not exist
LogWindows: Failed to load 'VtuneApi32e.dll' (GetLastError=126)
LogWindows: File 'VtuneApi32e.dll' does not exist
LogConsoleResponse: Display: Failed to find resolution value strings in scalability ini. Falling back to default.
LogInit: Display: Running engine for game: FAZE
LogPakFile: Registered encryption key '00000000000000000000000000000000': 0 pak files mounted, 0 remain pending
LogPlatformFile: Not using cached read wrapper
LogTaskGraph: Started task graph with 5 named threads and 14 total threads with 3 sets of task threads.
LogStats: Stats thread started at 0.246607
LogD3D11RHI: Loaded GFSDK_Aftermath_Lib.x64.dll
LogICUInternationalization: ICU TimeZone Detection - Raw Offset: -5:00, Platform Override: ''
LogPluginManager: Mounting plugin Paper2D
LogPluginManager: Mounting plugin AISupport
LogPluginManager: Mounting plugin LightPropagationVolume
LogPluginManager: Mounting plugin ActorLayerUtilities
LogPluginManager: Mounting plugin CLionSourceCodeAccess
LogPluginManager: Mounting plugin CodeLiteSourceCodeAccess
LogPluginManager: Mounting plugin GitSourceControl
LogPluginManager: Mounting plugin KDevelopSourceCodeAccess
LogPluginManager: Mounting plugin NullSourceCodeAccess
LogPluginManager: Mounting plugin PerforceSourceControl
LogPluginManager: Mounting plugin SubversionSourceControl
LogPluginManager: Mounting plugin UObjectPlugin
LogPluginManager: Mounting plugin VisualStudioCodeSourceCodeAccess
LogPluginManager: Mounting plugin VisualStudioSourceCodeAccess
LogPluginManager: Mounting plugin XCodeSourceCodeAccess
LogPluginManager: Mounting plugin AssetManagerEditor
LogPluginManager: Mounting plugin CryptoKeys
LogPluginManager: Mounting plugin DataValidation
LogPluginManager: Mounting plugin FacialAnimation
LogPluginManager: Mounting plugin GameplayTagsEditor
LogPluginManager: Mounting plugin MacGraphicsSwitching
LogPluginManager: Mounting plugin MeshEditor
LogPluginManager: Mounting plugin MobileLauncherProfileWizard
LogPluginManager: Mounting plugin PluginBrowser
LogPluginManager: Mounting plugin SpeedTreeImporter
LogPluginManager: Mounting plugin DatasmithContent
LogPluginManager: Mounting plugin VariantManagerContent
LogPluginManager: Mounting plugin AlembicImporter
LogPluginManager: Mounting plugin AppleImageUtils
LogPluginManager: Mounting plugin AppleVision
LogPluginManager: Mounting plugin BackChannel
LogPluginManager: Mounting plugin CharacterAI
LogPluginManager: Mounting plugin GeometryCache
LogPluginManager: Mounting plugin HTML5Networking
LogPluginManager: Mounting plugin ProxyLODPlugin
LogPluginManager: Mounting plugin MagicLeap
LogPluginManager: Mounting plugin MagicLeapMedia
LogPluginManager: Mounting plugin AndroidMedia
LogPluginManager: Mounting plugin AvfMedia
LogPluginManager: Mounting plugin ImgMedia
LogPluginManager: Mounting plugin LinearTimecode
LogPluginManager: Mounting plugin MediaCompositing
LogPluginManager: Mounting plugin MediaPlayerEditor
LogPluginManager: Mounting plugin WebMMedia
LogPluginManager: Mounting plugin WmfMedia
LogPluginManager: Mounting plugin TcpMessaging
LogPluginManager: Mounting plugin UdpMessaging
LogPluginManager: Mounting plugin ActorSequence
LogPluginManager: Mounting plugin LevelSequenceEditor
LogPluginManager: Mounting plugin MatineeToLevelSequence
LogPluginManager: Mounting plugin NetcodeUnitTest
LogPluginManager: Mounting plugin NUTUnrealEngine4
LogPluginManager: Mounting plugin OnlineSubsystemGooglePlay
LogPluginManager: Mounting plugin OnlineSubsystemIOS
LogPluginManager: Mounting plugin OnlineSubsystem
LogPluginManager: Mounting plugin OnlineSubsystemNull
LogPluginManager: Mounting plugin OnlineSubsystemUtils
LogPluginManager: Mounting plugin LauncherChunkInstaller
LogPluginManager: Mounting plugin AndroidDeviceProfileSelector
LogPluginManager: Mounting plugin AndroidMoviePlayer
LogPluginManager: Mounting plugin AndroidPermission
LogPluginManager: Mounting plugin AppleMoviePlayer
LogPluginManager: Mounting plugin ArchVisCharacter
LogPluginManager: Mounting plugin AudioCapture
LogPluginManager: Mounting plugin CableComponent
LogPluginManager: Mounting plugin CustomMeshComponent
LogPluginManager: Mounting plugin EditableMesh
LogPluginManager: Mounting plugin ExampleDeviceProfileSelector
LogPluginManager: Mounting plugin Firebase
LogPluginManager: Mounting plugin GoogleCloudMessaging
LogPluginManager: Mounting plugin IOSDeviceProfileSelector
LogPluginManager: Mounting plugin LinuxDeviceProfileSelector
LogPluginManager: Mounting plugin LocationServicesBPLibrary
LogPluginManager: Mounting plugin MobilePatchingUtils
LogPluginManager: Mounting plugin OculusVR
LogPluginManager: Mounting plugin PhysXVehicles
LogPluginManager: Mounting plugin ProceduralMeshComponent
LogPluginManager: Mounting plugin RuntimePhysXCooking
LogPluginManager: Mounting plugin SteamVR
LogPluginManager: Mounting plugin WebMMoviePlayer
LogPluginManager: Mounting plugin WindowsMoviePlayer
LogStreaming: Display: Took  0.162s to configure plugins.
LogInit: Using libcurl 7.55.1-DEV
LogInit:  - built for x86_64-pc-win32
LogInit:  - supports SSL with OpenSSL/1.0.2h
LogInit:  - supports HTTP deflate (compression) using libz 1.2.8
LogInit:  - other features:
LogInit:      CURL_VERSION_SSL
LogInit:      CURL_VERSION_LIBZ
LogInit:      CURL_VERSION_IPV6
LogInit:      CURL_VERSION_ASYNCHDNS
LogInit:      CURL_VERSION_LARGEFILE
LogInit:      CURL_VERSION_IDN
LogInit:  CurlRequestOptions (configurable via config and command line):
LogInit:  - bVerifyPeer = true  - Libcurl will verify peer certificate
LogInit:  - bUseHttpProxy = false  - Libcurl will NOT use HTTP proxy
LogInit:  - bDontReuseConnections = false  - Libcurl will reuse connections
LogInit:  - MaxHostConnections = 16  - Libcurl will limit the number of connections to a host
LogInit:  - LocalHostAddr = Default
LogInit:  - BufferSize = 65536
LogInit: WinSock: version 1.1 (2.2), MaxSocks=32767, MaxUdp=65467
LogInit: Build: ++UE4+Release-4.21-CL-4753647
LogInit: Engine Version: 4.21.2-4753647+++UE4+Release-4.21
LogInit: Compatible Engine Version: 4.21.0-4541578+++UE4+Release-4.21
LogInit: Net CL: 4541578
LogInit: OS: Windows 10 (), CPU: Intel(R) Core(TM) i5-7300HQ CPU @ 2.50GHz, GPU: Intel(R) HD Graphics 630
LogInit: Compiled (64-bit): Jan 19 2019 02:07:31
LogInit: Compiled with Visual C++: 19.13.26129.00
LogInit: Build Configuration: Development
LogInit: Branch Name: ++UE4+Release-4.21
LogInit: Command Line: 
LogInit: Base Directory: C:/Program Files/Epic Games/UE_4.21.2/UE_4.21/Engine/Binaries/Win64/
LogInit: Installed Engine Build: 1
LogDevObjectVersion: Number of dev versions registered: 22
LogDevObjectVersion:   Dev-Blueprints (B0D832E4-1F89-4F0D-ACCF-7EB736FD4AA2): 10
LogDevObjectVersion:   Dev-Build (E1C64328-A22C-4D53-A36C-8E866417BD8C): 0
LogDevObjectVersion:   Dev-Core (375EC13C-06E4-48FB-B500-84F0262A717E): 2
LogDevObjectVersion:   Dev-Editor (E4B068ED-F494-42E9-A231-DA0B2E46BB41): 26
LogDevObjectVersion:   Dev-Framework (CFFC743F-43B0-4480-9391-14DF171D2073): 34
LogDevObjectVersion:   Dev-Mobile (B02B49B5-BB20-44E9-A304-32B752E40360): 2
LogDevObjectVersion:   Dev-Networking (A4E4105C-59A1-49B5-A7C5-40C4547EDFEE): 0
LogDevObjectVersion:   Dev-Online (39C831C9-5AE6-47DC-9A44-9C173E1C8E7C): 0
LogDevObjectVersion:   Dev-Physics (78F01B33-EBEA-4F98-B9B4-84EACCB95AA2): 0
LogDevObjectVersion:   Dev-Platform (6631380F-2D4D-43E0-8009-CF276956A95A): 0
LogDevObjectVersion:   Dev-Rendering (12F88B9F-8875-4AFC-A67C-D90C383ABD29): 27
LogDevObjectVersion:   Dev-Sequencer (7B5AE74C-D270-4C10-A958-57980B212A5A): 9
LogDevObjectVersion:   Dev-VR (D7296918-1DD6-4BDD-9DE2-64A83CC13884): 2
LogDevObjectVersion:   Dev-LoadTimes (C2A15278-BFE7-4AFE-6C17-90FF531DF755): 1
LogDevObjectVersion:   Private-Geometry (6EACA3D4-40EC-4CC1-B786-8BED09428FC5): 3
LogDevObjectVersion:   Dev-AnimPhys (29E575DD-E0A3-4627-9D10-D276232CDCEA): 17
LogDevObjectVersion:   Dev-Anim (AF43A65D-7FD3-4947-9873-3E8ED9C1BB05): 2
LogDevObjectVersion:   Dev-ReflectionCapture (6B266CEC-1EC7-4B8F-A30B-E4D90942FC07): 1
LogDevObjectVersion:   Dev-Automation (0DF73D61-A23F-47EA-B727-89E90C41499A): 1
LogDevObjectVersion:   FortniteMain (601D1886-AC64-4F84-AA16-D3DE0DEAC7D6): 17
LogDevObjectVersion:   Dev-Enterprise (9DFFBCD6-494F-0158-E221-12823C92A888): 4
LogDevObjectVersion:   Dev-Niagara (F2AED0AC-9AFE-416F-8664-AA7FFA26D6FC): 1
LogStreaming: Display: Took  0.002s to delete old logs.
LogInit: Presizing for max 8388607 objects, including 0 objects not considered by GC, pre-allocating 0 bytes for permanent pool.
LogInit: Object subsystem initialized
LogConfig: Setting CVar [[con.DebugEarlyDefault:1]]
LogConfig: Setting CVar [[r.setres:1280x720]]
[2019.04.05-14.27.56:395][  0]LogConfig: Setting CVar [[r.VSync:0]]
[2019.04.05-14.27.56:395][  0]LogConfig: Setting CVar [[r.RHICmdBypass:0]]
[2019.04.05-14.27.56:395][  0]LogConfig: Applying CVar settings from Section [/Script/Engine.RendererSettings] File [C:/Users/aero1/Desktop/COMP207/FAZE/Saved/Config/Windows/Engine.ini]
[2019.04.05-14.27.56:395][  0]LogConfig: Setting CVar [[r.GPUCrashDebugging:0]]
[2019.04.05-14.27.56:395][  0]LogConfig: Applying CVar settings from Section [/Script/Engine.RendererOverrideSettings] File [C:/Users/aero1/Desktop/COMP207/FAZE/Saved/Config/Windows/Engine.ini]
[2019.04.05-14.27.56:395][  0]LogConfig: Applying CVar settings from Section [/Script/Engine.StreamingSettings] File [C:/Users/aero1/Desktop/COMP207/FAZE/Saved/Config/Windows/Engine.ini]
[2019.04.05-14.27.56:395][  0]LogConfig: Setting CVar [[s.MinBulkDataSizeForAsyncLoading:131072]]
[2019.04.05-14.27.56:395][  0]LogConfig: Setting CVar [[s.AsyncLoadingThreadEnabled:0]]
[2019.04.05-14.27.56:395][  0]LogConfig: Setting CVar [[s.EventDrivenLoaderEnabled:1]]
[2019.04.05-14.27.56:395][  0]LogConfig: Setting CVar [[s.WarnIfTimeLimitExceeded:0]]
[2019.04.05-14.27.56:395][  0]LogConfig: Setting CVar [[s.TimeLimitExceededMultiplier:1.5]]
[2019.04.05-14.27.56:395][  0]LogConfig: Setting CVar [[s.TimeLimitExceededMinTime:0.005]]
[2019.04.05-14.27.56:395][  0]LogConfig: Setting CVar [[s.UseBackgroundLevelStreaming:1]]
[2019.04.05-14.27.56:395][  0]LogConfig: Setting CVar [[s.PriorityAsyncLoadingExtraTime:15.0]]
[2019.04.05-14.27.56:395][  0]LogConfig: Setting CVar [[s.LevelStreamingActorsUpdateTimeLimit:5.0]]
[2019.04.05-14.27.56:395][  0]LogConfig: Setting CVar [[s.PriorityLevelStreamingActorsUpdateExtraTime:5.0]]
[2019.04.05-14.27.56:395][  0]LogConfig: Setting CVar [[s.LevelStreamingComponentsRegistrationGranularity:10]]
[2019.04.05-14.27.56:395][  0]LogConfig: Setting CVar [[s.UnregisterComponentsTimeLimit:1.0]]
[2019.04.05-14.27.56:395][  0]LogConfig: Setting CVar [[s.LevelStreamingComponentsUnregistrationGranularity:5]]
[2019.04.05-14.27.56:395][  0]LogConfig: Applying CVar settings from Section [/Script/Engine.GarbageCollectionSettings] File [C:/Users/aero1/Desktop/COMP207/FAZE/Saved/Config/Windows/Engine.ini]
[2019.04.05-14.27.56:395][  0]LogConfig: Setting CVar [[gc.MaxObjectsNotConsideredByGC:1]]
[2019.04.05-14.27.56:395][  0]LogConfig: Setting CVar [[gc.SizeOfPermanentObjectPool:0]]
[2019.04.05-14.27.56:395][  0]LogConfig: Setting CVar [[gc.FlushStreamingOnGC:0]]
[2019.04.05-14.27.56:395][  0]LogConfig: Setting CVar [[gc.NumRetriesBeforeForcingGC:10]]
[2019.04.05-14.27.56:395][  0]LogConfig: Setting CVar [[gc.AllowParallelGC:1]]
[2019.04.05-14.27.56:395][  0]LogConfig: Setting CVar [[gc.TimeBetweenPurgingPendingKillObjects:61.1]]
[2019.04.05-14.27.56:395][  0]LogConfig: Setting CVar [[gc.MaxObjectsInEditor:8388607]]
[2019.04.05-14.27.56:395][  0]LogConfig: Setting CVar [[gc.IncrementalBeginDestroyEnabled:1]]
[2019.04.05-14.27.56:395][  0]LogConfig: Setting CVar [[gc.CreateGCClusters:1]]
[2019.04.05-14.27.56:395][  0]LogConfig: Setting CVar [[gc.MergeGCClusters:0]]
[2019.04.05-14.27.56:395][  0]LogConfig: Setting CVar [[gc.MinGCClusterSize:5]]
[2019.04.05-14.27.56:395][  0]LogConfig: Setting CVar [[gc.ActorClusteringEnabled:0]]
[2019.04.05-14.27.56:395][  0]LogConfig: Setting CVar [[gc.BlueprintClusteringEnabled:0]]
[2019.04.05-14.27.56:395][  0]LogConfig: Setting CVar [[gc.UseDisregardForGCOnDedicatedServers:0]]
[2019.04.05-14.27.56:395][  0]LogConfig: Applying CVar settings from Section [/Script/Engine.NetworkSettings] File [C:/Users/aero1/Desktop/COMP207/FAZE/Saved/Config/Windows/Engine.ini]
[2019.04.05-14.27.56:395][  0]LogConfig: Applying CVar settings from Section [/Script/UnrealEd.CookerSettings] File [C:/Users/aero1/Desktop/COMP207/FAZE/Saved/Config/Windows/Engine.ini]
[2019.04.05-14.27.56:397][  0]LogConfig: Applying CVar settings from Section [ViewDistanceQuality@3] File [C:/Users/aero1/Desktop/COMP207/FAZE/Saved/Config/Windows/Scalability.ini]
[2019.04.05-14.27.56:397][  0]LogConfig: Setting CVar [[r.SkeletalMeshLODBias:0]]
[2019.04.05-14.27.56:397][  0]LogConfig: Setting CVar [[r.ViewDistanceScale:1.0]]
[2019.04.05-14.27.56:397][  0]LogConfig: Applying CVar settings from Section [AntiAliasingQuality@3] File [C:/Users/aero1/Desktop/COMP207/FAZE/Saved/Config/Windows/Scalability.ini]
[2019.04.05-14.27.56:397][  0]LogConfig: Setting CVar [[r.PostProcessAAQuality:4]]
[2019.04.05-14.27.56:397][  0]LogConfig: Applying CVar settings from Section [ShadowQuality@3] File [C:/Users/aero1/Desktop/COMP207/FAZE/Saved/Config/Windows/Scalability.ini]
[2019.04.05-14.27.56:397][  0]LogConfig: Setting CVar [[r.LightFunctionQuality:1]]
[2019.04.05-14.27.56:397][  0]LogConfig: Setting CVar [[r.ShadowQuality:5]]
[2019.04.05-14.27.56:397][  0]LogConfig: Setting CVar [[r.Shadow.CSM.MaxCascades:10]]
[2019.04.05-14.27.56:397][  0]LogConfig: Setting CVar [[r.Shadow.MaxResolution:2048]]
[2019.04.05-14.27.56:397][  0]LogConfig: Setting CVar [[r.Shadow.MaxCSMResolution:2048]]
[2019.04.05-14.27.56:397][  0]LogConfig: Setting CVar [[r.Shadow.RadiusThreshold:0.01]]
[2019.04.05-14.27.56:397][  0]LogConfig: Setting CVar [[r.Shadow.DistanceScale:1.0]]
[2019.04.05-14.27.56:397][  0]LogConfig: Setting CVar [[r.Shadow.CSM.TransitionScale:1.0]]
[2019.04.05-14.27.56:397][  0]LogConfig: Setting CVar [[r.Shadow.PreShadowResolutionFactor:1.0]]
[2019.04.05-14.27.56:397][  0]LogConfig: Setting CVar [[r.DistanceFieldShadowing:1]]
[2019.04.05-14.27.56:397][  0]LogConfig: Setting CVar [[r.DistanceFieldAO:1]]
[2019.04.05-14.27.56:397][  0]LogConfig: Setting CVar [[r.AOQuality:2]]
[2019.04.05-14.27.56:397][  0]LogConfig: Setting CVar [[r.VolumetricFog:1]]
[2019.04.05-14.27.56:397][  0]LogConfig: Setting CVar [[r.VolumetricFog.GridPixelSize:8]]
[2019.04.05-14.27.56:397][  0]LogConfig: Setting CVar [[r.VolumetricFog.GridSizeZ:128]]
[2019.04.05-14.27.56:397][  0]LogConfig: Setting CVar [[r.VolumetricFog.HistoryMissSupersampleCount:4]]
[2019.04.05-14.27.56:397][  0]LogConfig: Setting CVar [[r.LightMaxDrawDistanceScale:1]]
[2019.04.05-14.27.56:397][  0]LogConfig: Setting CVar [[r.CapsuleShadows:1]]
[2019.04.05-14.27.56:397][  0]LogConfig: Applying CVar settings from Section [PostProcessQuality@3] File [C:/Users/aero1/Desktop/COMP207/FAZE/Saved/Config/Windows/Scalability.ini]
[2019.04.05-14.27.56:397][  0]LogConfig: Setting CVar [[r.MotionBlurQuality:4]]
[2019.04.05-14.27.56:397][  0]LogConfig: Setting CVar [[r.AmbientOcclusionMipLevelFactor:0.4]]
[2019.04.05-14.27.56:397][  0]LogConfig: Setting CVar [[r.AmbientOcclusionMaxQuality:100]]
[2019.04.05-14.27.56:397][  0]LogConfig: Setting CVar [[r.AmbientOcclusionLevels:-1]]
[2019.04.05-14.27.56:397][  0]LogConfig: Setting CVar [[r.AmbientOcclusionRadiusScale:1.0]]
[2019.04.05-14.27.56:397][  0]LogConfig: Setting CVar [[r.DepthOfFieldQuality:2]]
[2019.04.05-14.27.56:397][  0]LogConfig: Setting CVar [[r.RenderTargetPoolMin:400]]
[2019.04.05-14.27.56:397][  0]LogConfig: Setting CVar [[r.LensFlareQuality:2]]
[2019.04.05-14.27.56:397][  0]LogConfig: Setting CVar [[r.SceneColorFringeQuality:1]]
[2019.04.05-14.27.56:397][  0]LogConfig: Setting CVar [[r.EyeAdaptationQuality:2]]
[2019.04.05-14.27.56:397][  0]LogConfig: Setting CVar [[r.BloomQuality:5]]
[2019.04.05-14.27.56:397][  0]LogConfig: Setting CVar [[r.FastBlurThreshold:100]]
[2019.04.05-14.27.56:397][  0]LogConfig: Setting CVar [[r.Upscale.Quality:3]]
[2019.04.05-14.27.56:397][  0]LogConfig: Setting CVar [[r.Tonemapper.GrainQuantization:1]]
[2019.04.05-14.27.56:397][  0]LogConfig: Setting CVar [[r.LightShaftQuality:1]]
[2019.04.05-14.27.56:398][  0]LogConfig: Setting CVar [[r.Filter.SizeScale:1]]
[2019.04.05-14.27.56:398][  0]LogConfig: Setting CVar [[r.Tonemapper.Quality:5]]
[2019.04.05-14.27.56:398][  0]LogConfig: Setting CVar [[r.DOF.Gather.AccumulatorQuality:1        ; higher gathering accumulator quality]]
[2019.04.05-14.27.56:398][  0]LogConfig: Setting CVar [[r.DOF.Gather.PostfilterMethod:1          ; Median3x3 postfilering method]]
[2019.04.05-14.27.56:398][  0]LogConfig: Setting CVar [[r.DOF.Gather.EnableBokehSettings:0       ; no bokeh simulation when gathering]]
[2019.04.05-14.27.56:398][  0]LogConfig: Setting CVar [[r.DOF.Gather.RingCount:4                 ; medium number of samples when gathering]]
[2019.04.05-14.27.56:398][  0]LogConfig: Setting CVar [[r.DOF.Scatter.ForegroundCompositing:1    ; additive foreground scattering]]
[2019.04.05-14.27.56:398][  0]LogConfig: Setting CVar [[r.DOF.Scatter.BackgroundCompositing:2    ; additive background scattering]]
[2019.04.05-14.27.56:398][  0]LogConfig: Setting CVar [[r.DOF.Scatter.EnableBokehSettings:1      ; bokeh simulation when scattering]]
[2019.04.05-14.27.56:398][  0]LogConfig: Setting CVar [[r.DOF.Scatter.MaxSpriteRatio:0.1         ; only a maximum of 10% of scattered bokeh]]
[2019.04.05-14.27.56:398][  0]LogConfig: Setting CVar [[r.DOF.Recombine.Quality:1                ; cheap slight out of focus]]
[2019.04.05-14.27.56:398][  0]LogConfig: Setting CVar [[r.DOF.Recombine.EnableBokehSettings:0    ; no bokeh simulation on slight out of focus]]
[2019.04.05-14.27.56:398][  0]LogConfig: Setting CVar [[r.DOF.TemporalAAQuality:1                ; more stable temporal accumulation]]
[2019.04.05-14.27.56:398][  0]LogConfig: Setting CVar [[r.DOF.Kernel.MaxForegroundRadius:0.025]]
[2019.04.05-14.27.56:398][  0]LogConfig: Setting CVar [[r.DOF.Kernel.MaxBackgroundRadius:0.025]]
[2019.04.05-14.27.56:398][  0]LogConfig: Applying CVar settings from Section [TextureQuality@3] File [C:/Users/aero1/Desktop/COMP207/FAZE/Saved/Config/Windows/Scalability.ini]
[2019.04.05-14.27.56:398][  0]LogConfig: Setting CVar [[r.Streaming.MipBias:0]]
[2019.04.05-14.27.56:398][  0]LogConfig: Setting CVar [[r.Streaming.AmortizeCPUToGPUCopy:0]]
[2019.04.05-14.27.56:398][  0]LogConfig: Setting CVar [[r.Streaming.MaxNumTexturesToStreamPerFrame:0]]
[2019.04.05-14.27.56:398][  0]LogConfig: Setting CVar [[r.Streaming.Boost:1]]
[2019.04.05-14.27.56:398][  0]LogConfig: Setting CVar [[r.MaxAnisotropy:8]]
[2019.04.05-14.27.56:398][  0]LogConfig: Setting CVar [[r.Streaming.LimitPoolSizeToVRAM:0]]
[2019.04.05-14.27.56:398][  0]LogConfig: Setting CVar [[r.Streaming.PoolSize:1000]]
[2019.04.05-14.27.56:398][  0]LogConfig: Setting CVar [[r.Streaming.MaxEffectiveScreenSize:0]]
[2019.04.05-14.27.56:398][  0]LogConfig: Applying CVar settings from Section [EffectsQuality@3] File [C:/Users/aero1/Desktop/COMP207/FAZE/Saved/Config/Windows/Scalability.ini]
[2019.04.05-14.27.56:398][  0]LogConfig: Setting CVar [[r.TranslucencyLightingVolumeDim:64]]
[2019.04.05-14.27.56:398][  0]LogConfig: Setting CVar [[r.RefractionQuality:2]]
[2019.04.05-14.27.56:398][  0]LogConfig: Setting CVar [[r.SSR.Quality:3]]
[2019.04.05-14.27.56:398][  0]LogConfig: Setting CVar [[r.SceneColorFormat:4]]
[2019.04.05-14.27.56:398][  0]LogConfig: Setting CVar [[r.DetailMode:2]]
[2019.04.05-14.27.56:398][  0]LogConfig: Setting CVar [[r.TranslucencyVolumeBlur:1]]
[2019.04.05-14.27.56:398][  0]LogConfig: Setting CVar [[r.MaterialQualityLevel:1 ; High quality]]
[2019.04.05-14.27.56:398][  0]LogConfig: Setting CVar [[r.SSS.Scale:1]]
[2019.04.05-14.27.56:398][  0]LogConfig: Setting CVar [[r.SSS.SampleSet:2]]
[2019.04.05-14.27.56:398][  0]LogConfig: Setting CVar [[r.SSS.Quality:1]]
[2019.04.05-14.27.56:398][  0]LogConfig: Setting CVar [[r.SSS.HalfRes:1]]
[2019.04.05-14.27.56:398][  0]LogConfig: Setting CVar [[r.EmitterSpawnRateScale:1.0]]
[2019.04.05-14.27.56:398][  0]LogConfig: Setting CVar [[r.ParticleLightQuality:2]]
[2019.04.05-14.27.56:398][  0]LogConfig: Applying CVar settings from Section [FoliageQuality@3] File [C:/Users/aero1/Desktop/COMP207/FAZE/Saved/Config/Windows/Scalability.ini]
[2019.04.05-14.27.56:398][  0]LogConfig: Setting CVar [[foliage.DensityScale:1.0]]
[2019.04.05-14.27.56:398][  0]LogConfig: Setting CVar [[grass.DensityScale:1.0]]
[2019.04.05-14.27.56:398][  0]LogInit: Selected Device Profile: [Windows]
[2019.04.05-14.27.56:398][  0]LogInit: Applying CVar settings loaded from the selected device profile: [Windows]
[2019.04.05-14.27.56:437][  0]LogHAL: Display: Platform has ~ 8 GB [8459030528 / 8589934592 / 8], which maps to Default [LargestMinGB=32, LargerMinGB=12, DefaultMinGB=8, SmallerMinGB=6, SmallestMinGB=0)
[2019.04.05-14.27.56:437][  0]LogConfig: Setting CVar [[r.Vulkan.UseRealUBs:1]]
[2019.04.05-14.27.56:437][  0]LogInit: Going up to parent DeviceProfile []
[2019.04.05-14.27.56:437][  0]LogConfig: Applying CVar settings from Section [ViewDistanceQuality@3] File [C:/Users/aero1/Desktop/COMP207/FAZE/Saved/Config/Windows/Scalability.ini]
[2019.04.05-14.27.56:437][  0]LogConfig: Setting CVar [[r.SkeletalMeshLODBias:0]]
[2019.04.05-14.27.56:437][  0]LogConfig: Setting CVar [[r.ViewDistanceScale:1.0]]
[2019.04.05-14.27.56:437][  0]LogConfig: Applying CVar settings from Section [AntiAliasingQuality@3] File [C:/Users/aero1/Desktop/COMP207/FAZE/Saved/Config/Windows/Scalability.ini]
[2019.04.05-14.27.56:437][  0]LogConfig: Setting CVar [[r.PostProcessAAQuality:4]]
[2019.04.05-14.27.56:437][  0]LogConfig: Applying CVar settings from Section [ShadowQuality@3] File [C:/Users/aero1/Desktop/COMP207/FAZE/Saved/Config/Windows/Scalability.ini]
[2019.04.05-14.27.56:437][  0]LogConfig: Setting CVar [[r.LightFunctionQuality:1]]
[2019.04.05-14.27.56:437][  0]LogConfig: Setting CVar [[r.ShadowQuality:5]]
[2019.04.05-14.27.56:437][  0]LogConfig: Setting CVar [[r.Shadow.CSM.MaxCascades:10]]
[2019.04.05-14.27.56:437][  0]LogConfig: Setting CVar [[r.Shadow.MaxResolution:2048]]
[2019.04.05-14.27.56:437][  0]LogConfig: Setting CVar [[r.Shadow.MaxCSMResolution:2048]]
[2019.04.05-14.27.56:437][  0]LogConfig: Setting CVar [[r.Shadow.RadiusThreshold:0.01]]
[2019.04.05-14.27.56:437][  0]LogConfig: Setting CVar [[r.Shadow.DistanceScale:1.0]]
[2019.04.05-14.27.56:437][  0]LogConfig: Setting CVar [[r.Shadow.CSM.TransitionScale:1.0]]
[2019.04.05-14.27.56:437][  0]LogConfig: Setting CVar [[r.Shadow.PreShadowResolutionFactor:1.0]]
[2019.04.05-14.27.56:437][  0]LogConfig: Setting CVar [[r.DistanceFieldShadowing:1]]
[2019.04.05-14.27.56:437][  0]LogConfig: Setting CVar [[r.DistanceFieldAO:1]]
[2019.04.05-14.27.56:437][  0]LogConfig: Setting CVar [[r.AOQuality:2]]
[2019.04.05-14.27.56:437][  0]LogConfig: Setting CVar [[r.VolumetricFog:1]]
[2019.04.05-14.27.56:437][  0]LogConfig: Setting CVar [[r.VolumetricFog.GridPixelSize:8]]
[2019.04.05-14.27.56:437][  0]LogConfig: Setting CVar [[r.VolumetricFog.GridSizeZ:128]]
[2019.04.05-14.27.56:437][  0]LogConfig: Setting CVar [[r.VolumetricFog.HistoryMissSupersampleCount:4]]
[2019.04.05-14.27.56:437][  0]LogConfig: Setting CVar [[r.LightMaxDrawDistanceScale:1]]
[2019.04.05-14.27.56:437][  0]LogConfig: Setting CVar [[r.CapsuleShadows:1]]
[2019.04.05-14.27.56:437][  0]LogConfig: Applying CVar settings from Section [PostProcessQuality@3] File [C:/Users/aero1/Desktop/COMP207/FAZE/Saved/Config/Windows/Scalability.ini]
[2019.04.05-14.27.56:437][  0]LogConfig: Setting CVar [[r.MotionBlurQuality:4]]
[2019.04.05-14.27.56:437][  0]LogConfig: Setting CVar [[r.AmbientOcclusionMipLevelFactor:0.4]]
[2019.04.05-14.27.56:437][  0]LogConfig: Setting CVar [[r.AmbientOcclusionMaxQuality:100]]
[2019.04.05-14.27.56:437][  0]LogConfig: Setting CVar [[r.AmbientOcclusionLevels:-1]]
[2019.04.05-14.27.56:437][  0]LogConfig: Setting CVar [[r.AmbientOcclusionRadiusScale:1.0]]
[2019.04.05-14.27.56:437][  0]LogConfig: Setting CVar [[r.DepthOfFieldQuality:2]]
[2019.04.05-14.27.56:437][  0]LogConfig: Setting CVar [[r.RenderTargetPoolMin:400]]
[2019.04.05-14.27.56:437][  0]LogConfig: Setting CVar [[r.LensFlareQuality:2]]
[2019.04.05-14.27.56:437][  0]LogConfig: Setting CVar [[r.SceneColorFringeQuality:1]]
[2019.04.05-14.27.56:437][  0]LogConfig: Setting CVar [[r.EyeAdaptationQuality:2]]
[2019.04.05-14.27.56:437][  0]LogConfig: Setting CVar [[r.BloomQuality:5]]
[2019.04.05-14.27.56:437][  0]LogConfig: Setting CVar [[r.FastBlurThreshold:100]]
[2019.04.05-14.27.56:437][  0]LogConfig: Setting CVar [[r.Upscale.Quality:3]]
[2019.04.05-14.27.56:437][  0]LogConfig: Setting CVar [[r.Tonemapper.GrainQuantization:1]]
[2019.04.05-14.27.56:437][  0]LogConfig: Setting CVar [[r.LightShaftQuality:1]]
[2019.04.05-14.27.56:437][  0]LogConfig: Setting CVar [[r.Filter.SizeScale:1]]
[2019.04.05-14.27.56:437][  0]LogConfig: Setting CVar [[r.Tonemapper.Quality:5]]
[2019.04.05-14.27.56:437][  0]LogConfig: Setting CVar [[r.DOF.Gather.AccumulatorQuality:1        ; higher gathering accumulator quality]]
[2019.04.05-14.27.56:437][  0]LogConfig: Setting CVar [[r.DOF.Gather.PostfilterMethod:1          ; Median3x3 postfilering method]]
[2019.04.05-14.27.56:437][  0]LogConfig: Setting CVar [[r.DOF.Gather.EnableBokehSettings:0       ; no bokeh simulation when gathering]]
[2019.04.05-14.27.56:437][  0]LogConfig: Setting CVar [[r.DOF.Gather.RingCount:4                 ; medium number of samples when gathering]]
[2019.04.05-14.27.56:437][  0]LogConfig: Setting CVar [[r.DOF.Scatter.ForegroundCompositing:1    ; additive foreground scattering]]
[2019.04.05-14.27.56:437][  0]LogConfig: Setting CVar [[r.DOF.Scatter.BackgroundCompositing:2    ; additive background scattering]]
[2019.04.05-14.27.56:437][  0]LogConfig: Setting CVar [[r.DOF.Scatter.EnableBokehSettings:1      ; bokeh simulation when scattering]]
[2019.04.05-14.27.56:437][  0]LogConfig: Setting CVar [[r.DOF.Scatter.MaxSpriteRatio:0.1         ; only a maximum of 10% of scattered bokeh]]
[2019.04.05-14.27.56:437][  0]LogConfig: Setting CVar [[r.DOF.Recombine.Quality:1                ; cheap slight out of focus]]
[2019.04.05-14.27.56:437][  0]LogConfig: Setting CVar [[r.DOF.Recombine.EnableBokehSettings:0    ; no bokeh simulation on slight out of focus]]
[2019.04.05-14.27.56:437][  0]LogConfig: Setting CVar [[r.DOF.TemporalAAQuality:1                ; more stable temporal accumulation]]
[2019.04.05-14.27.56:437][  0]LogConfig: Setting CVar [[r.DOF.Kernel.MaxForegroundRadius:0.025]]
[2019.04.05-14.27.56:437][  0]LogConfig: Setting CVar [[r.DOF.Kernel.MaxBackgroundRadius:0.025]]
[2019.04.05-14.27.56:437][  0]LogConfig: Applying CVar settings from Section [TextureQuality@3] File [C:/Users/aero1/Desktop/COMP207/FAZE/Saved/Config/Windows/Scalability.ini]
[2019.04.05-14.27.56:437][  0]LogConfig: Setting CVar [[r.Streaming.MipBias:0]]
[2019.04.05-14.27.56:437][  0]LogConfig: Setting CVar [[r.Streaming.AmortizeCPUToGPUCopy:0]]
[2019.04.05-14.27.56:437][  0]LogConfig: Setting CVar [[r.Streaming.MaxNumTexturesToStreamPerFrame:0]]
[2019.04.05-14.27.56:437][  0]LogConfig: Setting CVar [[r.Streaming.Boost:1]]
[2019.04.05-14.27.56:437][  0]LogConfig: Setting CVar [[r.MaxAnisotropy:8]]
[2019.04.05-14.27.56:437][  0]LogConfig: Setting CVar [[r.Streaming.LimitPoolSizeToVRAM:0]]
[2019.04.05-14.27.56:437][  0]LogConfig: Setting CVar [[r.Streaming.PoolSize:1000]]
[2019.04.05-14.27.56:437][  0]LogConfig: Setting CVar [[r.Streaming.MaxEffectiveScreenSize:0]]
[2019.04.05-14.27.56:437][  0]LogConfig: Applying CVar settings from Section [EffectsQuality@3] File [C:/Users/aero1/Desktop/COMP207/FAZE/Saved/Config/Windows/Scalability.ini]
[2019.04.05-14.27.56:437][  0]LogConfig: Setting CVar [[r.TranslucencyLightingVolumeDim:64]]
[2019.04.05-14.27.56:438][  0]LogConfig: Setting CVar [[r.RefractionQuality:2]]
[2019.04.05-14.27.56:438][  0]LogConfig: Setting CVar [[r.SSR.Quality:3]]
[2019.04.05-14.27.56:438][  0]LogConfig: Setting CVar [[r.SceneColorFormat:4]]
[2019.04.05-14.27.56:438][  0]LogConfig: Setting CVar [[r.DetailMode:2]]
[2019.04.05-14.27.56:438][  0]LogConfig: Setting CVar [[r.TranslucencyVolumeBlur:1]]
[2019.04.05-14.27.56:438][  0]LogConfig: Setting CVar [[r.MaterialQualityLevel:1 ; High quality]]
[2019.04.05-14.27.56:438][  0]LogConfig: Setting CVar [[r.SSS.Scale:1]]
[2019.04.05-14.27.56:438][  0]LogConfig: Setting CVar [[r.SSS.SampleSet:2]]
[2019.04.05-14.27.56:438][  0]LogConfig: Setting CVar [[r.SSS.Quality:1]]
[2019.04.05-14.27.56:438][  0]LogConfig: Setting CVar [[r.SSS.HalfRes:1]]
[2019.04.05-14.27.56:438][  0]LogConfig: Setting CVar [[r.EmitterSpawnRateScale:1.0]]
[2019.04.05-14.27.56:438][  0]LogConfig: Setting CVar [[r.ParticleLightQuality:2]]
[2019.04.05-14.27.56:438][  0]LogConfig: Applying CVar settings from Section [FoliageQuality@3] File [C:/Users/aero1/Desktop/COMP207/FAZE/Saved/Config/Windows/Scalability.ini]
[2019.04.05-14.27.56:438][  0]LogConfig: Setting CVar [[foliage.DensityScale:1.0]]
[2019.04.05-14.27.56:438][  0]LogConfig: Setting CVar [[grass.DensityScale:1.0]]
[2019.04.05-14.27.56:438][  0]LogConfig: Applying CVar settings from Section [Startup] File [../../../Engine/Config/ConsoleVariables.ini]
[2019.04.05-14.27.56:438][  0]LogConfig: Setting CVar [[net.UseAdaptiveNetUpdateFrequency:0]]
[2019.04.05-14.27.56:438][  0]LogConfig: Applying CVar settings from Section [ConsoleVariables] File [C:/Users/aero1/Desktop/COMP207/FAZE/Saved/Config/Windows/Engine.ini]
[2019.04.05-14.27.56:438][  0]LogInit: Computer: LAPTOP-ECVDO3FE
[2019.04.05-14.27.56:438][  0]LogInit: User: aero1
[2019.04.05-14.27.56:438][  0]LogInit: CPU Page size=4096, Cores=4
[2019.04.05-14.27.56:438][  0]LogInit: High frequency timer resolution =2.437502 MHz
[2019.04.05-14.27.56:438][  0]LogMemory: Memory total: Physical=7.9GB (8GB approx)
[2019.04.05-14.27.56:438][  0]LogMemory: Platform Memory Stats for Windows
[2019.04.05-14.27.56:438][  0]LogMemory: Process Physical Memory: 102.45 MB used, 102.45 MB peak
[2019.04.05-14.27.56:438][  0]LogMemory: Process Virtual Memory: 84.71 MB used, 84.71 MB peak
[2019.04.05-14.27.56:438][  0]LogMemory: Physical Memory: 3304.02 MB used,  4763.14 MB free, 8067.16 MB total
[2019.04.05-14.27.56:438][  0]LogMemory: Virtual Memory: 4633.97 MB used,  134213096.00 MB free, 134217728.00 MB total
[2019.04.05-14.27.57:263][  0]LogInit: Using OS detected language (en-US).
[2019.04.05-14.27.57:263][  0]LogInit: Using OS detected locale (en-US).
[2019.04.05-14.27.57:264][  0]LogTextLocalizationManager: No specific localization for 'en-US' exists, so the 'en' localization will be used.
[2019.04.05-14.27.58:326][  0]LogStreaming: Display: Took  1.062s to InitEngineTextLocalization.
[2019.04.05-14.27.58:326][  0]LogInit: Setting process to per monitor DPI aware
[2019.04.05-14.27.58:385][  0]LogSlate: New Slate User Created.  User Index 0, Is Virtual User: 0
[2019.04.05-14.27.58:385][  0]LogSlate: Slate User Registered.  User Index 0, Is Virtual User: 0
[2019.04.05-14.28.03:928][  0]LogHMD: Failed to initialize OpenVR with code 110
[2019.04.05-14.28.03:928][  0]LogD3D11RHI: D3D11 adapters:
[2019.04.05-14.28.04:018][  0]LogD3D11RHI:    0. 'NVIDIA GeForce GTX 1050 Ti' (Feature Level 11_0)
[2019.04.05-14.28.04:018][  0]LogD3D11RHI:       4021/0/4033 MB DedicatedVideo/DedicatedSystem/SharedSystem, Outputs:1, VendorId:0x10de
[2019.04.05-14.28.04:029][  0]LogD3D11RHI:    1. 'Intel(R) HD Graphics 630' (Feature Level 11_0)
[2019.04.05-14.28.04:029][  0]LogD3D11RHI:       128/0/4033 MB DedicatedVideo/DedicatedSystem/SharedSystem, Outputs:0, VendorId:0x8086
[2019.04.05-14.28.04:031][  0]LogD3D11RHI:    2. 'Microsoft Basic Render Driver' (Feature Level 11_0)
[2019.04.05-14.28.04:031][  0]LogD3D11RHI:       0/0/4033 MB DedicatedVideo/DedicatedSystem/SharedSystem, Outputs:0, VendorId:0x1414
[2019.04.05-14.28.04:031][  0]LogD3D11RHI: Chosen D3D11 Adapter: 0
[2019.04.05-14.28.04:048][  0]LogD3D11RHI: Creating new Direct3DDevice
[2019.04.05-14.28.04:048][  0]LogD3D11RHI:     GPU DeviceId: 0x1c8c (for the marketing name, search the web for "GPU Device Id")
[2019.04.05-14.28.04:048][  0]LogWindows: EnumDisplayDevices:
[2019.04.05-14.28.04:048][  0]LogWindows:    0. 'Intel(R) HD Graphics 630' (P:1 D:1)
[2019.04.05-14.28.04:049][  0]LogWindows:    1. 'Intel(R) HD Graphics 630' (P:0 D:0)
[2019.04.05-14.28.04:049][  0]LogWindows:    2. 'Intel(R) HD Graphics 630' (P:0 D:0)
[2019.04.05-14.28.04:049][  0]LogWindows: DebugString: PrimaryIsNotTheChoosenAdapter PrimaryIsNotTheChoosenAdapter PrimaryIsNotTheChoosenAdapter FoundDriverCount:0 
[2019.04.05-14.28.04:049][  0]LogD3D11RHI:     Adapter Name: NVIDIA GeForce GTX 1050 Ti
[2019.04.05-14.28.04:049][  0]LogD3D11RHI:   Driver Version: Unknown (internal:Unknown, unified:Unknown)
[2019.04.05-14.28.04:049][  0]LogD3D11RHI:      Driver Date: Unknown
[2019.04.05-14.28.04:049][  0]LogRHI: Texture pool is 2814 MB (70% of 4021 MB)
[2019.04.05-14.28.04:081][  0]LogD3D11RHI: Async texture creation enabled
[2019.04.05-14.28.04:098][  0]LogD3D11RHI: GPU Timing Frequency: 1000.000000 (Debug: 2 2)
[2019.04.05-14.28.04:529][  0]LogTemp: Display: Loaded TP AllDesktopTargetPlatform
[2019.04.05-14.28.04:543][  0]LogTemp: Display: Loaded TP MacClientTargetPlatform
[2019.04.05-14.28.04:556][  0]LogTemp: Display: Loaded TP MacNoEditorTargetPlatform
[2019.04.05-14.28.04:568][  0]LogTemp: Display: Loaded TP MacServerTargetPlatform
[2019.04.05-14.28.04:655][  0]LogTemp: Display: Loaded TP MacTargetPlatform
[2019.04.05-14.28.04:669][  0]LogTemp: Display: Loaded TP WindowsClientTargetPlatform
[2019.04.05-14.28.04:681][  0]LogTemp: Display: Loaded TP WindowsNoEditorTargetPlatform
[2019.04.05-14.28.04:694][  0]LogTemp: Display: Loaded TP WindowsServerTargetPlatform
[2019.04.05-14.28.04:701][  0]LogTemp: Display: Loaded TP WindowsTargetPlatform
[2019.04.05-14.28.04:844][  0]LogTemp: Display: Loaded TP AndroidTargetPlatform
[2019.04.05-14.28.04:844][  0]LogTemp: Display: Loaded TP AndroidTargetPlatform
[2019.04.05-14.28.04:844][  0]LogTemp: Display: Loaded TP AndroidTargetPlatform
[2019.04.05-14.28.04:844][  0]LogTemp: Display: Loaded TP AndroidTargetPlatform
[2019.04.05-14.28.04:844][  0]LogTemp: Display: Loaded TP AndroidTargetPlatform
[2019.04.05-14.28.04:844][  0]LogTemp: Display: Loaded TP AndroidTargetPlatform
[2019.04.05-14.28.04:844][  0]LogTemp: Display: Loaded TP AndroidTargetPlatform
[2019.04.05-14.28.04:844][  0]LogTemp: Display: Loaded TP AndroidTargetPlatform
[2019.04.05-14.28.04:844][  0]LogTemp: Display: Loaded TP AndroidTargetPlatform
[2019.04.05-14.28.04:844][  0]LogTemp: Display: Loaded TP AndroidTargetPlatform
[2019.04.05-14.28.04:844][  0]LogTemp: Display: Loaded TP AndroidTargetPlatform
[2019.04.05-14.28.04:844][  0]LogTemp: Display: Loaded TP AndroidTargetPlatform
[2019.04.05-14.28.04:844][  0]LogTemp: Display: Loaded TP AndroidTargetPlatform
[2019.04.05-14.28.04:844][  0]LogTemp: Display: Loaded TP AndroidTargetPlatform
[2019.04.05-14.28.04:844][  0]LogTemp: Display: Loaded TP AndroidTargetPlatform
[2019.04.05-14.28.04:844][  0]LogTemp: Display: Loaded TP AndroidTargetPlatform
[2019.04.05-14.28.04:844][  0]LogTemp: Display: Loaded TP AndroidTargetPlatform
[2019.04.05-14.28.04:844][  0]LogTemp: Display: Loaded TP AndroidTargetPlatform
[2019.04.05-14.28.04:845][  0]LogTemp: Display: Loaded TP HTML5TargetPlatform
[2019.04.05-14.28.05:032][  0]LogTemp: Display: Loaded TP IOSTargetPlatform
[2019.04.05-14.28.05:032][  0]LogTemp: Display: Loaded TP IOSTargetPlatform
[2019.04.05-14.28.05:054][  0]LogTemp: Display: Loaded TP TVOSTargetPlatform
[2019.04.05-14.28.05:054][  0]LogTemp: Display: Loaded TP TVOSTargetPlatform
[2019.04.05-14.28.05:065][  0]LogTemp: Display: Loaded TP LinuxClientTargetPlatform
[2019.04.05-14.28.05:076][  0]LogTemp: Display: Loaded TP LinuxNoEditorTargetPlatform
[2019.04.05-14.28.05:088][  0]LogTemp: Display: Loaded TP LinuxServerTargetPlatform
[2019.04.05-14.28.05:129][  0]LogTemp: Display: Loaded TP LinuxTargetPlatform
[2019.04.05-14.28.05:172][  0]LogTemp: Display: Loaded TP LuminTargetPlatform
[2019.04.05-14.28.05:172][  0]LogTemp: Display: Loaded TP LuminTargetPlatform
[2019.04.05-14.28.05:172][  0]LogTargetPlatformManager: Display: Building Assets For Windows
[2019.04.05-14.28.05:248][  0]LogShaderCompilers: Guid format shader working directory is -8 characters bigger than the processId version (../../../../../../../Users/aero1/Desktop/COMP207/FAZE/Intermediate/Shaders/WorkingDirectory/13676/).
[2019.04.05-14.28.05:249][  0]LogShaderCompilers: Cleaned the shader compiler working directory 'C:/Users/aero1/AppData/Local/Temp/UnrealShaderWorkingDir/FD183D6A48A7321E7DE8F9A1A8D35CD2/'.
[2019.04.05-14.28.05:251][  0]LogXGEController: Cleaning working directory: C:/Users/aero1/AppData/Local/Temp/UnrealXGEWorkingDir/
[2019.04.05-14.28.05:251][  0]LogXGEController: Cannot use XGE Controller as Incredibuild is not installed on this machine.
[2019.04.05-14.28.05:251][  0]LogShaderCompilers: Cannot use XGE Shader Compiler as Incredibuild is not installed on this machine.
[2019.04.05-14.28.05:251][  0]LogShaderCompilers: Display: Using Local Shader Compiler.
[2019.04.05-14.28.07:160][  0]LogDerivedDataCache: Display: Max Cache Size: 512 MB
[2019.04.05-14.28.07:225][  0]LogDerivedDataCache: Loaded boot cache 0.06s 71MB C:/Users/aero1/AppData/Local/UnrealEngine/4.21/DerivedDataCache/Boot.ddc.
[2019.04.05-14.28.07:225][  0]LogDerivedDataCache: Display: Loaded Boot cache: C:/Users/aero1/AppData/Local/UnrealEngine/4.21/DerivedDataCache/Boot.ddc
[2019.04.05-14.28.07:225][  0]LogDerivedDataCache: FDerivedDataBackendGraph:  Pak pak cache file ../../../../../../../Users/aero1/Desktop/COMP207/FAZE/DerivedDataCache/DDC.ddp not found, will not use a pak cache.
[2019.04.05-14.28.07:225][  0]LogDerivedDataCache: Unable to find inner node Pak for hierarchical cache Hierarchy.
[2019.04.05-14.28.07:225][  0]LogDerivedDataCache: FDerivedDataBackendGraph:  CompressedPak pak cache file ../../../../../../../Users/aero1/Desktop/COMP207/FAZE/DerivedDataCache/Compressed.ddp not found, will not use a pak cache.
[2019.04.05-14.28.07:225][  0]LogDerivedDataCache: Unable to find inner node CompressedPak for hierarchical cache Hierarchy.
[2019.04.05-14.28.07:535][  0]LogDerivedDataCache: Display: Pak cache opened for reading ../../../Engine/DerivedDataCache/Compressed.ddp.
[2019.04.05-14.28.07:535][  0]LogDerivedDataCache: FDerivedDataBackendGraph:  EnterprisePak pak cache file ../../../Enterprise/DerivedDataCache/Compressed.ddp not found, will not use a pak cache.
[2019.04.05-14.28.07:535][  0]LogDerivedDataCache: Unable to find inner node EnterprisePak for hierarchical cache Hierarchy.
[2019.04.05-14.28.07:547][  0]LogDerivedDataCache: Using Local data cache path C:/Users/aero1/AppData/Local/UnrealEngine/Common/DerivedDataCache: Writable
[2019.04.05-14.28.07:547][  0]LogDerivedDataCache: Shared data cache path not found in *engine.ini, will not use an Shared cache.
[2019.04.05-14.28.07:547][  0]LogDerivedDataCache: Unable to find inner node Shared for hierarchical cache Hierarchy.
[2019.04.05-14.28.07:571][  0]LogMaterial: Verifying Global Shaders for PCD3D_SM5
[2019.04.05-14.28.07:573][  0]LogSlate: Using FreeType 2.6.0
[2019.04.05-14.28.07:585][  0]LogSlate: SlateFontServices - WITH_FREETYPE: 1, WITH_HARFBUZZ: 1
[2019.04.05-14.28.08:961][  0]LogAssetRegistry: FAssetRegistry took 0.0325 seconds to start up
[2019.04.05-14.28.09:278][  0]LogInit: Selected Device Profile: [Windows]
[2019.04.05-14.28.09:529][  0]LogSimplygon: Simplygon DLL not present - disabling.
[2019.04.05-14.28.09:533][  0]LogMeshReduction: Using SimplygonSwarm for distributed automatic mesh merging
[2019.04.05-14.28.09:533][  0]LogMeshReduction: Using ProxyLODMeshReduction for automatic mesh merging
[2019.04.05-14.28.09:533][  0]LogMeshReduction: Using QuadricMeshReduction for automatic static mesh reduction
[2019.04.05-14.28.09:533][  0]LogMeshReduction: No automatic skeletal mesh reduction module available
[2019.04.05-14.28.09:565][  0]LogNetVersion: FAZE 1.0.0, NetCL: 4541578, EngineNetVer: 5, GameNetVer: 0 (Checksum: 2508019810)
[2019.04.05-14.28.10:748][  0]LogPackageLocalizationCache: Processed 11 localized package path(s) for 2 prioritized culture(s) in 0.108754 seconds
[2019.04.05-14.28.10:755][  0]LogUObjectArray: 39775 objects as part of root set at end of initial load.
[2019.04.05-14.28.10:755][  0]LogUObjectAllocator: 6914664 out of 0 bytes used by permanent object pool.
[2019.04.05-14.28.10:755][  0]LogUObjectArray: CloseDisregardForGC: 0/0 objects in disregard for GC pool
[2019.04.05-14.28.31:918][  0]LogTcpMessaging: Initializing TcpMessaging bridge
[2019.04.05-14.28.31:932][  0]LogUdpMessaging: Initializing bridge on interface 0.0.0.0:0 to multicast group 230.0.0.1:6666.
[2019.04.05-14.28.33:990][  0]SourceControl: Source control is disabled
[2019.04.05-14.28.33:990][  0]SourceControl: Source control is disabled
[2019.04.05-14.28.33:991][  0]SourceControl: Source control is disabled
[2019.04.05-14.28.33:992][  0]SourceControl: Source control is disabled
[2019.04.05-14.28.34:187][  0]LogAndroidPermission: UAndroidPermissionCallbackProxy::GetInstance
[2019.04.05-14.28.34:233][  0]LogOcInput: OculusInput pre-init called
[2019.04.05-14.28.34:410][  0]LogEngine: Initializing Engine...
[2019.04.05-14.28.34:411][  0]LogHMD: Failed to initialize OpenVR with code 110
[2019.04.05-14.28.34:412][  0]LogStats: UGameplayTagsManager::ConstructGameplayTagTree: ImportINI prefixes -  0.000 s
[2019.04.05-14.28.34:412][  0]LogStats: UGameplayTagsManager::ConstructGameplayTagTree: Construct from data asset -  0.000 s
[2019.04.05-14.28.34:412][  0]LogStats: UGameplayTagsManager::ConstructGameplayTagTree: ImportINI -  0.000 s
[2019.04.05-14.28.34:412][  0]LogStats: UGameplayTagsManager::ConstructGameplayTagTree: GameplayTagTreeChangedEvent.Broadcast -  0.000 s
[2019.04.05-14.28.35:963][  0]LogInit: Initializing FReadOnlyCVARCache
[2019.04.05-14.28.35:978][  0]LogAIModule: Creating AISystem for world Untitled
[2019.04.05-14.28.35:985][  0]LogInit: XAudio2 using 'Speakers (Realtek High Definition Audio)' : 2 channels at 48 kHz using 32 bits per sample (channel mask 0x3)
[2019.04.05-14.28.36:417][  0]LogInit: FAudioDevice initialized.
[2019.04.05-14.28.36:417][  0]LogNetVersion: Set ProjectVersion to 1.0.0.0. Version Checksum will be recalculated on next use.
[2019.04.05-14.28.36:593][  0]LogDerivedDataCache: Saved boot cache 0.18s 71MB C:/Users/aero1/AppData/Local/UnrealEngine/4.21/DerivedDataCache/Boot.ddc.
[2019.04.05-14.28.36:596][  0]LogInit: Texture streaming: Enabled
[2019.04.05-14.28.36:616][  0]LogEngineSessionManager: EngineSessionManager initialized
[2019.04.05-14.28.36:616][  0]LogEngineSessionManager: EngineSessionManager sent abnormal shutdown report. Type=AbnormalShutdown, SessionId={C68C8C0E-464A-F0A3-7263-7B880D63D6A0}
[2019.04.05-14.28.36:628][  0]LogInit: Transaction tracking system initialized
[2019.04.05-14.28.36:653][  0]BlueprintLog: New page: Editor Load
[2019.04.05-14.28.36:753][  0]LocalizationService: Localization service is disabled
[2019.04.05-14.28.37:541][  0]LogFileCache: Scanning file cache for directory 'C:/Users/aero1/Desktop/COMP207/FAZE/Content/' took 0.03s
[2019.04.05-14.28.37:541][  0]LogCook: Display: Max memory allowance for cook 16384mb min free memory 0mb
[2019.04.05-14.28.37:541][  0]LogCook: Display: Mobile HDR setting 1
[2019.04.05-14.28.37:541][  0]LogGameplayTags: Display: UGameplayTagsManager::DoneAddingNativeTags. DelegateIsBound: 0
[2019.04.05-14.28.37:541][  0]LogStats: UGameplayTagsManager::ConstructGameplayTagTree: ImportINI prefixes -  0.000 s
[2019.04.05-14.28.37:541][  0]LogStats: UGameplayTagsManager::ConstructGameplayTagTree: Construct from data asset -  0.000 s
[2019.04.05-14.28.37:541][  0]LogStats: UGameplayTagsManager::ConstructGameplayTagTree: ImportINI -  0.000 s
[2019.04.05-14.28.37:541][  0]LogStats: UGameplayTagsManager::ConstructGameplayTagTree: GameplayTagTreeChangedEvent.Broadcast -  0.000 s
[2019.04.05-14.28.38:373][  0]SourceControl: Source control is disabled
[2019.04.05-14.28.38:373][  0]Cmd: MAP LOAD FILE="../../../../../../../Users/aero1/Desktop/COMP207/FAZE/Content/FirstPersonBP/Maps/FirstPersonExampleMap.umap" TEMPLATE=0 SHOWPROGRESS=1 FEATURELEVEL=3
[2019.04.05-14.28.38:377][  0]LightingResults: New page: Lighting Build
[2019.04.05-14.28.38:380][  0]MapCheck: New page: Map Check
[2019.04.05-14.28.38:380][  0]LightingResults: New page: Lighting Build
[2019.04.05-14.28.39:891][  0]LogAIModule: Creating AISystem for world FirstPersonExampleMap
[2019.04.05-14.28.39:904][  0]LogEditorServer: Finished looking for orphan Actors (0.000 secs)
[2019.04.05-14.28.39:931][  0]Cmd: MAP CHECKDEP NOCLEARLOG
[2019.04.05-14.28.39:931][  0]MapCheck: Map check complete: 0 Error(s), 0 Warning(s), took 0.153ms to complete.
[2019.04.05-14.28.39:931][  0]LogFileHelpers: Loading map 'FirstPersonExampleMap' took 1.558
[2019.04.05-14.28.40:080][  0]LogSlate: Updating window title bar state: overlay mode, drag disabled, window buttons hidden, title bar hidden
[2019.04.05-14.28.40:089][  0]LogSlate: Updating window title bar state: overlay mode, drag disabled, window buttons hidden, title bar hidden
[2019.04.05-14.28.40:097][  0]LogSlate: Updating window title bar state: overlay mode, drag disabled, window buttons hidden, title bar hidden
[2019.04.05-14.28.40:103][  0]LogSlate: Updating window title bar state: overlay mode, drag disabled, window buttons hidden, title bar hidden
[2019.04.05-14.28.40:112][  0]LogCollectionManager: Loaded 0 collections in 0.001754 seconds
[2019.04.05-14.28.40:130][  0]LogFileCache: Scanning file cache for directory 'C:/Users/aero1/Desktop/COMP207/FAZE/Saved/Collections/' took 0.01s
[2019.04.05-14.28.40:130][  0]LogFileCache: Scanning file cache for directory 'C:/Users/aero1/Desktop/COMP207/FAZE/Content/Developers/aero1/Collections/' took 0.00s
[2019.04.05-14.28.40:130][  0]LogFileCache: Scanning file cache for directory 'C:/Users/aero1/Desktop/COMP207/FAZE/Content/Collections/' took 0.00s
[2019.04.05-14.28.40:130][  0]LogCollectionManager: Rebuilt the GUID cache for 0 collections in 0.000000 seconds
[2019.04.05-14.28.40:139][  0]LogContentBrowser: Native class hierarchy populated in 0.0086 seconds. Added 2651 classes and 620 folders.
[2019.04.05-14.28.40:146][  0]LogContentBrowser: Native class hierarchy updated for 'WidgetCarousel' in 0.0003 seconds. Added 0 classes and 0 folders.
[2019.04.05-14.28.40:199][  0]LogPakFile: Registered encryption key '00000000000000000000000000000000': 0 pak files mounted, 0 remain pending
[2019.04.05-14.28.40:204][  0]LogPakFile: Registered encryption key '00000000000000000000000000000000': 0 pak files mounted, 0 remain pending
[2019.04.05-14.28.40:216][  0]LogPakFile: Registered encryption key '00000000000000000000000000000000': 0 pak files mounted, 0 remain pending
[2019.04.05-14.28.40:220][  0]LogPakFile: Registered encryption key '00000000000000000000000000000000': 0 pak files mounted, 0 remain pending
[2019.04.05-14.28.40:223][  0]LogPakFile: Registered encryption key '00000000000000000000000000000000': 0 pak files mounted, 0 remain pending
[2019.04.05-14.28.40:227][  0]LogPakFile: Registered encryption key '00000000000000000000000000000000': 0 pak files mounted, 0 remain pending
[2019.04.05-14.28.40:255][  0]LogPakFile: Registered encryption key '00000000000000000000000000000000': 0 pak files mounted, 0 remain pending
[2019.04.05-14.28.40:259][  0]LogPakFile: Registered encryption key '00000000000000000000000000000000': 0 pak files mounted, 0 remain pending
[2019.04.05-14.28.40:263][  0]LogPakFile: Registered encryption key '00000000000000000000000000000000': 0 pak files mounted, 0 remain pending
[2019.04.05-14.28.40:268][  0]LogPakFile: Registered encryption key '00000000000000000000000000000000': 0 pak files mounted, 0 remain pending
[2019.04.05-14.28.40:271][  0]LogPakFile: Registered encryption key '00000000000000000000000000000000': 0 pak files mounted, 0 remain pending
[2019.04.05-14.28.40:275][  0]LogPakFile: Registered encryption key '00000000000000000000000000000000': 0 pak files mounted, 0 remain pending
[2019.04.05-14.28.40:279][  0]LogPakFile: Registered encryption key '00000000000000000000000000000000': 0 pak files mounted, 0 remain pending
[2019.04.05-14.28.40:308][  0]LogPakFile: Registered encryption key '00000000000000000000000000000000': 0 pak files mounted, 0 remain pending
[2019.04.05-14.28.40:311][  0]LogPakFile: Registered encryption key '00000000000000000000000000000000': 0 pak files mounted, 0 remain pending
[2019.04.05-14.28.40:315][  0]LogPakFile: Registered encryption key '00000000000000000000000000000000': 0 pak files mounted, 0 remain pending
[2019.04.05-14.28.40:334][  0]LogPakFile: Registered encryption key '00000000000000000000000000000000': 0 pak files mounted, 0 remain pending
[2019.04.05-14.28.40:337][  0]LogPakFile: Registered encryption key '00000000000000000000000000000000': 0 pak files mounted, 0 remain pending
[2019.04.05-14.28.40:375][  0]LogPakFile: Registered encryption key '00000000000000000000000000000000': 0 pak files mounted, 0 remain pending
[2019.04.05-14.28.40:378][  0]LogPakFile: Registered encryption key '00000000000000000000000000000000': 0 pak files mounted, 0 remain pending
[2019.04.05-14.28.40:401][  0]LogPakFile: Registered encryption key '00000000000000000000000000000000': 0 pak files mounted, 0 remain pending
[2019.04.05-14.28.40:404][  0]LogPakFile: Registered encryption key '00000000000000000000000000000000': 0 pak files mounted, 0 remain pending
[2019.04.05-14.28.40:408][  0]LogPakFile: Registered encryption key '00000000000000000000000000000000': 0 pak files mounted, 0 remain pending
[2019.04.05-14.28.40:411][  0]LogPakFile: Registered encryption key '00000000000000000000000000000000': 0 pak files mounted, 0 remain pending
[2019.04.05-14.28.40:415][  0]LogPakFile: Registered encryption key '00000000000000000000000000000000': 0 pak files mounted, 0 remain pending
[2019.04.05-14.28.40:419][  0]LogPakFile: Registered encryption key '00000000000000000000000000000000': 0 pak files mounted, 0 remain pending
[2019.04.05-14.28.41:092][  0]LogContentBrowser: Native class hierarchy updated for 'AddContentDialog' in 0.0002 seconds. Added 0 classes and 0 folders.
[2019.04.05-14.28.41:097][  0]LogContentBrowser: Native class hierarchy updated for 'SceneOutliner' in 0.0003 seconds. Added 1 classes and 2 folders.
[2019.04.05-14.28.41:198][  0]LogSlate: Took 0.004475 seconds to synchronously load lazily loaded font '../../../Engine/Content/Slate/Fonts/Roboto-Regular.ttf' (155K)
[2019.04.05-14.28.41:208][  0]LogSlate: Took 0.007956 seconds to synchronously load lazily loaded font '../../../Engine/Content/Slate/Fonts/Roboto-Bold.ttf' (160K)
[2019.04.05-14.28.41:219][  0]LogSlate: Took 0.006194 seconds to synchronously load lazily loaded font '../../../Engine/Content/Editor/Slate/Fonts/FontAwesome.ttf' (139K)
[2019.04.05-14.28.41:332][  0]LogRenderer: Reallocating scene render targets to support 860x444 Format 10 NumSamples 1 (Frame:1).
[2019.04.05-14.28.41:520][  0]LogContentBrowser: Native class hierarchy updated for 'HierarchicalLODOutliner' in 0.0002 seconds. Added 0 classes and 0 folders.
[2019.04.05-14.28.41:520][  0]LogLoad: (Engine Initialization) Total time: 49.85 seconds
[2019.04.05-14.28.41:520][  0]LogLoad: (Engine Initialization) Total Blueprint compile time: 0.00 seconds
[2019.04.05-14.28.41:604][  0]LogContentStreaming: Texture pool size now 1000 MB
[2019.04.05-14.28.41:676][  0]LogRenderer: Reallocating scene render targets to support 860x464 Format 10 NumSamples 1 (Frame:3).
[2019.04.05-14.28.41:676][  0]LogSlate: Took 0.003488 seconds to synchronously load lazily loaded font '../../../Engine/Content/Slate/Fonts/Roboto-Light.ttf' (167K)
[2019.04.05-14.28.41:972][  2]LogAssetRegistry: Asset discovery search completed in 33.0333 seconds
[2019.04.05-14.28.41:974][  2]LogCollectionManager: Rebuilt the object cache for 0 collections in 0.000000 seconds (found 0 objects)
[2019.04.05-14.28.41:974][  2]LogCollectionManager: Fixed up redirectors for 0 collections in 0.000040 seconds (updated 0 objects)
[2019.04.05-14.28.42:609][ 23]LogSlate: Took 0.000161 seconds to synchronously load lazily loaded font '../../../Engine/Content/Slate/Fonts/Roboto-Light.ttf' (167K)
[2019.04.05-14.28.44:308][ 53]LogD3D11RHI: Timed out while waiting for GPU to catch up. (0.5 s)
[2019.04.05-14.28.44:457][ 53]LogD3D11RHI: Error: Result failed 
 at D:\Build\++UE4\Sync\Engine\Source\Runtime\Windows\D3D11RHI\Private\D3D11Query.cpp:140 
 with error DXGI_ERROR_DEVICE_REMOVED DXGI_ERROR_DEVICE_HUNG
[2019.04.05-14.28.44:457][ 53]LogD3D11RHI: [Aftermath] GDynamicRHI=000002B19DEC2180, GDX11NVAfterMathEnabled=0, Result=0xFFFFFFFF, bDeviceActive=0
[2019.04.05-14.28.44:457][ 53]LogWindows: Windows GetLastError: The operation completed successfully. (0)
[2019.04.05-14.28.44:462][ 53]LogD3D11RHI: Error: Direct3DDevice->CreateShaderResourceView(TextureResource,&SRVDesc,ShaderResourceView.GetInitReference()) failed 
 at D:\Build\++UE4\Sync\Engine\Source\Runtime\Windows\D3D11RHI\Private\D3D11Texture.cpp:1172 
 with error DXGI_ERROR_DEVICE_REMOVED DXGI_ERROR_DEVICE_HUNG
[2019.04.05-14.28.44:462][ 53]LogD3D11RHI: [Aftermath] GDynamicRHI=000002B19DEC2180, GDX11NVAfterMathEnabled=0, Result=0xFFFFFFFF, bDeviceActive=0
[2019.04.05-14.28.44:462][ 53]LogWindows: FPlatformMisc::RequestExit(1)
[2019.04.05-14.28.44:462][ 53]LogD3D11RHI: Error: Direct3DDevice->CreateShaderResourceView(TextureResource,&SRVDesc,ShaderResourceView.GetInitReference()) failed 
 at D:\Build\++UE4\Sync\Engine\Source\Runtime\Windows\D3D11RHI\Private\D3D11Texture.cpp:1172 
 with error DXGI_ERROR_DEVICE_REMOVED DXGI_ERROR_DEVICE_HUNG
[2019.04.05-14.28.44:462][ 53]LogD3D11RHI: [Aftermath] GDynamicRHI=000002B19DEC2180, GDX11NVAfterMathEnabled=0, Result=0xFFFFFFFF, bDeviceActive=0
[2019.04.05-14.28.44:462][ 53]LogD3D11RHI: Error: Direct3DDevice->CreateShaderResourceView(TextureResource,&SRVDesc,ShaderResourceView.GetInitReference()) failed 
 at D:\Build\++UE4\Sync\Engine\Source\Runtime\Windows\D3D11RHI\Private\D3D11Texture.cpp:1172 
 with error DXGI_ERROR_DEVICE_REMOVED DXGI_ERROR_DEVICE_HUNG
[2019.04.05-14.28.44:462][ 53]LogD3D11RHI: [Aftermath] GDynamicRHI=000002B19DEC2180, GDX11NVAfterMathEnabled=0, Result=0xFFFFFFFF, bDeviceActive=0
[2019.04.05-14.28.44:462][ 53]LogWindows: FPlatformMisc::RequestExit(1)
[2019.04.05-14.28.44:462][ 53]LogWindows: FPlatformMisc::RequestExit(1)
[2019.04.05-14.28.44:473][ 53]Log file closed, 04/05/19 10:28:44
