Log file open, 04/18/19 00:44:28
LogWindows: Failed to load 'aqProf.dll' (GetLastError=126)
LogWindows: File 'aqProf.dll' does not exist
LogWindows: Failed to load 'VtuneApi.dll' (GetLastError=126)
LogWindows: File 'VtuneApi.dll' does not exist
LogWindows: Failed to load 'VtuneApi32e.dll' (GetLastError=126)
LogWindows: File 'VtuneApi32e.dll' does not exist
LogConsoleResponse: Display: Failed to find resolution value strings in scalability ini. Falling back to default.
LogInit: Display: Running engine for game: FAZE
LogPakFile: Registered encryption key '00000000000000000000000000000000': 0 pak files mounted, 0 remain pending
LogPlatformFile: Not using cached read wrapper
LogTaskGraph: Started task graph with 5 named threads and 14 total threads with 3 sets of task threads.
LogStats: Stats thread started at 1.221001
LogD3D11RHI: Loaded GFSDK_Aftermath_Lib.x64.dll
LogICUInternationalization: ICU TimeZone Detection - Raw Offset: -5:00, Platform Override: ''
LogPluginManager: Mounting plugin Paper2D
LogPluginManager: Mounting plugin AISupport
LogPluginManager: Mounting plugin LightPropagationVolume
LogPluginManager: Mounting plugin ActorLayerUtilities
LogPluginManager: Mounting plugin CLionSourceCodeAccess
LogPluginManager: Mounting plugin CodeLiteSourceCodeAccess
LogPluginManager: Mounting plugin GitSourceControl
LogPluginManager: Mounting plugin KDevelopSourceCodeAccess
LogPluginManager: Mounting plugin NullSourceCodeAccess
LogPluginManager: Mounting plugin PerforceSourceControl
LogPluginManager: Mounting plugin SubversionSourceControl
LogPluginManager: Mounting plugin UObjectPlugin
LogPluginManager: Mounting plugin VisualStudioCodeSourceCodeAccess
LogPluginManager: Mounting plugin VisualStudioSourceCodeAccess
LogPluginManager: Mounting plugin XCodeSourceCodeAccess
LogPluginManager: Mounting plugin AssetManagerEditor
LogPluginManager: Mounting plugin CryptoKeys
LogPluginManager: Mounting plugin DataValidation
LogPluginManager: Mounting plugin FacialAnimation
LogPluginManager: Mounting plugin GameplayTagsEditor
LogPluginManager: Mounting plugin MacGraphicsSwitching
LogPluginManager: Mounting plugin MeshEditor
LogPluginManager: Mounting plugin MobileLauncherProfileWizard
LogPluginManager: Mounting plugin PluginBrowser
LogPluginManager: Mounting plugin SpeedTreeImporter
LogPluginManager: Mounting plugin DatasmithContent
LogPluginManager: Mounting plugin VariantManagerContent
LogPluginManager: Mounting plugin AlembicImporter
LogPluginManager: Mounting plugin AppleImageUtils
LogPluginManager: Mounting plugin AppleVision
LogPluginManager: Mounting plugin BackChannel
LogPluginManager: Mounting plugin CharacterAI
LogPluginManager: Mounting plugin GeometryCache
LogPluginManager: Mounting plugin HTML5Networking
LogPluginManager: Mounting plugin ProxyLODPlugin
LogPluginManager: Mounting plugin MagicLeap
LogPluginManager: Mounting plugin MagicLeapMedia
LogPluginManager: Mounting plugin AndroidMedia
LogPluginManager: Mounting plugin AvfMedia
LogPluginManager: Mounting plugin ImgMedia
LogPluginManager: Mounting plugin LinearTimecode
LogPluginManager: Mounting plugin MediaCompositing
LogPluginManager: Mounting plugin MediaPlayerEditor
LogPluginManager: Mounting plugin WebMMedia
LogPluginManager: Mounting plugin WmfMedia
LogPluginManager: Mounting plugin TcpMessaging
LogPluginManager: Mounting plugin UdpMessaging
LogPluginManager: Mounting plugin ActorSequence
LogPluginManager: Mounting plugin LevelSequenceEditor
LogPluginManager: Mounting plugin MatineeToLevelSequence
LogPluginManager: Mounting plugin NetcodeUnitTest
LogPluginManager: Mounting plugin NUTUnrealEngine4
LogPluginManager: Mounting plugin OnlineSubsystemGooglePlay
LogPluginManager: Mounting plugin OnlineSubsystemIOS
LogPluginManager: Mounting plugin OnlineSubsystem
LogPluginManager: Mounting plugin OnlineSubsystemNull
LogPluginManager: Mounting plugin OnlineSubsystemUtils
LogPluginManager: Mounting plugin LauncherChunkInstaller
LogPluginManager: Mounting plugin AndroidDeviceProfileSelector
LogPluginManager: Mounting plugin AndroidMoviePlayer
LogPluginManager: Mounting plugin AndroidPermission
LogPluginManager: Mounting plugin AppleMoviePlayer
LogPluginManager: Mounting plugin ArchVisCharacter
LogPluginManager: Mounting plugin AudioCapture
LogPluginManager: Mounting plugin CableComponent
LogPluginManager: Mounting plugin CustomMeshComponent
LogPluginManager: Mounting plugin EditableMesh
LogPluginManager: Mounting plugin ExampleDeviceProfileSelector
LogPluginManager: Mounting plugin Firebase
LogPluginManager: Mounting plugin GoogleCloudMessaging
LogPluginManager: Mounting plugin IOSDeviceProfileSelector
LogPluginManager: Mounting plugin LinuxDeviceProfileSelector
LogPluginManager: Mounting plugin LocationServicesBPLibrary
LogPluginManager: Mounting plugin MobilePatchingUtils
LogPluginManager: Mounting plugin OculusVR
LogPluginManager: Mounting plugin PhysXVehicles
LogPluginManager: Mounting plugin ProceduralMeshComponent
LogPluginManager: Mounting plugin RuntimePhysXCooking
LogPluginManager: Mounting plugin SteamVR
LogPluginManager: Mounting plugin WebMMoviePlayer
LogPluginManager: Mounting plugin WindowsMoviePlayer
LogStreaming: Display: Took  0.271s to configure plugins.
LogInit: Using libcurl 7.55.1-DEV
LogInit:  - built for x86_64-pc-win32
LogInit:  - supports SSL with OpenSSL/1.0.2h
LogInit:  - supports HTTP deflate (compression) using libz 1.2.8
LogInit:  - other features:
LogInit:      CURL_VERSION_SSL
LogInit:      CURL_VERSION_LIBZ
LogInit:      CURL_VERSION_IPV6
LogInit:      CURL_VERSION_ASYNCHDNS
LogInit:      CURL_VERSION_LARGEFILE
LogInit:      CURL_VERSION_IDN
LogInit:  CurlRequestOptions (configurable via config and command line):
LogInit:  - bVerifyPeer = true  - Libcurl will verify peer certificate
LogInit:  - bUseHttpProxy = false  - Libcurl will NOT use HTTP proxy
LogInit:  - bDontReuseConnections = false  - Libcurl will reuse connections
LogInit:  - MaxHostConnections = 16  - Libcurl will limit the number of connections to a host
LogInit:  - LocalHostAddr = Default
LogInit:  - BufferSize = 65536
LogInit: WinSock: version 1.1 (2.2), MaxSocks=32767, MaxUdp=65467
LogInit: Build: ++UE4+Release-4.21-CL-4753647
LogInit: Engine Version: 4.21.2-4753647+++UE4+Release-4.21
LogInit: Compatible Engine Version: 4.21.0-4541578+++UE4+Release-4.21
LogInit: Net CL: 4541578
LogInit: OS: Windows 10 (), CPU: Intel(R) Core(TM) i5-7300HQ CPU @ 2.50GHz, GPU: Intel(R) HD Graphics 630
LogInit: Compiled (64-bit): Jan 19 2019 02:07:31
LogInit: Compiled with Visual C++: 19.13.26129.00
LogInit: Build Configuration: Development
LogInit: Branch Name: ++UE4+Release-4.21
LogInit: Command Line: 
LogInit: Base Directory: C:/Program Files/Epic Games/UE_4.21.2/UE_4.21/Engine/Binaries/Win64/
LogInit: Installed Engine Build: 1
LogDevObjectVersion: Number of dev versions registered: 22
LogDevObjectVersion:   Dev-Blueprints (B0D832E4-1F89-4F0D-ACCF-7EB736FD4AA2): 10
LogDevObjectVersion:   Dev-Build (E1C64328-A22C-4D53-A36C-8E866417BD8C): 0
LogDevObjectVersion:   Dev-Core (375EC13C-06E4-48FB-B500-84F0262A717E): 2
LogDevObjectVersion:   Dev-Editor (E4B068ED-F494-42E9-A231-DA0B2E46BB41): 26
LogDevObjectVersion:   Dev-Framework (CFFC743F-43B0-4480-9391-14DF171D2073): 34
LogDevObjectVersion:   Dev-Mobile (B02B49B5-BB20-44E9-A304-32B752E40360): 2
LogDevObjectVersion:   Dev-Networking (A4E4105C-59A1-49B5-A7C5-40C4547EDFEE): 0
LogDevObjectVersion:   Dev-Online (39C831C9-5AE6-47DC-9A44-9C173E1C8E7C): 0
LogDevObjectVersion:   Dev-Physics (78F01B33-EBEA-4F98-B9B4-84EACCB95AA2): 0
LogDevObjectVersion:   Dev-Platform (6631380F-2D4D-43E0-8009-CF276956A95A): 0
LogDevObjectVersion:   Dev-Rendering (12F88B9F-8875-4AFC-A67C-D90C383ABD29): 27
LogDevObjectVersion:   Dev-Sequencer (7B5AE74C-D270-4C10-A958-57980B212A5A): 9
LogDevObjectVersion:   Dev-VR (D7296918-1DD6-4BDD-9DE2-64A83CC13884): 2
LogDevObjectVersion:   Dev-LoadTimes (C2A15278-BFE7-4AFE-6C17-90FF531DF755): 1
LogDevObjectVersion:   Private-Geometry (6EACA3D4-40EC-4CC1-B786-8BED09428FC5): 3
LogDevObjectVersion:   Dev-AnimPhys (29E575DD-E0A3-4627-9D10-D276232CDCEA): 17
LogDevObjectVersion:   Dev-Anim (AF43A65D-7FD3-4947-9873-3E8ED9C1BB05): 2
LogDevObjectVersion:   Dev-ReflectionCapture (6B266CEC-1EC7-4B8F-A30B-E4D90942FC07): 1
LogDevObjectVersion:   Dev-Automation (0DF73D61-A23F-47EA-B727-89E90C41499A): 1
LogDevObjectVersion:   FortniteMain (601D1886-AC64-4F84-AA16-D3DE0DEAC7D6): 17
LogDevObjectVersion:   Dev-Enterprise (9DFFBCD6-494F-0158-E221-12823C92A888): 4
LogDevObjectVersion:   Dev-Niagara (F2AED0AC-9AFE-416F-8664-AA7FFA26D6FC): 1
LogStreaming: Display: Took  0.003s to delete old logs.
LogInit: Presizing for max 8388607 objects, including 0 objects not considered by GC, pre-allocating 0 bytes for permanent pool.
LogInit: Object subsystem initialized
LogConfig: Setting CVar [[con.DebugEarlyDefault:1]]
LogConfig: Setting CVar [[r.setres:1280x720]]
[2019.04.18-04.44.30:948][  0]LogConfig: Setting CVar [[r.VSync:0]]
[2019.04.18-04.44.30:948][  0]LogConfig: Setting CVar [[r.RHICmdBypass:0]]
[2019.04.18-04.44.30:948][  0]LogConfig: Applying CVar settings from Section [/Script/Engine.RendererSettings] File [C:/Users/aero1/Desktop/FAZE_vslice_2/Saved/Config/Windows/Engine.ini]
[2019.04.18-04.44.30:948][  0]LogConfig: Setting CVar [[r.GPUCrashDebugging:0]]
[2019.04.18-04.44.30:948][  0]LogConfig: Applying CVar settings from Section [/Script/Engine.RendererOverrideSettings] File [C:/Users/aero1/Desktop/FAZE_vslice_2/Saved/Config/Windows/Engine.ini]
[2019.04.18-04.44.30:948][  0]LogConfig: Applying CVar settings from Section [/Script/Engine.StreamingSettings] File [C:/Users/aero1/Desktop/FAZE_vslice_2/Saved/Config/Windows/Engine.ini]
[2019.04.18-04.44.30:948][  0]LogConfig: Setting CVar [[s.MinBulkDataSizeForAsyncLoading:131072]]
[2019.04.18-04.44.30:948][  0]LogConfig: Setting CVar [[s.AsyncLoadingThreadEnabled:0]]
[2019.04.18-04.44.30:948][  0]LogConfig: Setting CVar [[s.EventDrivenLoaderEnabled:1]]
[2019.04.18-04.44.30:948][  0]LogConfig: Setting CVar [[s.WarnIfTimeLimitExceeded:0]]
[2019.04.18-04.44.30:948][  0]LogConfig: Setting CVar [[s.TimeLimitExceededMultiplier:1.5]]
[2019.04.18-04.44.30:948][  0]LogConfig: Setting CVar [[s.TimeLimitExceededMinTime:0.005]]
[2019.04.18-04.44.30:948][  0]LogConfig: Setting CVar [[s.UseBackgroundLevelStreaming:1]]
[2019.04.18-04.44.30:948][  0]LogConfig: Setting CVar [[s.PriorityAsyncLoadingExtraTime:15.0]]
[2019.04.18-04.44.30:948][  0]LogConfig: Setting CVar [[s.LevelStreamingActorsUpdateTimeLimit:5.0]]
[2019.04.18-04.44.30:948][  0]LogConfig: Setting CVar [[s.PriorityLevelStreamingActorsUpdateExtraTime:5.0]]
[2019.04.18-04.44.30:948][  0]LogConfig: Setting CVar [[s.LevelStreamingComponentsRegistrationGranularity:10]]
[2019.04.18-04.44.30:948][  0]LogConfig: Setting CVar [[s.UnregisterComponentsTimeLimit:1.0]]
[2019.04.18-04.44.30:948][  0]LogConfig: Setting CVar [[s.LevelStreamingComponentsUnregistrationGranularity:5]]
[2019.04.18-04.44.30:948][  0]LogConfig: Applying CVar settings from Section [/Script/Engine.GarbageCollectionSettings] File [C:/Users/aero1/Desktop/FAZE_vslice_2/Saved/Config/Windows/Engine.ini]
[2019.04.18-04.44.30:948][  0]LogConfig: Setting CVar [[gc.MaxObjectsNotConsideredByGC:1]]
[2019.04.18-04.44.30:948][  0]LogConfig: Setting CVar [[gc.SizeOfPermanentObjectPool:0]]
[2019.04.18-04.44.30:948][  0]LogConfig: Setting CVar [[gc.FlushStreamingOnGC:0]]
[2019.04.18-04.44.30:948][  0]LogConfig: Setting CVar [[gc.NumRetriesBeforeForcingGC:10]]
[2019.04.18-04.44.30:948][  0]LogConfig: Setting CVar [[gc.AllowParallelGC:1]]
[2019.04.18-04.44.30:948][  0]LogConfig: Setting CVar [[gc.TimeBetweenPurgingPendingKillObjects:61.1]]
[2019.04.18-04.44.30:948][  0]LogConfig: Setting CVar [[gc.MaxObjectsInEditor:8388607]]
[2019.04.18-04.44.30:948][  0]LogConfig: Setting CVar [[gc.IncrementalBeginDestroyEnabled:1]]
[2019.04.18-04.44.30:948][  0]LogConfig: Setting CVar [[gc.CreateGCClusters:1]]
[2019.04.18-04.44.30:948][  0]LogConfig: Setting CVar [[gc.MergeGCClusters:0]]
[2019.04.18-04.44.30:948][  0]LogConfig: Setting CVar [[gc.MinGCClusterSize:5]]
[2019.04.18-04.44.30:948][  0]LogConfig: Setting CVar [[gc.ActorClusteringEnabled:0]]
[2019.04.18-04.44.30:948][  0]LogConfig: Setting CVar [[gc.BlueprintClusteringEnabled:0]]
[2019.04.18-04.44.30:948][  0]LogConfig: Setting CVar [[gc.UseDisregardForGCOnDedicatedServers:0]]
[2019.04.18-04.44.30:948][  0]LogConfig: Applying CVar settings from Section [/Script/Engine.NetworkSettings] File [C:/Users/aero1/Desktop/FAZE_vslice_2/Saved/Config/Windows/Engine.ini]
[2019.04.18-04.44.30:948][  0]LogConfig: Applying CVar settings from Section [/Script/UnrealEd.CookerSettings] File [C:/Users/aero1/Desktop/FAZE_vslice_2/Saved/Config/Windows/Engine.ini]
[2019.04.18-04.44.30:950][  0]LogConfig: Applying CVar settings from Section [ViewDistanceQuality@3] File [C:/Users/aero1/Desktop/FAZE_vslice_2/Saved/Config/Windows/Scalability.ini]
[2019.04.18-04.44.30:950][  0]LogConfig: Setting CVar [[r.SkeletalMeshLODBias:0]]
[2019.04.18-04.44.30:950][  0]LogConfig: Setting CVar [[r.ViewDistanceScale:1.0]]
[2019.04.18-04.44.30:950][  0]LogConfig: Applying CVar settings from Section [AntiAliasingQuality@3] File [C:/Users/aero1/Desktop/FAZE_vslice_2/Saved/Config/Windows/Scalability.ini]
[2019.04.18-04.44.30:950][  0]LogConfig: Setting CVar [[r.PostProcessAAQuality:4]]
[2019.04.18-04.44.30:950][  0]LogConfig: Applying CVar settings from Section [ShadowQuality@3] File [C:/Users/aero1/Desktop/FAZE_vslice_2/Saved/Config/Windows/Scalability.ini]
[2019.04.18-04.44.30:950][  0]LogConfig: Setting CVar [[r.LightFunctionQuality:1]]
[2019.04.18-04.44.30:950][  0]LogConfig: Setting CVar [[r.ShadowQuality:5]]
[2019.04.18-04.44.30:950][  0]LogConfig: Setting CVar [[r.Shadow.CSM.MaxCascades:10]]
[2019.04.18-04.44.30:950][  0]LogConfig: Setting CVar [[r.Shadow.MaxResolution:2048]]
[2019.04.18-04.44.30:950][  0]LogConfig: Setting CVar [[r.Shadow.MaxCSMResolution:2048]]
[2019.04.18-04.44.30:950][  0]LogConfig: Setting CVar [[r.Shadow.RadiusThreshold:0.01]]
[2019.04.18-04.44.30:950][  0]LogConfig: Setting CVar [[r.Shadow.DistanceScale:1.0]]
[2019.04.18-04.44.30:950][  0]LogConfig: Setting CVar [[r.Shadow.CSM.TransitionScale:1.0]]
[2019.04.18-04.44.30:950][  0]LogConfig: Setting CVar [[r.Shadow.PreShadowResolutionFactor:1.0]]
[2019.04.18-04.44.30:950][  0]LogConfig: Setting CVar [[r.DistanceFieldShadowing:1]]
[2019.04.18-04.44.30:950][  0]LogConfig: Setting CVar [[r.DistanceFieldAO:1]]
[2019.04.18-04.44.30:950][  0]LogConfig: Setting CVar [[r.AOQuality:2]]
[2019.04.18-04.44.30:950][  0]LogConfig: Setting CVar [[r.VolumetricFog:1]]
[2019.04.18-04.44.30:950][  0]LogConfig: Setting CVar [[r.VolumetricFog.GridPixelSize:8]]
[2019.04.18-04.44.30:950][  0]LogConfig: Setting CVar [[r.VolumetricFog.GridSizeZ:128]]
[2019.04.18-04.44.30:950][  0]LogConfig: Setting CVar [[r.VolumetricFog.HistoryMissSupersampleCount:4]]
[2019.04.18-04.44.30:950][  0]LogConfig: Setting CVar [[r.LightMaxDrawDistanceScale:1]]
[2019.04.18-04.44.30:950][  0]LogConfig: Setting CVar [[r.CapsuleShadows:1]]
[2019.04.18-04.44.30:950][  0]LogConfig: Applying CVar settings from Section [PostProcessQuality@3] File [C:/Users/aero1/Desktop/FAZE_vslice_2/Saved/Config/Windows/Scalability.ini]
[2019.04.18-04.44.30:950][  0]LogConfig: Setting CVar [[r.MotionBlurQuality:4]]
[2019.04.18-04.44.30:950][  0]LogConfig: Setting CVar [[r.AmbientOcclusionMipLevelFactor:0.4]]
[2019.04.18-04.44.30:950][  0]LogConfig: Setting CVar [[r.AmbientOcclusionMaxQuality:100]]
[2019.04.18-04.44.30:951][  0]LogConfig: Setting CVar [[r.AmbientOcclusionLevels:-1]]
[2019.04.18-04.44.30:951][  0]LogConfig: Setting CVar [[r.AmbientOcclusionRadiusScale:1.0]]
[2019.04.18-04.44.30:951][  0]LogConfig: Setting CVar [[r.DepthOfFieldQuality:2]]
[2019.04.18-04.44.30:951][  0]LogConfig: Setting CVar [[r.RenderTargetPoolMin:400]]
[2019.04.18-04.44.30:951][  0]LogConfig: Setting CVar [[r.LensFlareQuality:2]]
[2019.04.18-04.44.30:951][  0]LogConfig: Setting CVar [[r.SceneColorFringeQuality:1]]
[2019.04.18-04.44.30:951][  0]LogConfig: Setting CVar [[r.EyeAdaptationQuality:2]]
[2019.04.18-04.44.30:951][  0]LogConfig: Setting CVar [[r.BloomQuality:5]]
[2019.04.18-04.44.30:951][  0]LogConfig: Setting CVar [[r.FastBlurThreshold:100]]
[2019.04.18-04.44.30:951][  0]LogConfig: Setting CVar [[r.Upscale.Quality:3]]
[2019.04.18-04.44.30:951][  0]LogConfig: Setting CVar [[r.Tonemapper.GrainQuantization:1]]
[2019.04.18-04.44.30:951][  0]LogConfig: Setting CVar [[r.LightShaftQuality:1]]
[2019.04.18-04.44.30:951][  0]LogConfig: Setting CVar [[r.Filter.SizeScale:1]]
[2019.04.18-04.44.30:951][  0]LogConfig: Setting CVar [[r.Tonemapper.Quality:5]]
[2019.04.18-04.44.30:951][  0]LogConfig: Setting CVar [[r.DOF.Gather.AccumulatorQuality:1        ; higher gathering accumulator quality]]
[2019.04.18-04.44.30:951][  0]LogConfig: Setting CVar [[r.DOF.Gather.PostfilterMethod:1          ; Median3x3 postfilering method]]
[2019.04.18-04.44.30:951][  0]LogConfig: Setting CVar [[r.DOF.Gather.EnableBokehSettings:0       ; no bokeh simulation when gathering]]
[2019.04.18-04.44.30:951][  0]LogConfig: Setting CVar [[r.DOF.Gather.RingCount:4                 ; medium number of samples when gathering]]
[2019.04.18-04.44.30:951][  0]LogConfig: Setting CVar [[r.DOF.Scatter.ForegroundCompositing:1    ; additive foreground scattering]]
[2019.04.18-04.44.30:951][  0]LogConfig: Setting CVar [[r.DOF.Scatter.BackgroundCompositing:2    ; additive background scattering]]
[2019.04.18-04.44.30:951][  0]LogConfig: Setting CVar [[r.DOF.Scatter.EnableBokehSettings:1      ; bokeh simulation when scattering]]
[2019.04.18-04.44.30:951][  0]LogConfig: Setting CVar [[r.DOF.Scatter.MaxSpriteRatio:0.1         ; only a maximum of 10% of scattered bokeh]]
[2019.04.18-04.44.30:951][  0]LogConfig: Setting CVar [[r.DOF.Recombine.Quality:1                ; cheap slight out of focus]]
[2019.04.18-04.44.30:951][  0]LogConfig: Setting CVar [[r.DOF.Recombine.EnableBokehSettings:0    ; no bokeh simulation on slight out of focus]]
[2019.04.18-04.44.30:951][  0]LogConfig: Setting CVar [[r.DOF.TemporalAAQuality:1                ; more stable temporal accumulation]]
[2019.04.18-04.44.30:951][  0]LogConfig: Setting CVar [[r.DOF.Kernel.MaxForegroundRadius:0.025]]
[2019.04.18-04.44.30:951][  0]LogConfig: Setting CVar [[r.DOF.Kernel.MaxBackgroundRadius:0.025]]
[2019.04.18-04.44.30:951][  0]LogConfig: Applying CVar settings from Section [TextureQuality@3] File [C:/Users/aero1/Desktop/FAZE_vslice_2/Saved/Config/Windows/Scalability.ini]
[2019.04.18-04.44.30:951][  0]LogConfig: Setting CVar [[r.Streaming.MipBias:0]]
[2019.04.18-04.44.30:951][  0]LogConfig: Setting CVar [[r.Streaming.AmortizeCPUToGPUCopy:0]]
[2019.04.18-04.44.30:951][  0]LogConfig: Setting CVar [[r.Streaming.MaxNumTexturesToStreamPerFrame:0]]
[2019.04.18-04.44.30:951][  0]LogConfig: Setting CVar [[r.Streaming.Boost:1]]
[2019.04.18-04.44.30:951][  0]LogConfig: Setting CVar [[r.MaxAnisotropy:8]]
[2019.04.18-04.44.30:951][  0]LogConfig: Setting CVar [[r.Streaming.LimitPoolSizeToVRAM:0]]
[2019.04.18-04.44.30:951][  0]LogConfig: Setting CVar [[r.Streaming.PoolSize:1000]]
[2019.04.18-04.44.30:951][  0]LogConfig: Setting CVar [[r.Streaming.MaxEffectiveScreenSize:0]]
[2019.04.18-04.44.30:951][  0]LogConfig: Applying CVar settings from Section [EffectsQuality@3] File [C:/Users/aero1/Desktop/FAZE_vslice_2/Saved/Config/Windows/Scalability.ini]
[2019.04.18-04.44.30:951][  0]LogConfig: Setting CVar [[r.TranslucencyLightingVolumeDim:64]]
[2019.04.18-04.44.30:951][  0]LogConfig: Setting CVar [[r.RefractionQuality:2]]
[2019.04.18-04.44.30:951][  0]LogConfig: Setting CVar [[r.SSR.Quality:3]]
[2019.04.18-04.44.30:951][  0]LogConfig: Setting CVar [[r.SceneColorFormat:4]]
[2019.04.18-04.44.30:951][  0]LogConfig: Setting CVar [[r.DetailMode:2]]
[2019.04.18-04.44.30:951][  0]LogConfig: Setting CVar [[r.TranslucencyVolumeBlur:1]]
[2019.04.18-04.44.30:951][  0]LogConfig: Setting CVar [[r.MaterialQualityLevel:1 ; High quality]]
[2019.04.18-04.44.30:951][  0]LogConfig: Setting CVar [[r.SSS.Scale:1]]
[2019.04.18-04.44.30:951][  0]LogConfig: Setting CVar [[r.SSS.SampleSet:2]]
[2019.04.18-04.44.30:951][  0]LogConfig: Setting CVar [[r.SSS.Quality:1]]
[2019.04.18-04.44.30:951][  0]LogConfig: Setting CVar [[r.SSS.HalfRes:1]]
[2019.04.18-04.44.30:951][  0]LogConfig: Setting CVar [[r.EmitterSpawnRateScale:1.0]]
[2019.04.18-04.44.30:951][  0]LogConfig: Setting CVar [[r.ParticleLightQuality:2]]
[2019.04.18-04.44.30:951][  0]LogConfig: Applying CVar settings from Section [FoliageQuality@3] File [C:/Users/aero1/Desktop/FAZE_vslice_2/Saved/Config/Windows/Scalability.ini]
[2019.04.18-04.44.30:951][  0]LogConfig: Setting CVar [[foliage.DensityScale:1.0]]
[2019.04.18-04.44.30:951][  0]LogConfig: Setting CVar [[grass.DensityScale:1.0]]
[2019.04.18-04.44.30:992][  0]LogInit: Selected Device Profile: [Windows]
[2019.04.18-04.44.30:993][  0]LogInit: Applying CVar settings loaded from the selected device profile: [Windows]
[2019.04.18-04.44.31:048][  0]LogHAL: Display: Platform has ~ 8 GB [8459030528 / 8589934592 / 8], which maps to Default [LargestMinGB=32, LargerMinGB=12, DefaultMinGB=8, SmallerMinGB=6, SmallestMinGB=0)
[2019.04.18-04.44.31:049][  0]LogConfig: Setting CVar [[r.Vulkan.UseRealUBs:1]]
[2019.04.18-04.44.31:049][  0]LogInit: Going up to parent DeviceProfile []
[2019.04.18-04.44.31:049][  0]LogConfig: Applying CVar settings from Section [ViewDistanceQuality@3] File [C:/Users/aero1/Desktop/FAZE_vslice_2/Saved/Config/Windows/Scalability.ini]
[2019.04.18-04.44.31:049][  0]LogConfig: Setting CVar [[r.SkeletalMeshLODBias:0]]
[2019.04.18-04.44.31:049][  0]LogConfig: Setting CVar [[r.ViewDistanceScale:1.0]]
[2019.04.18-04.44.31:049][  0]LogConfig: Applying CVar settings from Section [AntiAliasingQuality@3] File [C:/Users/aero1/Desktop/FAZE_vslice_2/Saved/Config/Windows/Scalability.ini]
[2019.04.18-04.44.31:049][  0]LogConfig: Setting CVar [[r.PostProcessAAQuality:4]]
[2019.04.18-04.44.31:049][  0]LogConfig: Applying CVar settings from Section [ShadowQuality@3] File [C:/Users/aero1/Desktop/FAZE_vslice_2/Saved/Config/Windows/Scalability.ini]
[2019.04.18-04.44.31:049][  0]LogConfig: Setting CVar [[r.LightFunctionQuality:1]]
[2019.04.18-04.44.31:049][  0]LogConfig: Setting CVar [[r.ShadowQuality:5]]
[2019.04.18-04.44.31:049][  0]LogConfig: Setting CVar [[r.Shadow.CSM.MaxCascades:10]]
[2019.04.18-04.44.31:049][  0]LogConfig: Setting CVar [[r.Shadow.MaxResolution:2048]]
[2019.04.18-04.44.31:049][  0]LogConfig: Setting CVar [[r.Shadow.MaxCSMResolution:2048]]
[2019.04.18-04.44.31:049][  0]LogConfig: Setting CVar [[r.Shadow.RadiusThreshold:0.01]]
[2019.04.18-04.44.31:049][  0]LogConfig: Setting CVar [[r.Shadow.DistanceScale:1.0]]
[2019.04.18-04.44.31:049][  0]LogConfig: Setting CVar [[r.Shadow.CSM.TransitionScale:1.0]]
[2019.04.18-04.44.31:049][  0]LogConfig: Setting CVar [[r.Shadow.PreShadowResolutionFactor:1.0]]
[2019.04.18-04.44.31:049][  0]LogConfig: Setting CVar [[r.DistanceFieldShadowing:1]]
[2019.04.18-04.44.31:049][  0]LogConfig: Setting CVar [[r.DistanceFieldAO:1]]
[2019.04.18-04.44.31:049][  0]LogConfig: Setting CVar [[r.AOQuality:2]]
[2019.04.18-04.44.31:049][  0]LogConfig: Setting CVar [[r.VolumetricFog:1]]
[2019.04.18-04.44.31:049][  0]LogConfig: Setting CVar [[r.VolumetricFog.GridPixelSize:8]]
[2019.04.18-04.44.31:049][  0]LogConfig: Setting CVar [[r.VolumetricFog.GridSizeZ:128]]
[2019.04.18-04.44.31:049][  0]LogConfig: Setting CVar [[r.VolumetricFog.HistoryMissSupersampleCount:4]]
[2019.04.18-04.44.31:049][  0]LogConfig: Setting CVar [[r.LightMaxDrawDistanceScale:1]]
[2019.04.18-04.44.31:049][  0]LogConfig: Setting CVar [[r.CapsuleShadows:1]]
[2019.04.18-04.44.31:049][  0]LogConfig: Applying CVar settings from Section [PostProcessQuality@3] File [C:/Users/aero1/Desktop/FAZE_vslice_2/Saved/Config/Windows/Scalability.ini]
[2019.04.18-04.44.31:049][  0]LogConfig: Setting CVar [[r.MotionBlurQuality:4]]
[2019.04.18-04.44.31:049][  0]LogConfig: Setting CVar [[r.AmbientOcclusionMipLevelFactor:0.4]]
[2019.04.18-04.44.31:049][  0]LogConfig: Setting CVar [[r.AmbientOcclusionMaxQuality:100]]
[2019.04.18-04.44.31:049][  0]LogConfig: Setting CVar [[r.AmbientOcclusionLevels:-1]]
[2019.04.18-04.44.31:049][  0]LogConfig: Setting CVar [[r.AmbientOcclusionRadiusScale:1.0]]
[2019.04.18-04.44.31:049][  0]LogConfig: Setting CVar [[r.DepthOfFieldQuality:2]]
[2019.04.18-04.44.31:049][  0]LogConfig: Setting CVar [[r.RenderTargetPoolMin:400]]
[2019.04.18-04.44.31:049][  0]LogConfig: Setting CVar [[r.LensFlareQuality:2]]
[2019.04.18-04.44.31:049][  0]LogConfig: Setting CVar [[r.SceneColorFringeQuality:1]]
[2019.04.18-04.44.31:049][  0]LogConfig: Setting CVar [[r.EyeAdaptationQuality:2]]
[2019.04.18-04.44.31:049][  0]LogConfig: Setting CVar [[r.BloomQuality:5]]
[2019.04.18-04.44.31:049][  0]LogConfig: Setting CVar [[r.FastBlurThreshold:100]]
[2019.04.18-04.44.31:049][  0]LogConfig: Setting CVar [[r.Upscale.Quality:3]]
[2019.04.18-04.44.31:049][  0]LogConfig: Setting CVar [[r.Tonemapper.GrainQuantization:1]]
[2019.04.18-04.44.31:049][  0]LogConfig: Setting CVar [[r.LightShaftQuality:1]]
[2019.04.18-04.44.31:049][  0]LogConfig: Setting CVar [[r.Filter.SizeScale:1]]
[2019.04.18-04.44.31:049][  0]LogConfig: Setting CVar [[r.Tonemapper.Quality:5]]
[2019.04.18-04.44.31:049][  0]LogConfig: Setting CVar [[r.DOF.Gather.AccumulatorQuality:1        ; higher gathering accumulator quality]]
[2019.04.18-04.44.31:049][  0]LogConfig: Setting CVar [[r.DOF.Gather.PostfilterMethod:1          ; Median3x3 postfilering method]]
[2019.04.18-04.44.31:049][  0]LogConfig: Setting CVar [[r.DOF.Gather.EnableBokehSettings:0       ; no bokeh simulation when gathering]]
[2019.04.18-04.44.31:049][  0]LogConfig: Setting CVar [[r.DOF.Gather.RingCount:4                 ; medium number of samples when gathering]]
[2019.04.18-04.44.31:049][  0]LogConfig: Setting CVar [[r.DOF.Scatter.ForegroundCompositing:1    ; additive foreground scattering]]
[2019.04.18-04.44.31:049][  0]LogConfig: Setting CVar [[r.DOF.Scatter.BackgroundCompositing:2    ; additive background scattering]]
[2019.04.18-04.44.31:049][  0]LogConfig: Setting CVar [[r.DOF.Scatter.EnableBokehSettings:1      ; bokeh simulation when scattering]]
[2019.04.18-04.44.31:049][  0]LogConfig: Setting CVar [[r.DOF.Scatter.MaxSpriteRatio:0.1         ; only a maximum of 10% of scattered bokeh]]
[2019.04.18-04.44.31:049][  0]LogConfig: Setting CVar [[r.DOF.Recombine.Quality:1                ; cheap slight out of focus]]
[2019.04.18-04.44.31:049][  0]LogConfig: Setting CVar [[r.DOF.Recombine.EnableBokehSettings:0    ; no bokeh simulation on slight out of focus]]
[2019.04.18-04.44.31:049][  0]LogConfig: Setting CVar [[r.DOF.TemporalAAQuality:1                ; more stable temporal accumulation]]
[2019.04.18-04.44.31:049][  0]LogConfig: Setting CVar [[r.DOF.Kernel.MaxForegroundRadius:0.025]]
[2019.04.18-04.44.31:049][  0]LogConfig: Setting CVar [[r.DOF.Kernel.MaxBackgroundRadius:0.025]]
[2019.04.18-04.44.31:049][  0]LogConfig: Applying CVar settings from Section [TextureQuality@3] File [C:/Users/aero1/Desktop/FAZE_vslice_2/Saved/Config/Windows/Scalability.ini]
[2019.04.18-04.44.31:049][  0]LogConfig: Setting CVar [[r.Streaming.MipBias:0]]
[2019.04.18-04.44.31:049][  0]LogConfig: Setting CVar [[r.Streaming.AmortizeCPUToGPUCopy:0]]
[2019.04.18-04.44.31:049][  0]LogConfig: Setting CVar [[r.Streaming.MaxNumTexturesToStreamPerFrame:0]]
[2019.04.18-04.44.31:049][  0]LogConfig: Setting CVar [[r.Streaming.Boost:1]]
[2019.04.18-04.44.31:049][  0]LogConfig: Setting CVar [[r.MaxAnisotropy:8]]
[2019.04.18-04.44.31:049][  0]LogConfig: Setting CVar [[r.Streaming.LimitPoolSizeToVRAM:0]]
[2019.04.18-04.44.31:049][  0]LogConfig: Setting CVar [[r.Streaming.PoolSize:1000]]
[2019.04.18-04.44.31:049][  0]LogConfig: Setting CVar [[r.Streaming.MaxEffectiveScreenSize:0]]
[2019.04.18-04.44.31:049][  0]LogConfig: Applying CVar settings from Section [EffectsQuality@3] File [C:/Users/aero1/Desktop/FAZE_vslice_2/Saved/Config/Windows/Scalability.ini]
[2019.04.18-04.44.31:049][  0]LogConfig: Setting CVar [[r.TranslucencyLightingVolumeDim:64]]
[2019.04.18-04.44.31:049][  0]LogConfig: Setting CVar [[r.RefractionQuality:2]]
[2019.04.18-04.44.31:049][  0]LogConfig: Setting CVar [[r.SSR.Quality:3]]
[2019.04.18-04.44.31:049][  0]LogConfig: Setting CVar [[r.SceneColorFormat:4]]
[2019.04.18-04.44.31:049][  0]LogConfig: Setting CVar [[r.DetailMode:2]]
[2019.04.18-04.44.31:049][  0]LogConfig: Setting CVar [[r.TranslucencyVolumeBlur:1]]
[2019.04.18-04.44.31:049][  0]LogConfig: Setting CVar [[r.MaterialQualityLevel:1 ; High quality]]
[2019.04.18-04.44.31:049][  0]LogConfig: Setting CVar [[r.SSS.Scale:1]]
[2019.04.18-04.44.31:049][  0]LogConfig: Setting CVar [[r.SSS.SampleSet:2]]
[2019.04.18-04.44.31:049][  0]LogConfig: Setting CVar [[r.SSS.Quality:1]]
[2019.04.18-04.44.31:049][  0]LogConfig: Setting CVar [[r.SSS.HalfRes:1]]
[2019.04.18-04.44.31:049][  0]LogConfig: Setting CVar [[r.EmitterSpawnRateScale:1.0]]
[2019.04.18-04.44.31:049][  0]LogConfig: Setting CVar [[r.ParticleLightQuality:2]]
[2019.04.18-04.44.31:049][  0]LogConfig: Applying CVar settings from Section [FoliageQuality@3] File [C:/Users/aero1/Desktop/FAZE_vslice_2/Saved/Config/Windows/Scalability.ini]
[2019.04.18-04.44.31:049][  0]LogConfig: Setting CVar [[foliage.DensityScale:1.0]]
[2019.04.18-04.44.31:049][  0]LogConfig: Setting CVar [[grass.DensityScale:1.0]]
[2019.04.18-04.44.31:049][  0]LogConfig: Applying CVar settings from Section [Startup] File [../../../Engine/Config/ConsoleVariables.ini]
[2019.04.18-04.44.31:088][  0]LogConfig: Setting CVar [[net.UseAdaptiveNetUpdateFrequency:0]]
[2019.04.18-04.44.31:088][  0]LogConfig: Applying CVar settings from Section [ConsoleVariables] File [C:/Users/aero1/Desktop/FAZE_vslice_2/Saved/Config/Windows/Engine.ini]
[2019.04.18-04.44.31:117][  0]LogInit: Computer: LAPTOP-ECVDO3FE
[2019.04.18-04.44.31:117][  0]LogInit: User: aero1
[2019.04.18-04.44.31:117][  0]LogInit: CPU Page size=4096, Cores=4
[2019.04.18-04.44.31:117][  0]LogInit: High frequency timer resolution =2.437501 MHz
[2019.04.18-04.44.31:117][  0]LogMemory: Memory total: Physical=7.9GB (8GB approx)
[2019.04.18-04.44.31:117][  0]LogMemory: Platform Memory Stats for Windows
[2019.04.18-04.44.31:117][  0]LogMemory: Process Physical Memory: 102.62 MB used, 102.62 MB peak
[2019.04.18-04.44.31:117][  0]LogMemory: Process Virtual Memory: 84.93 MB used, 84.93 MB peak
[2019.04.18-04.44.31:117][  0]LogMemory: Physical Memory: 4051.68 MB used,  4015.48 MB free, 8067.16 MB total
[2019.04.18-04.44.31:117][  0]LogMemory: Virtual Memory: 4633.96 MB used,  134213096.00 MB free, 134217728.00 MB total
[2019.04.18-04.44.33:128][  0]LogInit: Using OS detected language (en-US).
[2019.04.18-04.44.33:128][  0]LogInit: Using OS detected locale (en-US).
[2019.04.18-04.44.33:129][  0]LogTextLocalizationManager: No specific localization for 'en-US' exists, so the 'en' localization will be used.
[2019.04.18-04.44.34:342][  0]LogStreaming: Display: Took  1.214s to InitEngineTextLocalization.
[2019.04.18-04.44.34:342][  0]LogInit: Setting process to per monitor DPI aware
[2019.04.18-04.44.34:730][  0]LogSlate: New Slate User Created.  User Index 0, Is Virtual User: 0
[2019.04.18-04.44.34:730][  0]LogSlate: Slate User Registered.  User Index 0, Is Virtual User: 0
[2019.04.18-04.44.41:619][  0]LogHMD: Failed to initialize OpenVR with code 110
[2019.04.18-04.44.41:619][  0]LogD3D11RHI: D3D11 adapters:
[2019.04.18-04.44.42:066][  0]LogD3D11RHI:    0. 'NVIDIA GeForce GTX 1050 Ti' (Feature Level 11_0)
[2019.04.18-04.44.42:066][  0]LogD3D11RHI:       4021/0/4033 MB DedicatedVideo/DedicatedSystem/SharedSystem, Outputs:1, VendorId:0x10de
[2019.04.18-04.44.42:078][  0]LogD3D11RHI:    1. 'Intel(R) HD Graphics 630' (Feature Level 11_0)
[2019.04.18-04.44.42:078][  0]LogD3D11RHI:       128/0/4033 MB DedicatedVideo/DedicatedSystem/SharedSystem, Outputs:0, VendorId:0x8086
[2019.04.18-04.44.42:118][  0]LogD3D11RHI:    2. 'Microsoft Basic Render Driver' (Feature Level 11_0)
[2019.04.18-04.44.42:118][  0]LogD3D11RHI:       0/0/4033 MB DedicatedVideo/DedicatedSystem/SharedSystem, Outputs:0, VendorId:0x1414
[2019.04.18-04.44.42:118][  0]LogD3D11RHI: Chosen D3D11 Adapter: 0
[2019.04.18-04.44.42:137][  0]LogD3D11RHI: Creating new Direct3DDevice
[2019.04.18-04.44.42:137][  0]LogD3D11RHI:     GPU DeviceId: 0x1c8c (for the marketing name, search the web for "GPU Device Id")
[2019.04.18-04.44.42:137][  0]LogWindows: EnumDisplayDevices:
[2019.04.18-04.44.42:137][  0]LogWindows:    0. 'Intel(R) HD Graphics 630' (P:1 D:1)
[2019.04.18-04.44.42:137][  0]LogWindows:    1. 'Intel(R) HD Graphics 630' (P:0 D:0)
[2019.04.18-04.44.42:138][  0]LogWindows:    2. 'Intel(R) HD Graphics 630' (P:0 D:0)
[2019.04.18-04.44.42:138][  0]LogWindows: DebugString: PrimaryIsNotTheChoosenAdapter PrimaryIsNotTheChoosenAdapter PrimaryIsNotTheChoosenAdapter FoundDriverCount:0 
[2019.04.18-04.44.42:138][  0]LogD3D11RHI:     Adapter Name: NVIDIA GeForce GTX 1050 Ti
[2019.04.18-04.44.42:138][  0]LogD3D11RHI:   Driver Version: Unknown (internal:Unknown, unified:Unknown)
[2019.04.18-04.44.42:138][  0]LogD3D11RHI:      Driver Date: Unknown
[2019.04.18-04.44.42:138][  0]LogRHI: Texture pool is 2814 MB (70% of 4021 MB)
[2019.04.18-04.44.42:227][  0]LogD3D11RHI: Async texture creation enabled
[2019.04.18-04.44.42:270][  0]LogD3D11RHI: GPU Timing Frequency: 1000.000000 (Debug: 2 2)
[2019.04.18-04.44.43:386][  0]LogTemp: Display: Loaded TP AllDesktopTargetPlatform
[2019.04.18-04.44.43:420][  0]LogTemp: Display: Loaded TP MacClientTargetPlatform
[2019.04.18-04.44.43:452][  0]LogTemp: Display: Loaded TP MacNoEditorTargetPlatform
[2019.04.18-04.44.43:477][  0]LogTemp: Display: Loaded TP MacServerTargetPlatform
[2019.04.18-04.44.43:527][  0]LogTemp: Display: Loaded TP MacTargetPlatform
[2019.04.18-04.44.43:553][  0]LogTemp: Display: Loaded TP WindowsClientTargetPlatform
[2019.04.18-04.44.43:582][  0]LogTemp: Display: Loaded TP WindowsNoEditorTargetPlatform
[2019.04.18-04.44.43:612][  0]LogTemp: Display: Loaded TP WindowsServerTargetPlatform
[2019.04.18-04.44.43:636][  0]LogTemp: Display: Loaded TP WindowsTargetPlatform
[2019.04.18-04.44.43:778][  0]LogTemp: Display: Loaded TP AndroidTargetPlatform
[2019.04.18-04.44.43:778][  0]LogTemp: Display: Loaded TP AndroidTargetPlatform
[2019.04.18-04.44.43:778][  0]LogTemp: Display: Loaded TP AndroidTargetPlatform
[2019.04.18-04.44.43:779][  0]LogTemp: Display: Loaded TP AndroidTargetPlatform
[2019.04.18-04.44.43:779][  0]LogTemp: Display: Loaded TP AndroidTargetPlatform
[2019.04.18-04.44.43:779][  0]LogTemp: Display: Loaded TP AndroidTargetPlatform
[2019.04.18-04.44.43:779][  0]LogTemp: Display: Loaded TP AndroidTargetPlatform
[2019.04.18-04.44.43:779][  0]LogTemp: Display: Loaded TP AndroidTargetPlatform
[2019.04.18-04.44.43:779][  0]LogTemp: Display: Loaded TP AndroidTargetPlatform
[2019.04.18-04.44.43:779][  0]LogTemp: Display: Loaded TP AndroidTargetPlatform
[2019.04.18-04.44.43:779][  0]LogTemp: Display: Loaded TP AndroidTargetPlatform
[2019.04.18-04.44.43:779][  0]LogTemp: Display: Loaded TP AndroidTargetPlatform
[2019.04.18-04.44.43:779][  0]LogTemp: Display: Loaded TP AndroidTargetPlatform
[2019.04.18-04.44.43:779][  0]LogTemp: Display: Loaded TP AndroidTargetPlatform
[2019.04.18-04.44.43:779][  0]LogTemp: Display: Loaded TP AndroidTargetPlatform
[2019.04.18-04.44.43:779][  0]LogTemp: Display: Loaded TP AndroidTargetPlatform
[2019.04.18-04.44.43:779][  0]LogTemp: Display: Loaded TP AndroidTargetPlatform
[2019.04.18-04.44.43:779][  0]LogTemp: Display: Loaded TP AndroidTargetPlatform
[2019.04.18-04.44.43:819][  0]LogTemp: Display: Loaded TP HTML5TargetPlatform
[2019.04.18-04.44.43:978][  0]LogTemp: Display: Loaded TP IOSTargetPlatform
[2019.04.18-04.44.43:978][  0]LogTemp: Display: Loaded TP IOSTargetPlatform
[2019.04.18-04.44.44:018][  0]LogTemp: Display: Loaded TP TVOSTargetPlatform
[2019.04.18-04.44.44:018][  0]LogTemp: Display: Loaded TP TVOSTargetPlatform
[2019.04.18-04.44.44:044][  0]LogTemp: Display: Loaded TP LinuxClientTargetPlatform
[2019.04.18-04.44.44:076][  0]LogTemp: Display: Loaded TP LinuxNoEditorTargetPlatform
[2019.04.18-04.44.44:102][  0]LogTemp: Display: Loaded TP LinuxServerTargetPlatform
[2019.04.18-04.44.44:153][  0]LogTemp: Display: Loaded TP LinuxTargetPlatform
[2019.04.18-04.44.44:223][  0]LogTemp: Display: Loaded TP LuminTargetPlatform
[2019.04.18-04.44.44:223][  0]LogTemp: Display: Loaded TP LuminTargetPlatform
[2019.04.18-04.44.44:224][  0]LogTargetPlatformManager: Display: Building Assets For Windows
[2019.04.18-04.44.45:039][  0]LogShaderCompilers: Guid format shader working directory is -9 characters bigger than the processId version (../../../../../../../Users/aero1/Desktop/FAZE_vslice_2/Intermediate/Shaders/WorkingDirectory/11208/).
[2019.04.18-04.44.45:039][  0]LogShaderCompilers: Cleaned the shader compiler working directory 'C:/Users/aero1/AppData/Local/Temp/UnrealShaderWorkingDir/D00630854DFF55081E4FB0BB543ECF7C/'.
[2019.04.18-04.44.45:052][  0]LogXGEController: Cleaning working directory: C:/Users/aero1/AppData/Local/Temp/UnrealXGEWorkingDir/
[2019.04.18-04.44.45:052][  0]LogXGEController: Cannot use XGE Controller as Incredibuild is not installed on this machine.
[2019.04.18-04.44.45:052][  0]LogShaderCompilers: Cannot use XGE Shader Compiler as Incredibuild is not installed on this machine.
[2019.04.18-04.44.45:052][  0]LogShaderCompilers: Display: Using Local Shader Compiler.
[2019.04.18-04.44.49:035][  0]LogDerivedDataCache: Display: Max Cache Size: 512 MB
[2019.04.18-04.44.50:483][  0]LogDerivedDataCache: Loaded boot cache 1.43s 71MB C:/Users/aero1/AppData/Local/UnrealEngine/4.21/DerivedDataCache/Boot.ddc.
[2019.04.18-04.44.50:483][  0]LogDerivedDataCache: Display: Loaded Boot cache: C:/Users/aero1/AppData/Local/UnrealEngine/4.21/DerivedDataCache/Boot.ddc
[2019.04.18-04.44.50:483][  0]LogDerivedDataCache: FDerivedDataBackendGraph:  Pak pak cache file ../../../../../../../Users/aero1/Desktop/FAZE_vslice_2/DerivedDataCache/DDC.ddp not found, will not use a pak cache.
[2019.04.18-04.44.50:483][  0]LogDerivedDataCache: Unable to find inner node Pak for hierarchical cache Hierarchy.
[2019.04.18-04.44.50:483][  0]LogDerivedDataCache: FDerivedDataBackendGraph:  CompressedPak pak cache file ../../../../../../../Users/aero1/Desktop/FAZE_vslice_2/DerivedDataCache/Compressed.ddp not found, will not use a pak cache.
[2019.04.18-04.44.50:483][  0]LogDerivedDataCache: Unable to find inner node CompressedPak for hierarchical cache Hierarchy.
[2019.04.18-04.44.50:870][  0]LogDerivedDataCache: Display: Pak cache opened for reading ../../../Engine/DerivedDataCache/Compressed.ddp.
[2019.04.18-04.44.50:870][  0]LogDerivedDataCache: FDerivedDataBackendGraph:  EnterprisePak pak cache file ../../../Enterprise/DerivedDataCache/Compressed.ddp not found, will not use a pak cache.
[2019.04.18-04.44.50:870][  0]LogDerivedDataCache: Unable to find inner node EnterprisePak for hierarchical cache Hierarchy.
[2019.04.18-04.44.50:882][  0]LogDerivedDataCache: Using Local data cache path C:/Users/aero1/AppData/Local/UnrealEngine/Common/DerivedDataCache: Writable
[2019.04.18-04.44.50:882][  0]LogDerivedDataCache: Shared data cache path not found in *engine.ini, will not use an Shared cache.
[2019.04.18-04.44.50:882][  0]LogDerivedDataCache: Unable to find inner node Shared for hierarchical cache Hierarchy.
[2019.04.18-04.44.50:908][  0]LogMaterial: Verifying Global Shaders for PCD3D_SM5
[2019.04.18-04.44.50:925][  0]LogSlate: Using FreeType 2.6.0
[2019.04.18-04.44.51:039][  0]LogSlate: SlateFontServices - WITH_FREETYPE: 1, WITH_HARFBUZZ: 1
[2019.04.18-04.44.55:630][  0]LogAssetRegistry: FAssetRegistry took 0.0327 seconds to start up
[2019.04.18-04.44.58:343][  0]LogInit: Selected Device Profile: [Windows]
[2019.04.18-04.45.02:016][  0]LogSimplygon: Simplygon DLL not present - disabling.
[2019.04.18-04.45.02:438][  0]LogMeshReduction: Using SimplygonSwarm for distributed automatic mesh merging
[2019.04.18-04.45.02:439][  0]LogMeshReduction: Using ProxyLODMeshReduction for automatic mesh merging
[2019.04.18-04.45.02:442][  0]LogMeshReduction: Using QuadricMeshReduction for automatic static mesh reduction
[2019.04.18-04.45.02:442][  0]LogMeshReduction: No automatic skeletal mesh reduction module available
[2019.04.18-04.45.02:679][  0]LogNetVersion: FAZE 1.0.0, NetCL: 4541578, EngineNetVer: 5, GameNetVer: 0 (Checksum: 2508019810)
[2019.04.18-04.45.09:859][  0]LogPackageLocalizationCache: Processed 11 localized package path(s) for 2 prioritized culture(s) in 0.117070 seconds
[2019.04.18-04.45.09:865][  0]LogUObjectArray: 39775 objects as part of root set at end of initial load.
[2019.04.18-04.45.09:865][  0]LogUObjectAllocator: 6914656 out of 0 bytes used by permanent object pool.
[2019.04.18-04.45.09:865][  0]LogUObjectArray: CloseDisregardForGC: 0/0 objects in disregard for GC pool
[2019.04.18-04.45.35:403][  0]LogTcpMessaging: Initializing TcpMessaging bridge
[2019.04.18-04.45.35:435][  0]LogUdpMessaging: Initializing bridge on interface 0.0.0.0:0 to multicast group 230.0.0.1:6666.
[2019.04.18-04.46.11:982][  0]SourceControl: Source control is disabled
[2019.04.18-04.46.11:985][  0]SourceControl: Source control is disabled
[2019.04.18-04.46.12:059][  0]SourceControl: Source control is disabled
[2019.04.18-04.46.12:084][  0]SourceControl: Source control is disabled
[2019.04.18-04.46.13:505][  0]LogAndroidPermission: UAndroidPermissionCallbackProxy::GetInstance
[2019.04.18-04.46.13:713][  0]LogOcInput: OculusInput pre-init called
[2019.04.18-04.46.14:504][  0]LogEngine: Initializing Engine...
[2019.04.18-04.46.14:516][  0]LogHMD: Failed to initialize OpenVR with code 110
[2019.04.18-04.46.14:538][  0]LogStats: UGameplayTagsManager::ConstructGameplayTagTree: ImportINI prefixes -  0.000 s
[2019.04.18-04.46.14:538][  0]LogStats: UGameplayTagsManager::ConstructGameplayTagTree: Construct from data asset -  0.000 s
[2019.04.18-04.46.14:538][  0]LogStats: UGameplayTagsManager::ConstructGameplayTagTree: ImportINI -  0.000 s
[2019.04.18-04.46.14:539][  0]LogStats: UGameplayTagsManager::ConstructGameplayTagTree: GameplayTagTreeChangedEvent.Broadcast -  0.000 s
[2019.04.18-04.46.16:038][  0]LogInit: Initializing FReadOnlyCVARCache
[2019.04.18-04.46.16:527][  0]LogAIModule: Creating AISystem for world Untitled
[2019.04.18-04.46.16:576][  0]LogInit: XAudio2 using 'Speakers (Realtek High Definition Audio)' : 2 channels at 48 kHz using 32 bits per sample (channel mask 0x3)
[2019.04.18-04.46.16:599][  0]LogInit: FAudioDevice initialized.
[2019.04.18-04.46.16:599][  0]LogNetVersion: Set ProjectVersion to 1.0.0.0. Version Checksum will be recalculated on next use.
[2019.04.18-04.46.16:741][  0]LogDerivedDataCache: Saved boot cache 0.14s 71MB C:/Users/aero1/AppData/Local/UnrealEngine/4.21/DerivedDataCache/Boot.ddc.
[2019.04.18-04.46.16:845][  0]LogInit: Texture streaming: Enabled
[2019.04.18-04.46.17:223][  0]LogEngineSessionManager: EngineSessionManager initialized
[2019.04.18-04.46.17:850][  0]LogInit: Transaction tracking system initialized
[2019.04.18-04.46.18:064][  0]BlueprintLog: New page: Editor Load
[2019.04.18-04.46.19:206][  0]LocalizationService: Localization service is disabled
[2019.04.18-04.46.23:263][  0]LogFileCache: Scanning file cache for directory 'C:/Users/aero1/Desktop/FAZE_vslice_2/Content/' took 0.04s
[2019.04.18-04.46.23:263][  0]LogCook: Display: Max memory allowance for cook 16384mb min free memory 0mb
[2019.04.18-04.46.23:264][  0]LogCook: Display: Mobile HDR setting 1
[2019.04.18-04.46.23:265][  0]LogGameplayTags: Display: UGameplayTagsManager::DoneAddingNativeTags. DelegateIsBound: 0
[2019.04.18-04.46.23:265][  0]LogStats: UGameplayTagsManager::ConstructGameplayTagTree: ImportINI prefixes -  0.000 s
[2019.04.18-04.46.23:265][  0]LogStats: UGameplayTagsManager::ConstructGameplayTagTree: Construct from data asset -  0.000 s
[2019.04.18-04.46.23:265][  0]LogStats: UGameplayTagsManager::ConstructGameplayTagTree: ImportINI -  0.000 s
[2019.04.18-04.46.23:265][  0]LogStats: UGameplayTagsManager::ConstructGameplayTagTree: GameplayTagTreeChangedEvent.Broadcast -  0.000 s
[2019.04.18-04.46.25:899][  0]SourceControl: Source control is disabled
[2019.04.18-04.46.25:899][  0]Cmd: MAP LOAD FILE="../../../../../../../Users/aero1/Desktop/FAZE_vslice_2/Content/FirstPersonBP/Maps/FirstPersonExampleMap.umap" TEMPLATE=0 SHOWPROGRESS=1 FEATURELEVEL=3
[2019.04.18-04.46.25:961][  0]LightingResults: New page: Lighting Build
[2019.04.18-04.46.26:013][  0]MapCheck: New page: Map Check
[2019.04.18-04.46.26:013][  0]LightingResults: New page: Lighting Build
[2019.04.18-04.46.33:307][  0]LogAIModule: Creating AISystem for world FirstPersonExampleMap
[2019.04.18-04.46.33:640][  0]LogEditorServer: Finished looking for orphan Actors (0.000 secs)
[2019.04.18-04.46.33:701][  0]Cmd: MAP CHECKDEP NOCLEARLOG
[2019.04.18-04.46.33:701][  0]MapCheck: Map check complete: 0 Error(s), 0 Warning(s), took 0.136ms to complete.
[2019.04.18-04.46.33:722][  0]LogFileHelpers: Loading map 'FirstPersonExampleMap' took 7.823
[2019.04.18-04.46.35:117][  0]LogSlate: Updating window title bar state: overlay mode, drag disabled, window buttons hidden, title bar hidden
[2019.04.18-04.46.35:125][  0]LogSlate: Updating window title bar state: overlay mode, drag disabled, window buttons hidden, title bar hidden
[2019.04.18-04.46.35:133][  0]LogSlate: Updating window title bar state: overlay mode, drag disabled, window buttons hidden, title bar hidden
[2019.04.18-04.46.35:141][  0]LogSlate: Updating window title bar state: overlay mode, drag disabled, window buttons hidden, title bar hidden
[2019.04.18-04.46.35:254][  0]LogCollectionManager: Loaded 0 collections in 0.002009 seconds
[2019.04.18-04.46.35:393][  0]LogFileCache: Scanning file cache for directory 'C:/Users/aero1/Desktop/FAZE_vslice_2/Saved/Collections/' took 0.01s
[2019.04.18-04.46.35:393][  0]LogFileCache: Scanning file cache for directory 'C:/Users/aero1/Desktop/FAZE_vslice_2/Content/Developers/aero1/Collections/' took 0.00s
[2019.04.18-04.46.35:393][  0]LogFileCache: Scanning file cache for directory 'C:/Users/aero1/Desktop/FAZE_vslice_2/Content/Collections/' took 0.00s
[2019.04.18-04.46.35:393][  0]LogCollectionManager: Rebuilt the GUID cache for 0 collections in 0.000001 seconds
[2019.04.18-04.46.35:409][  0]LogContentBrowser: Native class hierarchy populated in 0.0135 seconds. Added 2651 classes and 620 folders.
[2019.04.18-04.46.35:567][  0]LogContentBrowser: Native class hierarchy updated for 'WidgetCarousel' in 0.0002 seconds. Added 0 classes and 0 folders.
[2019.04.18-04.46.35:640][  0]LogPakFile: Registered encryption key '00000000000000000000000000000000': 0 pak files mounted, 0 remain pending
[2019.04.18-04.46.35:666][  0]LogPakFile: Registered encryption key '00000000000000000000000000000000': 0 pak files mounted, 0 remain pending
[2019.04.18-04.46.35:701][  0]LogPakFile: Registered encryption key '00000000000000000000000000000000': 0 pak files mounted, 0 remain pending
[2019.04.18-04.46.35:723][  0]LogPakFile: Registered encryption key '00000000000000000000000000000000': 0 pak files mounted, 0 remain pending
[2019.04.18-04.46.35:745][  0]LogPakFile: Registered encryption key '00000000000000000000000000000000': 0 pak files mounted, 0 remain pending
[2019.04.18-04.46.35:767][  0]LogPakFile: Registered encryption key '00000000000000000000000000000000': 0 pak files mounted, 0 remain pending
[2019.04.18-04.46.35:791][  0]LogPakFile: Registered encryption key '00000000000000000000000000000000': 0 pak files mounted, 0 remain pending
[2019.04.18-04.46.35:812][  0]LogPakFile: Registered encryption key '00000000000000000000000000000000': 0 pak files mounted, 0 remain pending
[2019.04.18-04.46.35:831][  0]LogPakFile: Registered encryption key '00000000000000000000000000000000': 0 pak files mounted, 0 remain pending
[2019.04.18-04.46.35:850][  0]LogPakFile: Registered encryption key '00000000000000000000000000000000': 0 pak files mounted, 0 remain pending
[2019.04.18-04.46.35:868][  0]LogPakFile: Registered encryption key '00000000000000000000000000000000': 0 pak files mounted, 0 remain pending
[2019.04.18-04.46.35:892][  0]LogPakFile: Registered encryption key '00000000000000000000000000000000': 0 pak files mounted, 0 remain pending
[2019.04.18-04.46.35:899][  0]LogPakFile: Registered encryption key '00000000000000000000000000000000': 0 pak files mounted, 0 remain pending
[2019.04.18-04.46.36:041][  0]LogPakFile: Registered encryption key '00000000000000000000000000000000': 0 pak files mounted, 0 remain pending
[2019.04.18-04.46.36:062][  0]LogPakFile: Registered encryption key '00000000000000000000000000000000': 0 pak files mounted, 0 remain pending
[2019.04.18-04.46.36:084][  0]LogPakFile: Registered encryption key '00000000000000000000000000000000': 0 pak files mounted, 0 remain pending
[2019.04.18-04.46.36:122][  0]LogPakFile: Registered encryption key '00000000000000000000000000000000': 0 pak files mounted, 0 remain pending
[2019.04.18-04.46.36:148][  0]LogPakFile: Registered encryption key '00000000000000000000000000000000': 0 pak files mounted, 0 remain pending
[2019.04.18-04.46.36:166][  0]LogPakFile: Registered encryption key '00000000000000000000000000000000': 0 pak files mounted, 0 remain pending
[2019.04.18-04.46.36:185][  0]LogPakFile: Registered encryption key '00000000000000000000000000000000': 0 pak files mounted, 0 remain pending
[2019.04.18-04.46.36:223][  0]LogPakFile: Registered encryption key '00000000000000000000000000000000': 0 pak files mounted, 0 remain pending
[2019.04.18-04.46.36:328][  0]LogPakFile: Registered encryption key '00000000000000000000000000000000': 0 pak files mounted, 0 remain pending
[2019.04.18-04.46.36:346][  0]LogPakFile: Registered encryption key '00000000000000000000000000000000': 0 pak files mounted, 0 remain pending
[2019.04.18-04.46.36:360][  0]LogPakFile: Registered encryption key '00000000000000000000000000000000': 0 pak files mounted, 0 remain pending
[2019.04.18-04.46.36:369][  0]LogPakFile: Registered encryption key '00000000000000000000000000000000': 0 pak files mounted, 0 remain pending
[2019.04.18-04.46.36:396][  0]LogPakFile: Registered encryption key '00000000000000000000000000000000': 0 pak files mounted, 0 remain pending
[2019.04.18-04.46.37:503][  0]LogContentBrowser: Native class hierarchy updated for 'AddContentDialog' in 0.0002 seconds. Added 0 classes and 0 folders.
[2019.04.18-04.46.37:572][  0]LogContentBrowser: Native class hierarchy updated for 'SceneOutliner' in 0.0003 seconds. Added 1 classes and 2 folders.
[2019.04.18-04.46.38:314][  0]LogSlate: Took 0.093480 seconds to synchronously load lazily loaded font '../../../Engine/Content/Slate/Fonts/Roboto-Regular.ttf' (155K)
[2019.04.18-04.46.38:344][  0]LogSlate: Took 0.028817 seconds to synchronously load lazily loaded font '../../../Engine/Content/Slate/Fonts/Roboto-Bold.ttf' (160K)
[2019.04.18-04.46.38:487][  0]LogSlate: Took 0.129321 seconds to synchronously load lazily loaded font '../../../Engine/Content/Editor/Slate/Fonts/FontAwesome.ttf' (139K)
[2019.04.18-04.46.39:171][  0]LogRenderer: Reallocating scene render targets to support 856x472 Format 10 NumSamples 1 (Frame:1).
[2019.04.18-04.46.39:693][  0]LogContentBrowser: Native class hierarchy updated for 'HierarchicalLODOutliner' in 0.0003 seconds. Added 0 classes and 0 folders.
[2019.04.18-04.46.39:693][  0]LogLoad: (Engine Initialization) Total time: 146.63 seconds
[2019.04.18-04.46.39:693][  0]LogLoad: (Engine Initialization) Total Blueprint compile time: 0.00 seconds
[2019.04.18-04.46.39:714][  0]LogSlate: FSceneViewport::OnFocusLost() reason 0
[2019.04.18-04.46.39:975][  0]LogContentStreaming: Texture pool size now 1000 MB
[2019.04.18-04.46.40:480][  0]LogRenderer: Reallocating scene render targets to support 856x488 Format 10 NumSamples 1 (Frame:2).
[2019.04.18-04.46.40:652][  1]LogFileCache: Retrieving MD5 hashes for directory 'C:/Users/aero1/Desktop/FAZE_vslice_2/Content/' took 0.87s
[2019.04.18-04.46.41:102][  4]LogAssetRegistry: Asset discovery search completed in 105.4942 seconds
[2019.04.18-04.46.41:104][  4]LogCollectionManager: Rebuilt the object cache for 0 collections in 0.000000 seconds (found 0 objects)
[2019.04.18-04.46.41:104][  4]LogCollectionManager: Fixed up redirectors for 0 collections in 0.000041 seconds (updated 0 objects)
[2019.04.18-04.46.41:242][  4]LogSlate: Took 0.020433 seconds to synchronously load lazily loaded font '../../../Engine/Content/Slate/Fonts/Roboto-Light.ttf' (167K)
[2019.04.18-04.47.42:860][901]LogSlate: Took 0.000179 seconds to synchronously load lazily loaded font '../../../Engine/Content/Slate/Fonts/Roboto-Light.ttf' (167K)
[2019.04.18-04.47.48:083][901]LogAIModule: Creating AISystem for world Level2
[2019.04.18-04.47.48:207][901]LogAssetEditorManager: Opening Asset editor for World /Game/Levels/VerticalSlice2/Level2.Level2
[2019.04.18-04.47.48:278][901]Cmd: MAP LOAD FILE="../../../../../../../Users/aero1/Desktop/FAZE_vslice_2/Content/Levels/VerticalSlice2/Level2.umap" TEMPLATE=0 SHOWPROGRESS=1 FEATURELEVEL=3
[2019.04.18-04.47.48:279][901]LightingResults: New page: Lighting Build
[2019.04.18-04.47.48:279][901]LoadErrors: New page: Loading map: Level2.umap
[2019.04.18-04.47.48:406][901]MapCheck: New page: Map Check
[2019.04.18-04.47.48:406][901]LightingResults: New page: Lighting Build
[2019.04.18-04.47.48:764][901]LogEditorServer: Finished looking for orphan Actors (0.000 secs)
[2019.04.18-04.47.48:845][901]Cmd: MAP CHECKDEP NOCLEARLOG
[2019.04.18-04.47.48:845][901]MapCheck: Map check complete: 0 Error(s), 0 Warning(s), took 0.137ms to complete.
[2019.04.18-04.47.48:845][901]LogFileHelpers: Loading map 'Level2' took 0.582
[2019.04.18-04.48.54:591][813]LogSlate: FSceneViewport::OnFocusLost() reason 0
[2019.04.18-04.49.00:340][106]LogSlate: FSceneViewport::OnFocusLost() reason 0
[2019.04.18-04.49.08:392][580]Cmd: EDIT COPY
[2019.04.18-04.49.08:862][589]Cmd: EDIT PASTE
[2019.04.18-04.49.12:656][725]Cmd: CAMERA ALIGN ACTIVEVIEWPORTONLY
[2019.04.18-04.49.16:465][903]LogSlate: FSceneViewport::OnFocusLost() reason 2
[2019.04.18-04.49.18:940][ 38]Cmd: CAMERA ALIGN ACTIVEVIEWPORTONLY
[2019.04.18-04.49.21:341][182]LogSlate: FSceneViewport::OnFocusLost() reason 0
[2019.04.18-04.49.30:848][672]LogSlate: FSceneViewport::OnFocusLost() reason 0
[2019.04.18-04.49.35:806][862]LogEditorViewport: Clicking on Actor (LMB): Brush (Floor3)
[2019.04.18-04.49.39:734][ 54]Cmd: TRANSACTION UNDO
[2019.04.18-04.49.39:734][ 54]LogEditorTransaction: Undo Move Actors
[2019.04.18-04.49.41:064][ 98]Cmd: TRANSACTION UNDO
[2019.04.18-04.49.41:064][ 98]LogEditorTransaction: Undo Clicking on Actors
[2019.04.18-04.49.43:457][193]LogSlate: FSceneViewport::OnFocusLost() reason 0
[2019.04.18-04.50.09:665][471]LogSlate: FSceneViewport::OnFocusLost() reason 2
[2019.04.18-04.50.34:856][889]LogSlate: FSceneViewport::OnFocusLost() reason 2
[2019.04.18-04.50.35:193][903]LogSlate: FSceneViewport::OnFocusLost() reason 2
[2019.04.18-04.50.35:512][921]LogSlate: FSceneViewport::OnFocusLost() reason 2
[2019.04.18-04.50.42:346][331]LogSlate: FSceneViewport::OnFocusLost() reason 0
[2019.04.18-04.51.03:349][581]LogEditorViewport: Clicking on Actor (LMB): StaticMeshActor (Cube)
[2019.04.18-04.51.06:081][709]LogSlate: FSceneViewport::OnFocusLost() reason 0
[2019.04.18-04.51.24:666][785]LogSlate: FSceneViewport::OnFocusLost() reason 0
[2019.04.18-04.51.31:884][335]Cmd: EDIT COPY
[2019.04.18-04.51.32:348][380]Cmd: EDIT PASTE
[2019.04.18-04.51.36:217][673]Cmd: CAMERA ALIGN ACTIVEVIEWPORTONLY
[2019.04.18-04.51.46:234][623]LogSlate: FSceneViewport::OnFocusLost() reason 0
[2019.04.18-04.51.53:932][335]LogSlate: FSceneViewport::OnFocusLost() reason 0
[2019.04.18-04.52.03:399][236]LogSlate: FSceneViewport::OnFocusLost() reason 0
[2019.04.18-04.52.09:447][819]LogSlate: FSceneViewport::OnFocusLost() reason 0
[2019.04.18-04.52.20:255][849]LogSlate: FSceneViewport::OnFocusLost() reason 0
[2019.04.18-04.52.31:605][935]LogSlate: FSceneViewport::OnFocusLost() reason 0
[2019.04.18-04.52.40:925][838]LogSlate: FSceneViewport::OnFocusLost() reason 2
[2019.04.18-04.52.41:865][926]LogSlate: FSceneViewport::OnFocusLost() reason 2
[2019.04.18-04.52.57:516][382]Cmd: TRANSACTION UNDO
[2019.04.18-04.52.57:516][382]LogEditorTransaction: Undo Move Actors
[2019.04.18-04.53.03:493][905]Cmd: TRANSACTION UNDO
[2019.04.18-04.53.03:493][905]LogEditorTransaction: Undo Move Actors
[2019.04.18-04.53.21:320][575]LogSlate: FSceneViewport::OnFocusLost() reason 0
[2019.04.18-04.53.43:216][576]LogEditorViewport: Clicking on Actor (LMB): TriggerVolume (KillVolume)
[2019.04.18-04.53.46:092][763]Cmd: EDIT COPY
[2019.04.18-04.53.50:523][168]Cmd: EDIT PASTE
[2019.04.18-04.53.52:280][247]LogSlate: FSceneViewport::OnFocusLost() reason 0
[2019.04.18-04.54.12:496][128]LogSlate: FSceneViewport::OnFocusLost() reason 0
[2019.04.18-04.54.22:753][ 85]LogSlate: FSceneViewport::OnFocusLost() reason 0
[2019.04.18-04.54.32:625][ 31]LogSlate: FSceneViewport::OnFocusLost() reason 2
[2019.04.18-04.54.51:917][910]LogEditorViewport: Clicking on Actor (LMB): StaticMeshActor (waterGreen)
[2019.04.18-04.54.58:192][511]LogSlate: FSceneViewport::OnFocusLost() reason 2
[2019.04.18-04.55.06:949][240]LogSlate: FSceneViewport::OnFocusLost() reason 2
[2019.04.18-04.55.08:068][337]MapCheck: New page: Map Check
[2019.04.18-04.55.08:095][337]LogSlate: FSceneViewport::OnFocusLost() reason 2
[2019.04.18-04.55.08:107][337]Cmd: MAP REBUILD ALLVISIBLE
[2019.04.18-04.55.08:112][337]LogEditorServer: Rebuildmap Clear paths rebuilt
[2019.04.18-04.55.08:689][337]LightingResults: New page: Lighting Build - Apr 17, 2019, 8:55:08 PM
[2019.04.18-04.55.08:944][337]LogSwarmInterface: [OpenConnection] Registering TCP channel ...
[2019.04.18-04.55.09:087][337]LogSwarmInterface: [OpenConnection] Connecting to agent ...
[2019.04.18-04.55.09:148][337]LogSwarmInterface: [TryOpenConnection] Testing the Agent
[2019.04.18-04.55.10:809][337]LogSwarmInterface: [TryOpenConnection] Opening Connection to Agent
[2019.04.18-04.55.10:809][337]LogSwarmInterface: [TryOpenConnection] Local Process ID is 11208
[2019.04.18-04.55.20:113][337]LogStaticLightingSystem: Running Lightmass w/ ImmediateImport mode ENABLED
[2019.04.18-04.55.20:113][337]LogStaticLightingSystem: Running Lightmass w/ ImmediateProcess mode ENABLED
[2019.04.18-04.55.20:113][337]LogStaticLightingSystem: Running Lightmass w/ Sorting mode ENABLED
[2019.04.18-04.55.20:113][337]LogStaticLightingSystem: Running Lightmass w/ Mapping paddings ENABLED
[2019.04.18-04.55.20:113][337]LogStaticLightingSystem: Running Lightmass w/ Mapping debug paddings DISABLED
[2019.04.18-04.55.20:792][337]LogEditorBuildUtils: Build time 0:12
[2019.04.18-04.55.20:944][339]LogMaterial: Display: Missing cached shader map for material FLightmassMaterialRenderer Black, compiling. 
[2019.04.18-04.55.21:074][339]LogShaderCompilers: Display: Shaders left to compile 2
[2019.04.18-04.55.21:074][339]LogMaterial: Display: Missing cached shader map for material FLightmassMaterialRenderer Black, compiling. 
[2019.04.18-04.55.23:443][340]LogShaderCompilers: Display: Shaders left to compile 2
[2019.04.18-04.55.32:173][801]Job is a success!
[2019.04.18-04.55.32:455][802]LogSlate: FSceneViewport::OnFocusLost() reason 2
[2019.04.18-04.55.32:515][802]LogVolumetricLightmapImport: Imported Volumetric Lightmap in 0.007s
[2019.04.18-04.55.32:515][802]LogVolumetricLightmapImport:      Indirection Texture 16x16x16 = 0.0Mb
[2019.04.18-04.55.32:515][802]LogVolumetricLightmapImport:      BrickData 10x5x5 = 0.0Mb
[2019.04.18-04.55.32:515][802]LogVolumetricLightmapImport:      Bricks at Level
[2019.04.18-04.55.32:515][802]LogVolumetricLightmapImport:          0: 50.0% covering 100.0% of volume
[2019.04.18-04.55.32:515][802]LogVolumetricLightmapImport:          1: 50.0% covering 1.6% of volume
[2019.04.18-04.55.32:515][802]LogVolumetricLightmapImport:          2: 0.0% covering 0.0% of volume
[2019.04.18-04.55.33:601][802]LogTexture: Display: Building textures: LQ_Lightmap_0_1 (DXT1, 1024X1024)
[2019.04.18-04.55.33:601][802]LogTexture: Display: Building textures: HQ_Lightmap0_1 (AutoDXT, 1024X1024)
[2019.04.18-04.55.33:601][802]LogTexture: Display: Building textures: HQ_Lightmap0_2 (AutoDXT, 256X256)
[2019.04.18-04.55.33:601][802]LogTexture: Display: Building textures: LQ_Lightmap_0_2 (DXT1, 256X256)
[2019.04.18-04.55.33:601][802]LogTexture: Display: Building textures: HQ_Lightmap1_3 (AutoDXT, 64X64)
[2019.04.18-04.55.33:601][802]LogTexture: Display: Building textures: LQ_Lightmap_1_3 (DXT1, 64X64)
[2019.04.18-04.55.33:768][802]LogTexture: Display: Building textures: ShadowMapTexture2D_1 (G8, 256X64)
[2019.04.18-04.55.33:768][802]LogTexture: Display: Building textures: ShadowMapTexture2D_2 (G8, 32X32)
[2019.04.18-04.55.33:768][802]LogTexture: Display: Building textures: ShadowMapTexture2D_0 (G8, 1024X512)
[2019.04.18-04.55.33:903][802]Lightmass on LAPTOP-ECVDO3FE: 8.17 sec total, 1.11 sec importing, 95 ms setup, 709 ms photons, 6.21 sec processing, 0 ms extra exporting [303/303 mappings]. Threads: 24.8 sec total, 11.7 sec processing.
[2019.04.18-04.55.34:288][802]LogStaticLightingSystem: Illumination: 25.3 sec (715 ms encoding lightmaps, 164 ms encoding shadowmaps)
[2019.04.18-04.55.34:288][802]LogStaticLightingSystem: Lightmap texture memory:  2.1 MB (0.1 MB streaming, 2.0 MB non-streaming), 6 textures
[2019.04.18-04.55.34:288][802]LogStaticLightingSystem: Shadowmap texture memory: 0.7 MB (0.0 MB streaming, 0.7 MB non-streaming), 3 textures
[2019.04.18-04.55.35:098][802]DumpUnbuiltLightIteractions
[2019.04.18-04.55.35:098][802]Lights with unbuilt interactions: 0
[2019.04.18-04.55.35:098][802]
[2019.04.18-04.55.35:098][802]Primitives with unbuilt interactions: 0
[2019.04.18-04.55.35:107][802]LogSlate: FSceneViewport::OnFocusLost() reason 2
[2019.04.18-04.55.35:195][803]Cmd: MAP CHECK NOTIFYRESULTS
[2019.04.18-04.55.35:195][803]MapCheck: New page: Level2 - Apr 17, 2019, 8:55:35 PM
[2019.04.18-04.55.35:329][803]MapCheck: Map check complete: 0 Error(s), 0 Warning(s), took 133.901ms to complete.
[2019.04.18-04.55.44:506][659]LogSlate: FSceneViewport::OnFocusLost() reason 0
[2019.04.18-04.55.57:811][882]LogAssetEditorManager: Opening Asset editor for LevelSequence /Game/Levels/VerticalSlice2/GreenDoor.GreenDoor
[2019.04.18-04.56.07:350][393]LogSlate: Window 'Sequencer' being destroyed
[2019.04.18-04.56.07:353][393]LogSlate: Window 'Sequencer' being destroyed
[2019.04.18-04.59.03:986][701]LogSlate: FSceneViewport::OnFocusLost() reason 0
[2019.04.18-04.59.26:948][764]LogActorFactory: Actor Factory created SpikeRoller
[2019.04.18-04.59.27:859][836]LogActorFactory: Actor Factory created SpikeRoller
[2019.04.18-04.59.28:441][886]LogActorFactory: Actor Factory created SpikeRoller
[2019.04.18-04.59.37:038][686]LogSlate: FSceneViewport::OnFocusLost() reason 0
[2019.04.18-04.59.44:347][298]LogSlate: FSceneViewport::OnFocusLost() reason 2
[2019.04.18-04.59.45:985][424]LogSlate: FSceneViewport::OnFocusLost() reason 2
[2019.04.18-04.59.49:763][424]LogSlate: Window 'Save Asset As' being destroyed
[2019.04.18-04.59.49:768][424]LogSlate: FSceneViewport::OnFocusLost() reason 3
[2019.04.18-04.59.49:823][424]LogAssetEditorManager: Opening Asset editor for LevelSequence /Game/spiketest.spiketest
[2019.04.18-05.00.07:773][518]LogSlate: FSceneViewport::OnFocusLost() reason 0
[2019.04.18-05.00.31:346][151]LogEditorViewport: Clicking on Actor (LMB): StaticMeshActor (SpikeRoller)
[2019.04.18-05.00.32:878][253]LogSlate: FSceneViewport::OnFocusLost() reason 0
[2019.04.18-05.00.46:083][176]Cmd: TRANSACTION UNDO
[2019.04.18-05.00.46:083][176]LogEditorTransaction: Undo Rotate Actors
[2019.04.18-05.00.48:427][333]LogSlate: FSceneViewport::OnFocusLost() reason 0
[2019.04.18-05.01.12:660][ 89]LogEditorViewport: Clicking on Actor (LMB): StaticMeshActor (SpikeRoller)
[2019.04.18-05.01.16:129][329]Cmd: CAMERA ALIGN ACTIVEVIEWPORTONLY
[2019.04.18-05.01.26:394][ 47]LogSlate: FSceneViewport::OnFocusLost() reason 0
[2019.04.18-05.01.51:465][867]LogEditorViewport: Clicking on Actor (LMB): StaticMeshActor (SpikeRoller)
[2019.04.18-05.02.05:267][825]LogSlate: FSceneViewport::OnFocusLost() reason 0
[2019.04.18-05.02.22:211][ 56]LogEditorViewport: Clicking on Actor (LMB): StaticMeshActor (SpikeRoller)
[2019.04.18-05.02.55:814][405]LogSlate: FSceneViewport::OnFocusLost() reason 0
[2019.04.18-05.03.06:576][109]LogSlate: Window 'Sequencer' being destroyed
[2019.04.18-05.03.06:578][109]LogSlate: Window 'Sequencer' being destroyed
[2019.04.18-05.03.07:751][208]LogEditorViewport: Clicking on Actor (LMB): StaticMeshActor (SpikeRoller)
[2019.04.18-05.03.08:401][267]Cmd: DELETE
[2019.04.18-05.03.08:401][267]Cmd: ACTOR DELETE
[2019.04.18-05.03.09:131][267]LogSlate: FSceneViewport::OnFocusLost() reason 2
[2019.04.18-05.03.11:288][267]LogSlate: Window 'Message' being destroyed
[2019.04.18-05.03.11:295][267]LogEditorActor: Deleted Actor: StaticMeshActor
[2019.04.18-05.03.11:322][267]LogEditorActor: Deleted 1 Actors (2.782 secs)
[2019.04.18-05.03.11:937][327]LogSlate: FSceneViewport::OnFocusLost() reason 0
[2019.04.18-05.03.14:128][430]LogSlate: Window 'Delete Assets' being destroyed
[2019.04.18-05.03.14:136][430]LogSlate: FSceneViewport::OnFocusLost() reason 2
[2019.04.18-05.03.14:315][430]LogSlate: FSceneViewport::OnFocusLost() reason 2
[2019.04.18-05.03.18:768][880]LogEditorViewport: Clicking on Actor (LMB): LevelSequenceActor (spiketest)
[2019.04.18-05.03.20:797][ 67]LogSlate: FSceneViewport::OnFocusLost() reason 0
[2019.04.18-05.03.21:514][135]LogEditorActor: Deleted Actor: LevelSequenceActor
[2019.04.18-05.03.21:542][135]LogEditorActor: Deleted 1 Actors (0.040 secs)
[2019.04.18-05.03.53:472][689]LogSlate: FSceneViewport::OnFocusLost() reason 2
[2019.04.18-05.03.54:919][689]LogSavePackage: Moving '../../../../../../../Users/aero1/Desktop/FAZE_vslice_2/Saved/Level2_Auto12C2B56C84A65AE49087DC39F103C6A45.tmp' to '../../../../../../../Users/aero1/Desktop/FAZE_vslice_2/Saved/Autosaves/Game/Levels/VerticalSlice2/Level2_Auto1.umap'
[2019.04.18-05.03.54:936][689]LogFileHelpers: Editor autosave (incl. sublevels) for '/Game/Levels/VerticalSlice2/Level2' took 1.434
[2019.04.18-05.03.54:936][689]LogFileHelpers: Editor autosave (incl. sublevels) for all levels took 1.434
[2019.04.18-05.05.28:476][171]LogSlate: FSceneViewport::OnFocusLost() reason 0
[2019.04.18-05.05.33:328][604]Cmd: BRUSH ADD SELECTNEWBRUSH
[2019.04.18-05.05.39:154][ 20]LogSlate: FSceneViewport::OnFocusLost() reason 2
[2019.04.18-05.05.50:684][127]LogSlate: FSceneViewport::OnFocusLost() reason 2
[2019.04.18-05.05.52:256][285]Cmd: POLY SELECT ADJACENT ALL
[2019.04.18-05.05.54:119][448]LogSlate: FSceneViewport::OnFocusLost() reason 2
[2019.04.18-05.06.05:242][338]LogSlate: FSceneViewport::OnFocusLost() reason 0
[2019.04.18-05.06.16:609][339]LogSlate: FSceneViewport::OnFocusLost() reason 2
[2019.04.18-05.06.18:861][568]Cmd: CAMERA ALIGN ACTIVEVIEWPORTONLY
[2019.04.18-05.06.20:943][778]LogSlate: FSceneViewport::OnFocusLost() reason 0
[2019.04.18-05.06.38:072][315]LogSlate: FSceneViewport::OnFocusLost() reason 2
[2019.04.18-05.06.38:847][395]LogSlate: FSceneViewport::OnFocusLost() reason 2
[2019.04.18-05.06.39:335][444]LogSlate: FSceneViewport::OnFocusLost() reason 2
[2019.04.18-05.07.17:489][694]LogSlate: FSceneViewport::OnFocusLost() reason 0
[2019.04.18-05.07.22:048][ 92]LogSlate: FSceneViewport::OnFocusLost() reason 0
[2019.04.18-05.07.41:323][955]LogSlate: FSceneViewport::OnFocusLost() reason 0
[2019.04.18-05.08.31:232][ 62]LogSlate: FSceneViewport::OnFocusLost() reason 0
[2019.04.18-05.08.37:687][560]LogEditorViewport: Clicking on Actor (LMB): TriggerVolume (KillVolumeGreen)
[2019.04.18-05.08.39:996][774]Cmd: TRANSACTION UNDO
[2019.04.18-05.08.39:996][774]LogEditorTransaction: Undo Clicking on Actors
[2019.04.18-05.08.41:356][895]Cmd: TRANSACTION UNDO
[2019.04.18-05.08.41:357][895]LogEditorTransaction: Undo Scale Actors
[2019.04.18-05.08.54:891][116]Cmd: TRANSACTION UNDO
[2019.04.18-05.08.54:891][116]LogEditorTransaction: Undo Scale Actors
[2019.04.18-05.08.58:424][407]LogSlate: FSceneViewport::OnFocusLost() reason 0
[2019.04.18-05.09.20:841][410]LogEditorViewport: Clicking on Actor (LMB): StaticMeshActor (waterGreen)
[2019.04.18-05.09.22:782][593]LogEditorViewport: Clicking on Actor (CTRL LMB): TriggerVolume (KillVolumeGreen)
[2019.04.18-05.09.24:702][777]LogSlate: FSceneViewport::OnFocusLost() reason 0
[2019.04.18-05.09.31:209][408]LogSlate: FSceneViewport::OnFocusLost() reason 0
[2019.04.18-05.09.34:807][758]Cmd: CAMERA ALIGN ACTIVEVIEWPORTONLY
[2019.04.18-05.10.10:655][175]LogSlate: FSceneViewport::OnFocusLost() reason 0
[2019.04.18-05.10.14:973][526]LogSlate: FSceneViewport::OnFocusLost() reason 0
[2019.04.18-05.10.25:858][506]LogSlate: FSceneViewport::OnFocusLost() reason 0
[2019.04.18-05.10.29:236][810]LogActorFactory: Actor Factory created Cube
[2019.04.18-05.10.32:203][ 80]LogActorFactory: Actor Factory created Cube
[2019.04.18-05.10.38:232][629]Cmd: CAMERA ALIGN ACTIVEVIEWPORTONLY
[2019.04.18-05.10.39:266][726]Cmd: CAMERA ALIGN ACTIVEVIEWPORTONLY
[2019.04.18-05.10.43:981][166]LogSlate: FSceneViewport::OnFocusLost() reason 0
[2019.04.18-05.11.02:081][865]LogSlate: FSceneViewport::OnFocusLost() reason 2
[2019.04.18-05.11.04:048][ 41]Cmd: CAMERA ALIGN ACTIVEVIEWPORTONLY
[2019.04.18-05.11.05:693][175]LogSlate: FSceneViewport::OnFocusLost() reason 0
[2019.04.18-05.11.22:457][727]LogSlate: FSceneViewport::OnFocusLost() reason 2
[2019.04.18-05.12.01:253][347]Cmd: EDIT COPY
[2019.04.18-05.12.02:483][462]Cmd: EDIT PASTE
[2019.04.18-05.12.19:849][ 67]Cmd: EDIT COPY
[2019.04.18-05.12.20:303][110]Cmd: EDIT PASTE
[2019.04.18-05.12.26:052][463]Cmd: CAMERA ALIGN ACTIVEVIEWPORTONLY
[2019.04.18-05.12.34:734][154]Cmd: CAMERA ALIGN ACTIVEVIEWPORTONLY
[2019.04.18-05.12.40:413][663]Cmd: CAMERA ALIGN ACTIVEVIEWPORTONLY
[2019.04.18-05.13.14:707][935]LogSlate: FSceneViewport::OnFocusLost() reason 2
[2019.04.18-05.13.16:145][ 70]LogSlate: FSceneViewport::OnFocusLost() reason 2
[2019.04.18-05.13.31:126][ 70]LogSlate: Window 'Save Asset As' being destroyed
[2019.04.18-05.13.31:132][ 70]LogSlate: FSceneViewport::OnFocusLost() reason 3
[2019.04.18-05.13.31:174][ 70]LogAssetEditorManager: Opening Asset editor for LevelSequence /Game/Platforms1Green.Platforms1Green
[2019.04.18-05.13.34:077][205]LogEditorViewport: Clicking on Actor (LMB): StaticMeshActor (Cube2)
[2019.04.18-05.13.35:913][296]LogEditorViewport: Clicking on Actor (CTRL LMB): StaticMeshActor (Cube)
[2019.04.18-05.13.37:492][405]LogSlate: FSceneViewport::OnFocusLost() reason 0
[2019.04.18-05.13.47:858][906]LogSlate: FSceneViewport::OnFocusLost() reason 0
[2019.04.18-05.15.21:533][324]LogEditorViewport: Clicking on Actor (LMB): StaticMeshActor (Cube)
[2019.04.18-05.15.48:385][230]LogEditorViewport: Clicking on Actor (LMB): StaticMeshActor (Cube2)
[2019.04.18-05.16.25:340][774]LogSlate: FSceneViewport::OnFocusLost() reason 0
[2019.04.18-05.17.02:527][899]LogSlate: FSceneViewport::OnFocusLost() reason 0
[2019.04.18-05.17.28:915][359]LogSlate: FSceneViewport::OnFocusLost() reason 0
[2019.04.18-05.17.46:036][244]LogOutputDevice: Warning: 

Script Stack (0 frames):

[2019.04.18-05.17.46:036][244]LogWindows: Windows GetLastError: The operation completed successfully. (0)
[2019.04.18-05.17.54:814][244]LogWindows: Error: === Critical error: ===
[2019.04.18-05.17.54:814][244]LogWindows: Error: 
[2019.04.18-05.17.54:814][244]LogWindows: Error: Assertion failed: InWorld != nullptr [File:D:\Build\++UE4\Sync\Engine\Source\Editor\UnrealEd\Private\EditorBrushBuilder.cpp] [Line: 52] 
[2019.04.18-05.17.54:814][244]LogWindows: Error: 
[2019.04.18-05.17.54:814][244]LogWindows: Error: 
[2019.04.18-05.17.54:814][244]LogWindows: Error: 
[2019.04.18-05.17.54:814][244]LogWindows: Error: [Callstack] 0x00007ffb0eb1a388 KERNELBASE.dll!UnknownFunction []
[2019.04.18-05.17.54:814][244]LogWindows: Error: [Callstack] 0x00007fface29cd1a UE4Editor-Core.dll!UnknownFunction []
[2019.04.18-05.17.54:814][244]LogWindows: Error: [Callstack] 0x00007fface07a967 UE4Editor-Core.dll!UnknownFunction []
[2019.04.18-05.17.54:814][244]LogWindows: Error: [Callstack] 0x00007ffacdfb0df7 UE4Editor-Core.dll!UnknownFunction []
[2019.04.18-05.17.54:814][244]LogWindows: Error: [Callstack] 0x00007ffaca64da77 UE4Editor-UnrealEd.dll!UnknownFunction []
[2019.04.18-05.17.54:814][244]LogWindows: Error: [Callstack] 0x00007ffaca66c678 UE4Editor-UnrealEd.dll!UnknownFunction []
[2019.04.18-05.17.54:814][244]LogWindows: Error: [Callstack] 0x00007ffacf87022a UE4Editor-CoreUObject.dll!UnknownFunction []
[2019.04.18-05.17.54:814][244]LogWindows: Error: [Callstack] 0x00007ffaca6dcd34 UE4Editor-UnrealEd.dll!UnknownFunction []
[2019.04.18-05.17.54:814][244]LogWindows: Error: [Callstack] 0x00007ffaca6dce4b UE4Editor-UnrealEd.dll!UnknownFunction []
[2019.04.18-05.17.54:814][244]LogWindows: Error: [Callstack] 0x00007ffaca6de52c UE4Editor-UnrealEd.dll!UnknownFunction []
[2019.04.18-05.17.54:814][244]LogWindows: Error: [Callstack] 0x00007ffaca6dcc67 UE4Editor-UnrealEd.dll!UnknownFunction []
[2019.04.18-05.17.54:814][244]LogWindows: Error: [Callstack] 0x00007ffaca6dce4b UE4Editor-UnrealEd.dll!UnknownFunction []
[2019.04.18-05.17.54:814][244]LogWindows: Error: [Callstack] 0x00007ffaca7d9d8e UE4Editor-UnrealEd.dll!UnknownFunction []
[2019.04.18-05.17.54:814][244]LogWindows: Error: [Callstack] 0x00007ffac01416be UE4Editor-Sequencer.dll!UnknownFunction []
[2019.04.18-05.17.54:814][244]LogWindows: Error: [Callstack] 0x00007ffac01f03a3 UE4Editor-Sequencer.dll!UnknownFunction []
[2019.04.18-05.17.54:814][244]LogWindows: Error: [Callstack] 0x00007ffac021fe3f UE4Editor-Sequencer.dll!UnknownFunction []
[2019.04.18-05.17.54:814][244]LogWindows: Error: [Callstack] 0x00007ffacd8c1ff6 UE4Editor-Slate.dll!UnknownFunction []
[2019.04.18-05.17.54:814][244]LogWindows: Error: [Callstack] 0x00007ffacd904c8e UE4Editor-Slate.dll!UnknownFunction []
[2019.04.18-05.17.54:814][244]LogWindows: Error: [Callstack] 0x00007ffac025bdf4 UE4Editor-Sequencer.dll!UnknownFunction []
[2019.04.18-05.17.54:814][244]LogWindows: Error: [Callstack] 0x00007ffacd88694c UE4Editor-Slate.dll!UnknownFunction []
[2019.04.18-05.17.54:814][244]LogWindows: Error: [Callstack] 0x00007ffacd90697c UE4Editor-Slate.dll!UnknownFunction []
[2019.04.18-05.17.54:814][244]LogWindows: Error: [Callstack] 0x00007ffacd8f9a36 UE4Editor-Slate.dll!UnknownFunction []
[2019.04.18-05.17.54:814][244]LogWindows: Error: [Callstack] 0x00007ffaf2f2daa4 UE4Editor-ApplicationCore.dll!UnknownFunction []
[2019.04.18-05.17.54:814][244]LogWindows: Error: [Callstack] 0x00007ffaf2f20de0 UE4Editor-ApplicationCore.dll!UnknownFunction []
[2019.04.18-05.17.54:814][244]LogWindows: Error: [Callstack] 0x00007ffaf2f301eb UE4Editor-ApplicationCore.dll!UnknownFunction []
[2019.04.18-05.17.54:814][244]LogWindows: Error: [Callstack] 0x00007ffaf2f1ca19 UE4Editor-ApplicationCore.dll!UnknownFunction []
[2019.04.18-05.17.54:814][244]LogWindows: Error: [Callstack] 0x00007ffb0f806d41 USER32.dll!UnknownFunction []
[2019.04.18-05.17.54:814][244]LogWindows: Error: [Callstack] 0x00007ffb0f806713 USER32.dll!UnknownFunction []
[2019.04.18-05.17.54:814][244]LogWindows: Error: [Callstack] 0x00007ffaf2f31746 UE4Editor-ApplicationCore.dll!UnknownFunction []
[2019.04.18-05.17.54:814][244]LogWindows: Error: [Callstack] 0x00007ff7d0565546 UE4Editor.exe!UnknownFunction []
[2019.04.18-05.17.54:814][244]LogWindows: Error: [Callstack] 0x00007ff7d057596c UE4Editor.exe!UnknownFunction []
[2019.04.18-05.17.54:814][244]LogWindows: Error: [Callstack] 0x00007ff7d05759ea UE4Editor.exe!UnknownFunction []
[2019.04.18-05.17.54:814][244]LogWindows: Error: [Callstack] 0x00007ff7d05848da UE4Editor.exe!UnknownFunction []
[2019.04.18-05.17.54:814][244]LogWindows: Error: [Callstack] 0x00007ff7d058659a UE4Editor.exe!UnknownFunction []
[2019.04.18-05.17.54:814][244]LogWindows: Error: [Callstack] 0x00007ffb12264034 KERNEL32.DLL!UnknownFunction []
[2019.04.18-05.17.54:814][244]LogWindows: Error: [Callstack] 0x00007ffb123b3691 ntdll.dll!UnknownFunction []
[2019.04.18-05.17.54:814][244]LogWindows: Error: 
[2019.04.18-05.17.54:831][244]LogExit: Executing StaticShutdownAfterError
[2019.04.18-05.17.55:517][244]LogWindows: FPlatformMisc::RequestExit(1)
[2019.04.18-05.17.55:539][244]Log file closed, 04/18/19 01:17:55
