Log file open, 04/19/19 09:10:48
LogWindows: Failed to load 'aqProf.dll' (GetLastError=126)
LogWindows: File 'aqProf.dll' does not exist
LogWindows: Failed to load 'VtuneApi.dll' (GetLastError=126)
LogWindows: File 'VtuneApi.dll' does not exist
LogWindows: Failed to load 'VtuneApi32e.dll' (GetLastError=126)
LogWindows: File 'VtuneApi32e.dll' does not exist
LogConsoleResponse: Display: Failed to find resolution value strings in scalability ini. Falling back to default.
LogInit: Display: Running engine for game: FAZE
LogPakFile: Registered encryption key '00000000000000000000000000000000': 0 pak files mounted, 0 remain pending
LogPlatformFile: Not using cached read wrapper
LogTaskGraph: Started task graph with 5 named threads and 14 total threads with 3 sets of task threads.
LogStats: Stats thread started at 6.595746
LogD3D11RHI: Loaded GFSDK_Aftermath_Lib.x64.dll
LogICUInternationalization: ICU TimeZone Detection - Raw Offset: -5:00, Platform Override: ''
LogPluginManager: Mounting plugin Paper2D
LogPluginManager: Mounting plugin AISupport
LogPluginManager: Mounting plugin LightPropagationVolume
LogPluginManager: Mounting plugin ActorLayerUtilities
LogPluginManager: Mounting plugin CLionSourceCodeAccess
LogPluginManager: Mounting plugin CodeLiteSourceCodeAccess
LogPluginManager: Mounting plugin GitSourceControl
LogPluginManager: Mounting plugin KDevelopSourceCodeAccess
LogPluginManager: Mounting plugin NullSourceCodeAccess
LogPluginManager: Mounting plugin PerforceSourceControl
LogPluginManager: Mounting plugin SubversionSourceControl
LogPluginManager: Mounting plugin UObjectPlugin
LogPluginManager: Mounting plugin VisualStudioCodeSourceCodeAccess
LogPluginManager: Mounting plugin VisualStudioSourceCodeAccess
LogPluginManager: Mounting plugin XCodeSourceCodeAccess
LogPluginManager: Mounting plugin AssetManagerEditor
LogPluginManager: Mounting plugin CryptoKeys
LogPluginManager: Mounting plugin DataValidation
LogPluginManager: Mounting plugin FacialAnimation
LogPluginManager: Mounting plugin GameplayTagsEditor
LogPluginManager: Mounting plugin MacGraphicsSwitching
LogPluginManager: Mounting plugin MeshEditor
LogPluginManager: Mounting plugin MobileLauncherProfileWizard
LogPluginManager: Mounting plugin PluginBrowser
LogPluginManager: Mounting plugin SpeedTreeImporter
LogPluginManager: Mounting plugin DatasmithContent
LogPluginManager: Mounting plugin VariantManagerContent
LogPluginManager: Mounting plugin AlembicImporter
LogPluginManager: Mounting plugin AppleImageUtils
LogPluginManager: Mounting plugin AppleVision
LogPluginManager: Mounting plugin BackChannel
LogPluginManager: Mounting plugin CharacterAI
LogPluginManager: Mounting plugin GeometryCache
LogPluginManager: Mounting plugin HTML5Networking
LogPluginManager: Mounting plugin ProxyLODPlugin
LogPluginManager: Mounting plugin MagicLeap
LogPluginManager: Mounting plugin MagicLeapMedia
LogPluginManager: Mounting plugin AndroidMedia
LogPluginManager: Mounting plugin AvfMedia
LogPluginManager: Mounting plugin ImgMedia
LogPluginManager: Mounting plugin LinearTimecode
LogPluginManager: Mounting plugin MediaCompositing
LogPluginManager: Mounting plugin MediaPlayerEditor
LogPluginManager: Mounting plugin WebMMedia
LogPluginManager: Mounting plugin WmfMedia
LogPluginManager: Mounting plugin TcpMessaging
LogPluginManager: Mounting plugin UdpMessaging
LogPluginManager: Mounting plugin ActorSequence
LogPluginManager: Mounting plugin LevelSequenceEditor
LogPluginManager: Mounting plugin MatineeToLevelSequence
LogPluginManager: Mounting plugin NetcodeUnitTest
LogPluginManager: Mounting plugin NUTUnrealEngine4
LogPluginManager: Mounting plugin OnlineSubsystemGooglePlay
LogPluginManager: Mounting plugin OnlineSubsystemIOS
LogPluginManager: Mounting plugin OnlineSubsystem
LogPluginManager: Mounting plugin OnlineSubsystemNull
LogPluginManager: Mounting plugin OnlineSubsystemUtils
LogPluginManager: Mounting plugin LauncherChunkInstaller
LogPluginManager: Mounting plugin AndroidDeviceProfileSelector
LogPluginManager: Mounting plugin AndroidMoviePlayer
LogPluginManager: Mounting plugin AndroidPermission
LogPluginManager: Mounting plugin AppleMoviePlayer
LogPluginManager: Mounting plugin ArchVisCharacter
LogPluginManager: Mounting plugin AudioCapture
LogPluginManager: Mounting plugin CableComponent
LogPluginManager: Mounting plugin CustomMeshComponent
LogPluginManager: Mounting plugin EditableMesh
LogPluginManager: Mounting plugin ExampleDeviceProfileSelector
LogPluginManager: Mounting plugin Firebase
LogPluginManager: Mounting plugin GoogleCloudMessaging
LogPluginManager: Mounting plugin IOSDeviceProfileSelector
LogPluginManager: Mounting plugin LinuxDeviceProfileSelector
LogPluginManager: Mounting plugin LocationServicesBPLibrary
LogPluginManager: Mounting plugin MobilePatchingUtils
LogPluginManager: Mounting plugin OculusVR
LogPluginManager: Mounting plugin PhysXVehicles
LogPluginManager: Mounting plugin ProceduralMeshComponent
LogPluginManager: Mounting plugin RuntimePhysXCooking
LogPluginManager: Mounting plugin SteamVR
LogPluginManager: Mounting plugin WebMMoviePlayer
LogPluginManager: Mounting plugin WindowsMoviePlayer
LogStreaming: Display: Took  4.898s to configure plugins.
LogInit: Using libcurl 7.55.1-DEV
LogInit:  - built for x86_64-pc-win32
LogInit:  - supports SSL with OpenSSL/1.0.2h
LogInit:  - supports HTTP deflate (compression) using libz 1.2.8
LogInit:  - other features:
LogInit:      CURL_VERSION_SSL
LogInit:      CURL_VERSION_LIBZ
LogInit:      CURL_VERSION_IPV6
LogInit:      CURL_VERSION_ASYNCHDNS
LogInit:      CURL_VERSION_LARGEFILE
LogInit:      CURL_VERSION_IDN
LogInit:  CurlRequestOptions (configurable via config and command line):
LogInit:  - bVerifyPeer = true  - Libcurl will verify peer certificate
LogInit:  - bUseHttpProxy = false  - Libcurl will NOT use HTTP proxy
LogInit:  - bDontReuseConnections = false  - Libcurl will reuse connections
LogInit:  - MaxHostConnections = 16  - Libcurl will limit the number of connections to a host
LogInit:  - LocalHostAddr = Default
LogInit:  - BufferSize = 65536
LogInit: WinSock: version 1.1 (2.2), MaxSocks=32767, MaxUdp=65467
LogInit: Build: ++UE4+Release-4.21-CL-4753647
LogInit: Engine Version: 4.21.2-4753647+++UE4+Release-4.21
LogInit: Compatible Engine Version: 4.21.0-4541578+++UE4+Release-4.21
LogInit: Net CL: 4541578
LogInit: OS: Windows 10 (), CPU: Intel(R) Core(TM) i5-7300HQ CPU @ 2.50GHz, GPU: Intel(R) HD Graphics 630
LogInit: Compiled (64-bit): Jan 19 2019 02:07:31
LogInit: Compiled with Visual C++: 19.13.26129.00
LogInit: Build Configuration: Development
LogInit: Branch Name: ++UE4+Release-4.21
LogInit: Command Line: 
LogInit: Base Directory: C:/Program Files/Epic Games/UE_4.21.2/UE_4.21/Engine/Binaries/Win64/
LogInit: Installed Engine Build: 1
LogDevObjectVersion: Number of dev versions registered: 22
LogDevObjectVersion:   Dev-Blueprints (B0D832E4-1F89-4F0D-ACCF-7EB736FD4AA2): 10
LogDevObjectVersion:   Dev-Build (E1C64328-A22C-4D53-A36C-8E866417BD8C): 0
LogDevObjectVersion:   Dev-Core (375EC13C-06E4-48FB-B500-84F0262A717E): 2
LogDevObjectVersion:   Dev-Editor (E4B068ED-F494-42E9-A231-DA0B2E46BB41): 26
LogDevObjectVersion:   Dev-Framework (CFFC743F-43B0-4480-9391-14DF171D2073): 34
LogDevObjectVersion:   Dev-Mobile (B02B49B5-BB20-44E9-A304-32B752E40360): 2
LogDevObjectVersion:   Dev-Networking (A4E4105C-59A1-49B5-A7C5-40C4547EDFEE): 0
LogDevObjectVersion:   Dev-Online (39C831C9-5AE6-47DC-9A44-9C173E1C8E7C): 0
LogDevObjectVersion:   Dev-Physics (78F01B33-EBEA-4F98-B9B4-84EACCB95AA2): 0
LogDevObjectVersion:   Dev-Platform (6631380F-2D4D-43E0-8009-CF276956A95A): 0
LogDevObjectVersion:   Dev-Rendering (12F88B9F-8875-4AFC-A67C-D90C383ABD29): 27
LogDevObjectVersion:   Dev-Sequencer (7B5AE74C-D270-4C10-A958-57980B212A5A): 9
LogDevObjectVersion:   Dev-VR (D7296918-1DD6-4BDD-9DE2-64A83CC13884): 2
LogDevObjectVersion:   Dev-LoadTimes (C2A15278-BFE7-4AFE-6C17-90FF531DF755): 1
LogDevObjectVersion:   Private-Geometry (6EACA3D4-40EC-4CC1-B786-8BED09428FC5): 3
LogDevObjectVersion:   Dev-AnimPhys (29E575DD-E0A3-4627-9D10-D276232CDCEA): 17
LogDevObjectVersion:   Dev-Anim (AF43A65D-7FD3-4947-9873-3E8ED9C1BB05): 2
LogDevObjectVersion:   Dev-ReflectionCapture (6B266CEC-1EC7-4B8F-A30B-E4D90942FC07): 1
LogDevObjectVersion:   Dev-Automation (0DF73D61-A23F-47EA-B727-89E90C41499A): 1
LogDevObjectVersion:   FortniteMain (601D1886-AC64-4F84-AA16-D3DE0DEAC7D6): 17
LogDevObjectVersion:   Dev-Enterprise (9DFFBCD6-494F-0158-E221-12823C92A888): 4
LogDevObjectVersion:   Dev-Niagara (F2AED0AC-9AFE-416F-8664-AA7FFA26D6FC): 1
LogStreaming: Display: Took  0.207s to delete old logs.
LogInit: Presizing for max 8388607 objects, including 0 objects not considered by GC, pre-allocating 0 bytes for permanent pool.
LogInit: Object subsystem initialized
LogConfig: Setting CVar [[con.DebugEarlyDefault:1]]
LogConfig: Setting CVar [[r.setres:1280x720]]
[2019.04.19-13.10.53:217][  0]LogConfig: Setting CVar [[r.VSync:0]]
[2019.04.19-13.10.53:217][  0]LogConfig: Setting CVar [[r.RHICmdBypass:0]]
[2019.04.19-13.10.53:217][  0]LogConfig: Applying CVar settings from Section [/Script/Engine.RendererSettings] File [C:/Users/aero1/Desktop/FAZE_vslice_2/Saved/Config/Windows/Engine.ini]
[2019.04.19-13.10.53:217][  0]LogConfig: Setting CVar [[r.GPUCrashDebugging:0]]
[2019.04.19-13.10.53:217][  0]LogConfig: Applying CVar settings from Section [/Script/Engine.RendererOverrideSettings] File [C:/Users/aero1/Desktop/FAZE_vslice_2/Saved/Config/Windows/Engine.ini]
[2019.04.19-13.10.53:217][  0]LogConfig: Applying CVar settings from Section [/Script/Engine.StreamingSettings] File [C:/Users/aero1/Desktop/FAZE_vslice_2/Saved/Config/Windows/Engine.ini]
[2019.04.19-13.10.53:217][  0]LogConfig: Setting CVar [[s.MinBulkDataSizeForAsyncLoading:131072]]
[2019.04.19-13.10.53:217][  0]LogConfig: Setting CVar [[s.AsyncLoadingThreadEnabled:0]]
[2019.04.19-13.10.53:217][  0]LogConfig: Setting CVar [[s.EventDrivenLoaderEnabled:1]]
[2019.04.19-13.10.53:217][  0]LogConfig: Setting CVar [[s.WarnIfTimeLimitExceeded:0]]
[2019.04.19-13.10.53:217][  0]LogConfig: Setting CVar [[s.TimeLimitExceededMultiplier:1.5]]
[2019.04.19-13.10.53:217][  0]LogConfig: Setting CVar [[s.TimeLimitExceededMinTime:0.005]]
[2019.04.19-13.10.53:217][  0]LogConfig: Setting CVar [[s.UseBackgroundLevelStreaming:1]]
[2019.04.19-13.10.53:217][  0]LogConfig: Setting CVar [[s.PriorityAsyncLoadingExtraTime:15.0]]
[2019.04.19-13.10.53:217][  0]LogConfig: Setting CVar [[s.LevelStreamingActorsUpdateTimeLimit:5.0]]
[2019.04.19-13.10.53:217][  0]LogConfig: Setting CVar [[s.PriorityLevelStreamingActorsUpdateExtraTime:5.0]]
[2019.04.19-13.10.53:217][  0]LogConfig: Setting CVar [[s.LevelStreamingComponentsRegistrationGranularity:10]]
[2019.04.19-13.10.53:217][  0]LogConfig: Setting CVar [[s.UnregisterComponentsTimeLimit:1.0]]
[2019.04.19-13.10.53:217][  0]LogConfig: Setting CVar [[s.LevelStreamingComponentsUnregistrationGranularity:5]]
[2019.04.19-13.10.53:217][  0]LogConfig: Applying CVar settings from Section [/Script/Engine.GarbageCollectionSettings] File [C:/Users/aero1/Desktop/FAZE_vslice_2/Saved/Config/Windows/Engine.ini]
[2019.04.19-13.10.53:232][  0]LogConfig: Setting CVar [[gc.MaxObjectsNotConsideredByGC:1]]
[2019.04.19-13.10.53:232][  0]LogConfig: Setting CVar [[gc.SizeOfPermanentObjectPool:0]]
[2019.04.19-13.10.53:232][  0]LogConfig: Setting CVar [[gc.FlushStreamingOnGC:0]]
[2019.04.19-13.10.53:232][  0]LogConfig: Setting CVar [[gc.NumRetriesBeforeForcingGC:10]]
[2019.04.19-13.10.53:232][  0]LogConfig: Setting CVar [[gc.AllowParallelGC:1]]
[2019.04.19-13.10.53:232][  0]LogConfig: Setting CVar [[gc.TimeBetweenPurgingPendingKillObjects:61.1]]
[2019.04.19-13.10.53:232][  0]LogConfig: Setting CVar [[gc.MaxObjectsInEditor:8388607]]
[2019.04.19-13.10.53:232][  0]LogConfig: Setting CVar [[gc.IncrementalBeginDestroyEnabled:1]]
[2019.04.19-13.10.53:232][  0]LogConfig: Setting CVar [[gc.CreateGCClusters:1]]
[2019.04.19-13.10.53:232][  0]LogConfig: Setting CVar [[gc.MergeGCClusters:0]]
[2019.04.19-13.10.53:232][  0]LogConfig: Setting CVar [[gc.MinGCClusterSize:5]]
[2019.04.19-13.10.53:232][  0]LogConfig: Setting CVar [[gc.ActorClusteringEnabled:0]]
[2019.04.19-13.10.53:232][  0]LogConfig: Setting CVar [[gc.BlueprintClusteringEnabled:0]]
[2019.04.19-13.10.53:232][  0]LogConfig: Setting CVar [[gc.UseDisregardForGCOnDedicatedServers:0]]
[2019.04.19-13.10.53:232][  0]LogConfig: Applying CVar settings from Section [/Script/Engine.NetworkSettings] File [C:/Users/aero1/Desktop/FAZE_vslice_2/Saved/Config/Windows/Engine.ini]
[2019.04.19-13.10.53:232][  0]LogConfig: Applying CVar settings from Section [/Script/UnrealEd.CookerSettings] File [C:/Users/aero1/Desktop/FAZE_vslice_2/Saved/Config/Windows/Engine.ini]
[2019.04.19-13.10.53:373][  0]LogConfig: Applying CVar settings from Section [ViewDistanceQuality@3] File [C:/Users/aero1/Desktop/FAZE_vslice_2/Saved/Config/Windows/Scalability.ini]
[2019.04.19-13.10.53:373][  0]LogConfig: Setting CVar [[r.SkeletalMeshLODBias:0]]
[2019.04.19-13.10.53:373][  0]LogConfig: Setting CVar [[r.ViewDistanceScale:1.0]]
[2019.04.19-13.10.53:373][  0]LogConfig: Applying CVar settings from Section [AntiAliasingQuality@3] File [C:/Users/aero1/Desktop/FAZE_vslice_2/Saved/Config/Windows/Scalability.ini]
[2019.04.19-13.10.53:373][  0]LogConfig: Setting CVar [[r.PostProcessAAQuality:4]]
[2019.04.19-13.10.53:373][  0]LogConfig: Applying CVar settings from Section [ShadowQuality@3] File [C:/Users/aero1/Desktop/FAZE_vslice_2/Saved/Config/Windows/Scalability.ini]
[2019.04.19-13.10.53:373][  0]LogConfig: Setting CVar [[r.LightFunctionQuality:1]]
[2019.04.19-13.10.53:373][  0]LogConfig: Setting CVar [[r.ShadowQuality:5]]
[2019.04.19-13.10.53:373][  0]LogConfig: Setting CVar [[r.Shadow.CSM.MaxCascades:10]]
[2019.04.19-13.10.53:373][  0]LogConfig: Setting CVar [[r.Shadow.MaxResolution:2048]]
[2019.04.19-13.10.53:373][  0]LogConfig: Setting CVar [[r.Shadow.MaxCSMResolution:2048]]
[2019.04.19-13.10.53:373][  0]LogConfig: Setting CVar [[r.Shadow.RadiusThreshold:0.01]]
[2019.04.19-13.10.53:373][  0]LogConfig: Setting CVar [[r.Shadow.DistanceScale:1.0]]
[2019.04.19-13.10.53:373][  0]LogConfig: Setting CVar [[r.Shadow.CSM.TransitionScale:1.0]]
[2019.04.19-13.10.53:373][  0]LogConfig: Setting CVar [[r.Shadow.PreShadowResolutionFactor:1.0]]
[2019.04.19-13.10.53:373][  0]LogConfig: Setting CVar [[r.DistanceFieldShadowing:1]]
[2019.04.19-13.10.53:373][  0]LogConfig: Setting CVar [[r.DistanceFieldAO:1]]
[2019.04.19-13.10.53:373][  0]LogConfig: Setting CVar [[r.AOQuality:2]]
[2019.04.19-13.10.53:373][  0]LogConfig: Setting CVar [[r.VolumetricFog:1]]
[2019.04.19-13.10.53:373][  0]LogConfig: Setting CVar [[r.VolumetricFog.GridPixelSize:8]]
[2019.04.19-13.10.53:373][  0]LogConfig: Setting CVar [[r.VolumetricFog.GridSizeZ:128]]
[2019.04.19-13.10.53:373][  0]LogConfig: Setting CVar [[r.VolumetricFog.HistoryMissSupersampleCount:4]]
[2019.04.19-13.10.53:373][  0]LogConfig: Setting CVar [[r.LightMaxDrawDistanceScale:1]]
[2019.04.19-13.10.53:373][  0]LogConfig: Setting CVar [[r.CapsuleShadows:1]]
[2019.04.19-13.10.53:373][  0]LogConfig: Applying CVar settings from Section [PostProcessQuality@3] File [C:/Users/aero1/Desktop/FAZE_vslice_2/Saved/Config/Windows/Scalability.ini]
[2019.04.19-13.10.53:373][  0]LogConfig: Setting CVar [[r.MotionBlurQuality:4]]
[2019.04.19-13.10.53:373][  0]LogConfig: Setting CVar [[r.AmbientOcclusionMipLevelFactor:0.4]]
[2019.04.19-13.10.53:373][  0]LogConfig: Setting CVar [[r.AmbientOcclusionMaxQuality:100]]
[2019.04.19-13.10.53:373][  0]LogConfig: Setting CVar [[r.AmbientOcclusionLevels:-1]]
[2019.04.19-13.10.53:373][  0]LogConfig: Setting CVar [[r.AmbientOcclusionRadiusScale:1.0]]
[2019.04.19-13.10.53:373][  0]LogConfig: Setting CVar [[r.DepthOfFieldQuality:2]]
[2019.04.19-13.10.53:373][  0]LogConfig: Setting CVar [[r.RenderTargetPoolMin:400]]
[2019.04.19-13.10.53:373][  0]LogConfig: Setting CVar [[r.LensFlareQuality:2]]
[2019.04.19-13.10.53:373][  0]LogConfig: Setting CVar [[r.SceneColorFringeQuality:1]]
[2019.04.19-13.10.53:373][  0]LogConfig: Setting CVar [[r.EyeAdaptationQuality:2]]
[2019.04.19-13.10.53:373][  0]LogConfig: Setting CVar [[r.BloomQuality:5]]
[2019.04.19-13.10.53:373][  0]LogConfig: Setting CVar [[r.FastBlurThreshold:100]]
[2019.04.19-13.10.53:373][  0]LogConfig: Setting CVar [[r.Upscale.Quality:3]]
[2019.04.19-13.10.53:373][  0]LogConfig: Setting CVar [[r.Tonemapper.GrainQuantization:1]]
[2019.04.19-13.10.53:373][  0]LogConfig: Setting CVar [[r.LightShaftQuality:1]]
[2019.04.19-13.10.53:373][  0]LogConfig: Setting CVar [[r.Filter.SizeScale:1]]
[2019.04.19-13.10.53:373][  0]LogConfig: Setting CVar [[r.Tonemapper.Quality:5]]
[2019.04.19-13.10.53:373][  0]LogConfig: Setting CVar [[r.DOF.Gather.AccumulatorQuality:1        ; higher gathering accumulator quality]]
[2019.04.19-13.10.53:373][  0]LogConfig: Setting CVar [[r.DOF.Gather.PostfilterMethod:1          ; Median3x3 postfilering method]]
[2019.04.19-13.10.53:373][  0]LogConfig: Setting CVar [[r.DOF.Gather.EnableBokehSettings:0       ; no bokeh simulation when gathering]]
[2019.04.19-13.10.53:373][  0]LogConfig: Setting CVar [[r.DOF.Gather.RingCount:4                 ; medium number of samples when gathering]]
[2019.04.19-13.10.53:373][  0]LogConfig: Setting CVar [[r.DOF.Scatter.ForegroundCompositing:1    ; additive foreground scattering]]
[2019.04.19-13.10.53:373][  0]LogConfig: Setting CVar [[r.DOF.Scatter.BackgroundCompositing:2    ; additive background scattering]]
[2019.04.19-13.10.53:373][  0]LogConfig: Setting CVar [[r.DOF.Scatter.EnableBokehSettings:1      ; bokeh simulation when scattering]]
[2019.04.19-13.10.53:373][  0]LogConfig: Setting CVar [[r.DOF.Scatter.MaxSpriteRatio:0.1         ; only a maximum of 10% of scattered bokeh]]
[2019.04.19-13.10.53:373][  0]LogConfig: Setting CVar [[r.DOF.Recombine.Quality:1                ; cheap slight out of focus]]
[2019.04.19-13.10.53:373][  0]LogConfig: Setting CVar [[r.DOF.Recombine.EnableBokehSettings:0    ; no bokeh simulation on slight out of focus]]
[2019.04.19-13.10.53:373][  0]LogConfig: Setting CVar [[r.DOF.TemporalAAQuality:1                ; more stable temporal accumulation]]
[2019.04.19-13.10.53:373][  0]LogConfig: Setting CVar [[r.DOF.Kernel.MaxForegroundRadius:0.025]]
[2019.04.19-13.10.53:373][  0]LogConfig: Setting CVar [[r.DOF.Kernel.MaxBackgroundRadius:0.025]]
[2019.04.19-13.10.53:373][  0]LogConfig: Applying CVar settings from Section [TextureQuality@3] File [C:/Users/aero1/Desktop/FAZE_vslice_2/Saved/Config/Windows/Scalability.ini]
[2019.04.19-13.10.53:373][  0]LogConfig: Setting CVar [[r.Streaming.MipBias:0]]
[2019.04.19-13.10.53:373][  0]LogConfig: Setting CVar [[r.Streaming.AmortizeCPUToGPUCopy:0]]
[2019.04.19-13.10.53:373][  0]LogConfig: Setting CVar [[r.Streaming.MaxNumTexturesToStreamPerFrame:0]]
[2019.04.19-13.10.53:373][  0]LogConfig: Setting CVar [[r.Streaming.Boost:1]]
[2019.04.19-13.10.53:373][  0]LogConfig: Setting CVar [[r.MaxAnisotropy:8]]
[2019.04.19-13.10.53:373][  0]LogConfig: Setting CVar [[r.Streaming.LimitPoolSizeToVRAM:0]]
[2019.04.19-13.10.53:373][  0]LogConfig: Setting CVar [[r.Streaming.PoolSize:1000]]
[2019.04.19-13.10.53:373][  0]LogConfig: Setting CVar [[r.Streaming.MaxEffectiveScreenSize:0]]
[2019.04.19-13.10.53:373][  0]LogConfig: Applying CVar settings from Section [EffectsQuality@3] File [C:/Users/aero1/Desktop/FAZE_vslice_2/Saved/Config/Windows/Scalability.ini]
[2019.04.19-13.10.53:373][  0]LogConfig: Setting CVar [[r.TranslucencyLightingVolumeDim:64]]
[2019.04.19-13.10.53:373][  0]LogConfig: Setting CVar [[r.RefractionQuality:2]]
[2019.04.19-13.10.53:373][  0]LogConfig: Setting CVar [[r.SSR.Quality:3]]
[2019.04.19-13.10.53:373][  0]LogConfig: Setting CVar [[r.SceneColorFormat:4]]
[2019.04.19-13.10.53:373][  0]LogConfig: Setting CVar [[r.DetailMode:2]]
[2019.04.19-13.10.53:373][  0]LogConfig: Setting CVar [[r.TranslucencyVolumeBlur:1]]
[2019.04.19-13.10.53:373][  0]LogConfig: Setting CVar [[r.MaterialQualityLevel:1 ; High quality]]
[2019.04.19-13.10.53:373][  0]LogConfig: Setting CVar [[r.SSS.Scale:1]]
[2019.04.19-13.10.53:373][  0]LogConfig: Setting CVar [[r.SSS.SampleSet:2]]
[2019.04.19-13.10.53:373][  0]LogConfig: Setting CVar [[r.SSS.Quality:1]]
[2019.04.19-13.10.53:373][  0]LogConfig: Setting CVar [[r.SSS.HalfRes:1]]
[2019.04.19-13.10.53:373][  0]LogConfig: Setting CVar [[r.EmitterSpawnRateScale:1.0]]
[2019.04.19-13.10.53:373][  0]LogConfig: Setting CVar [[r.ParticleLightQuality:2]]
[2019.04.19-13.10.53:373][  0]LogConfig: Applying CVar settings from Section [FoliageQuality@3] File [C:/Users/aero1/Desktop/FAZE_vslice_2/Saved/Config/Windows/Scalability.ini]
[2019.04.19-13.10.53:373][  0]LogConfig: Setting CVar [[foliage.DensityScale:1.0]]
[2019.04.19-13.10.53:373][  0]LogConfig: Setting CVar [[grass.DensityScale:1.0]]
[2019.04.19-13.10.53:389][  0]LogInit: Selected Device Profile: [Windows]
[2019.04.19-13.10.53:389][  0]LogInit: Applying CVar settings loaded from the selected device profile: [Windows]
[2019.04.19-13.10.53:451][  0]LogHAL: Display: Platform has ~ 8 GB [8459030528 / 8589934592 / 8], which maps to Default [LargestMinGB=32, LargerMinGB=12, DefaultMinGB=8, SmallerMinGB=6, SmallestMinGB=0)
[2019.04.19-13.10.53:467][  0]LogConfig: Setting CVar [[r.Vulkan.UseRealUBs:1]]
[2019.04.19-13.10.53:467][  0]LogInit: Going up to parent DeviceProfile []
[2019.04.19-13.10.53:467][  0]LogConfig: Applying CVar settings from Section [ViewDistanceQuality@3] File [C:/Users/aero1/Desktop/FAZE_vslice_2/Saved/Config/Windows/Scalability.ini]
[2019.04.19-13.10.53:467][  0]LogConfig: Setting CVar [[r.SkeletalMeshLODBias:0]]
[2019.04.19-13.10.53:467][  0]LogConfig: Setting CVar [[r.ViewDistanceScale:1.0]]
[2019.04.19-13.10.53:467][  0]LogConfig: Applying CVar settings from Section [AntiAliasingQuality@3] File [C:/Users/aero1/Desktop/FAZE_vslice_2/Saved/Config/Windows/Scalability.ini]
[2019.04.19-13.10.53:467][  0]LogConfig: Setting CVar [[r.PostProcessAAQuality:4]]
[2019.04.19-13.10.53:467][  0]LogConfig: Applying CVar settings from Section [ShadowQuality@3] File [C:/Users/aero1/Desktop/FAZE_vslice_2/Saved/Config/Windows/Scalability.ini]
[2019.04.19-13.10.53:467][  0]LogConfig: Setting CVar [[r.LightFunctionQuality:1]]
[2019.04.19-13.10.53:467][  0]LogConfig: Setting CVar [[r.ShadowQuality:5]]
[2019.04.19-13.10.53:467][  0]LogConfig: Setting CVar [[r.Shadow.CSM.MaxCascades:10]]
[2019.04.19-13.10.53:467][  0]LogConfig: Setting CVar [[r.Shadow.MaxResolution:2048]]
[2019.04.19-13.10.53:467][  0]LogConfig: Setting CVar [[r.Shadow.MaxCSMResolution:2048]]
[2019.04.19-13.10.53:467][  0]LogConfig: Setting CVar [[r.Shadow.RadiusThreshold:0.01]]
[2019.04.19-13.10.53:467][  0]LogConfig: Setting CVar [[r.Shadow.DistanceScale:1.0]]
[2019.04.19-13.10.53:467][  0]LogConfig: Setting CVar [[r.Shadow.CSM.TransitionScale:1.0]]
[2019.04.19-13.10.53:467][  0]LogConfig: Setting CVar [[r.Shadow.PreShadowResolutionFactor:1.0]]
[2019.04.19-13.10.53:467][  0]LogConfig: Setting CVar [[r.DistanceFieldShadowing:1]]
[2019.04.19-13.10.53:467][  0]LogConfig: Setting CVar [[r.DistanceFieldAO:1]]
[2019.04.19-13.10.53:467][  0]LogConfig: Setting CVar [[r.AOQuality:2]]
[2019.04.19-13.10.53:467][  0]LogConfig: Setting CVar [[r.VolumetricFog:1]]
[2019.04.19-13.10.53:467][  0]LogConfig: Setting CVar [[r.VolumetricFog.GridPixelSize:8]]
[2019.04.19-13.10.53:467][  0]LogConfig: Setting CVar [[r.VolumetricFog.GridSizeZ:128]]
[2019.04.19-13.10.53:467][  0]LogConfig: Setting CVar [[r.VolumetricFog.HistoryMissSupersampleCount:4]]
[2019.04.19-13.10.53:467][  0]LogConfig: Setting CVar [[r.LightMaxDrawDistanceScale:1]]
[2019.04.19-13.10.53:467][  0]LogConfig: Setting CVar [[r.CapsuleShadows:1]]
[2019.04.19-13.10.53:467][  0]LogConfig: Applying CVar settings from Section [PostProcessQuality@3] File [C:/Users/aero1/Desktop/FAZE_vslice_2/Saved/Config/Windows/Scalability.ini]
[2019.04.19-13.10.53:467][  0]LogConfig: Setting CVar [[r.MotionBlurQuality:4]]
[2019.04.19-13.10.53:467][  0]LogConfig: Setting CVar [[r.AmbientOcclusionMipLevelFactor:0.4]]
[2019.04.19-13.10.53:467][  0]LogConfig: Setting CVar [[r.AmbientOcclusionMaxQuality:100]]
[2019.04.19-13.10.53:467][  0]LogConfig: Setting CVar [[r.AmbientOcclusionLevels:-1]]
[2019.04.19-13.10.53:467][  0]LogConfig: Setting CVar [[r.AmbientOcclusionRadiusScale:1.0]]
[2019.04.19-13.10.53:467][  0]LogConfig: Setting CVar [[r.DepthOfFieldQuality:2]]
[2019.04.19-13.10.53:467][  0]LogConfig: Setting CVar [[r.RenderTargetPoolMin:400]]
[2019.04.19-13.10.53:467][  0]LogConfig: Setting CVar [[r.LensFlareQuality:2]]
[2019.04.19-13.10.53:467][  0]LogConfig: Setting CVar [[r.SceneColorFringeQuality:1]]
[2019.04.19-13.10.53:467][  0]LogConfig: Setting CVar [[r.EyeAdaptationQuality:2]]
[2019.04.19-13.10.53:467][  0]LogConfig: Setting CVar [[r.BloomQuality:5]]
[2019.04.19-13.10.53:467][  0]LogConfig: Setting CVar [[r.FastBlurThreshold:100]]
[2019.04.19-13.10.53:467][  0]LogConfig: Setting CVar [[r.Upscale.Quality:3]]
[2019.04.19-13.10.53:467][  0]LogConfig: Setting CVar [[r.Tonemapper.GrainQuantization:1]]
[2019.04.19-13.10.53:467][  0]LogConfig: Setting CVar [[r.LightShaftQuality:1]]
[2019.04.19-13.10.53:467][  0]LogConfig: Setting CVar [[r.Filter.SizeScale:1]]
[2019.04.19-13.10.53:467][  0]LogConfig: Setting CVar [[r.Tonemapper.Quality:5]]
[2019.04.19-13.10.53:467][  0]LogConfig: Setting CVar [[r.DOF.Gather.AccumulatorQuality:1        ; higher gathering accumulator quality]]
[2019.04.19-13.10.53:467][  0]LogConfig: Setting CVar [[r.DOF.Gather.PostfilterMethod:1          ; Median3x3 postfilering method]]
[2019.04.19-13.10.53:467][  0]LogConfig: Setting CVar [[r.DOF.Gather.EnableBokehSettings:0       ; no bokeh simulation when gathering]]
[2019.04.19-13.10.53:467][  0]LogConfig: Setting CVar [[r.DOF.Gather.RingCount:4                 ; medium number of samples when gathering]]
[2019.04.19-13.10.53:467][  0]LogConfig: Setting CVar [[r.DOF.Scatter.ForegroundCompositing:1    ; additive foreground scattering]]
[2019.04.19-13.10.53:467][  0]LogConfig: Setting CVar [[r.DOF.Scatter.BackgroundCompositing:2    ; additive background scattering]]
[2019.04.19-13.10.53:467][  0]LogConfig: Setting CVar [[r.DOF.Scatter.EnableBokehSettings:1      ; bokeh simulation when scattering]]
[2019.04.19-13.10.53:467][  0]LogConfig: Setting CVar [[r.DOF.Scatter.MaxSpriteRatio:0.1         ; only a maximum of 10% of scattered bokeh]]
[2019.04.19-13.10.53:467][  0]LogConfig: Setting CVar [[r.DOF.Recombine.Quality:1                ; cheap slight out of focus]]
[2019.04.19-13.10.53:467][  0]LogConfig: Setting CVar [[r.DOF.Recombine.EnableBokehSettings:0    ; no bokeh simulation on slight out of focus]]
[2019.04.19-13.10.53:467][  0]LogConfig: Setting CVar [[r.DOF.TemporalAAQuality:1                ; more stable temporal accumulation]]
[2019.04.19-13.10.53:467][  0]LogConfig: Setting CVar [[r.DOF.Kernel.MaxForegroundRadius:0.025]]
[2019.04.19-13.10.53:467][  0]LogConfig: Setting CVar [[r.DOF.Kernel.MaxBackgroundRadius:0.025]]
[2019.04.19-13.10.53:467][  0]LogConfig: Applying CVar settings from Section [TextureQuality@3] File [C:/Users/aero1/Desktop/FAZE_vslice_2/Saved/Config/Windows/Scalability.ini]
[2019.04.19-13.10.53:467][  0]LogConfig: Setting CVar [[r.Streaming.MipBias:0]]
[2019.04.19-13.10.53:467][  0]LogConfig: Setting CVar [[r.Streaming.AmortizeCPUToGPUCopy:0]]
[2019.04.19-13.10.53:467][  0]LogConfig: Setting CVar [[r.Streaming.MaxNumTexturesToStreamPerFrame:0]]
[2019.04.19-13.10.53:467][  0]LogConfig: Setting CVar [[r.Streaming.Boost:1]]
[2019.04.19-13.10.53:467][  0]LogConfig: Setting CVar [[r.MaxAnisotropy:8]]
[2019.04.19-13.10.53:467][  0]LogConfig: Setting CVar [[r.Streaming.LimitPoolSizeToVRAM:0]]
[2019.04.19-13.10.53:467][  0]LogConfig: Setting CVar [[r.Streaming.PoolSize:1000]]
[2019.04.19-13.10.53:467][  0]LogConfig: Setting CVar [[r.Streaming.MaxEffectiveScreenSize:0]]
[2019.04.19-13.10.53:467][  0]LogConfig: Applying CVar settings from Section [EffectsQuality@3] File [C:/Users/aero1/Desktop/FAZE_vslice_2/Saved/Config/Windows/Scalability.ini]
[2019.04.19-13.10.53:467][  0]LogConfig: Setting CVar [[r.TranslucencyLightingVolumeDim:64]]
[2019.04.19-13.10.53:467][  0]LogConfig: Setting CVar [[r.RefractionQuality:2]]
[2019.04.19-13.10.53:467][  0]LogConfig: Setting CVar [[r.SSR.Quality:3]]
[2019.04.19-13.10.53:467][  0]LogConfig: Setting CVar [[r.SceneColorFormat:4]]
[2019.04.19-13.10.53:467][  0]LogConfig: Setting CVar [[r.DetailMode:2]]
[2019.04.19-13.10.53:467][  0]LogConfig: Setting CVar [[r.TranslucencyVolumeBlur:1]]
[2019.04.19-13.10.53:467][  0]LogConfig: Setting CVar [[r.MaterialQualityLevel:1 ; High quality]]
[2019.04.19-13.10.53:467][  0]LogConfig: Setting CVar [[r.SSS.Scale:1]]
[2019.04.19-13.10.53:467][  0]LogConfig: Setting CVar [[r.SSS.SampleSet:2]]
[2019.04.19-13.10.53:467][  0]LogConfig: Setting CVar [[r.SSS.Quality:1]]
[2019.04.19-13.10.53:467][  0]LogConfig: Setting CVar [[r.SSS.HalfRes:1]]
[2019.04.19-13.10.53:467][  0]LogConfig: Setting CVar [[r.EmitterSpawnRateScale:1.0]]
[2019.04.19-13.10.53:467][  0]LogConfig: Setting CVar [[r.ParticleLightQuality:2]]
[2019.04.19-13.10.53:467][  0]LogConfig: Applying CVar settings from Section [FoliageQuality@3] File [C:/Users/aero1/Desktop/FAZE_vslice_2/Saved/Config/Windows/Scalability.ini]
[2019.04.19-13.10.53:467][  0]LogConfig: Setting CVar [[foliage.DensityScale:1.0]]
[2019.04.19-13.10.53:467][  0]LogConfig: Setting CVar [[grass.DensityScale:1.0]]
[2019.04.19-13.10.53:467][  0]LogConfig: Applying CVar settings from Section [Startup] File [../../../Engine/Config/ConsoleVariables.ini]
[2019.04.19-13.10.53:482][  0]LogConfig: Setting CVar [[net.UseAdaptiveNetUpdateFrequency:0]]
[2019.04.19-13.10.53:482][  0]LogConfig: Applying CVar settings from Section [ConsoleVariables] File [C:/Users/aero1/Desktop/FAZE_vslice_2/Saved/Config/Windows/Engine.ini]
[2019.04.19-13.10.53:537][  0]LogInit: Computer: LAPTOP-ECVDO3FE
[2019.04.19-13.10.53:537][  0]LogInit: User: aero1
[2019.04.19-13.10.53:537][  0]LogInit: CPU Page size=4096, Cores=4
[2019.04.19-13.10.53:537][  0]LogInit: High frequency timer resolution =2.437501 MHz
[2019.04.19-13.10.53:549][  0]LogMemory: Memory total: Physical=7.9GB (8GB approx)
[2019.04.19-13.10.53:549][  0]LogMemory: Platform Memory Stats for Windows
[2019.04.19-13.10.53:549][  0]LogMemory: Process Physical Memory: 103.11 MB used, 103.11 MB peak
[2019.04.19-13.10.53:549][  0]LogMemory: Process Virtual Memory: 92.91 MB used, 92.91 MB peak
[2019.04.19-13.10.53:549][  0]LogMemory: Physical Memory: 3580.27 MB used,  4486.89 MB free, 8067.16 MB total
[2019.04.19-13.10.53:549][  0]LogMemory: Virtual Memory: 4641.96 MB used,  134213088.00 MB free, 134217728.00 MB total
[2019.04.19-13.10.55:715][  0]LogInit: Using OS detected language (en-US).
[2019.04.19-13.10.55:715][  0]LogInit: Using OS detected locale (en-US).
[2019.04.19-13.10.55:786][  0]LogTextLocalizationManager: No specific localization for 'en-US' exists, so the 'en' localization will be used.
[2019.04.19-13.10.57:357][  0]LogStreaming: Display: Took  1.583s to InitEngineTextLocalization.
[2019.04.19-13.10.57:396][  0]LogInit: Setting process to per monitor DPI aware
[2019.04.19-13.10.57:991][  0]LogSlate: New Slate User Created.  User Index 0, Is Virtual User: 0
[2019.04.19-13.10.57:991][  0]LogSlate: Slate User Registered.  User Index 0, Is Virtual User: 0
[2019.04.19-13.11.04:421][  0]LogHMD: Failed to initialize OpenVR with code 110
[2019.04.19-13.11.04:421][  0]LogD3D11RHI: D3D11 adapters:
[2019.04.19-13.11.05:919][  0]LogD3D11RHI:    0. 'NVIDIA GeForce GTX 1050 Ti' (Feature Level 11_0)
[2019.04.19-13.11.05:919][  0]LogD3D11RHI:       4021/0/4033 MB DedicatedVideo/DedicatedSystem/SharedSystem, Outputs:1, VendorId:0x10de
[2019.04.19-13.11.05:933][  0]LogD3D11RHI:    1. 'Intel(R) HD Graphics 630' (Feature Level 11_0)
[2019.04.19-13.11.05:933][  0]LogD3D11RHI:       128/0/4033 MB DedicatedVideo/DedicatedSystem/SharedSystem, Outputs:0, VendorId:0x8086
[2019.04.19-13.11.05:934][  0]LogD3D11RHI:    2. 'Microsoft Basic Render Driver' (Feature Level 11_0)
[2019.04.19-13.11.05:934][  0]LogD3D11RHI:       0/0/4033 MB DedicatedVideo/DedicatedSystem/SharedSystem, Outputs:0, VendorId:0x1414
[2019.04.19-13.11.05:934][  0]LogD3D11RHI: Chosen D3D11 Adapter: 0
[2019.04.19-13.11.05:954][  0]LogD3D11RHI: Creating new Direct3DDevice
[2019.04.19-13.11.05:954][  0]LogD3D11RHI:     GPU DeviceId: 0x1c8c (for the marketing name, search the web for "GPU Device Id")
[2019.04.19-13.11.05:954][  0]LogWindows: EnumDisplayDevices:
[2019.04.19-13.11.05:956][  0]LogWindows:    0. 'Intel(R) HD Graphics 630' (P:1 D:1)
[2019.04.19-13.11.05:956][  0]LogWindows:    1. 'Intel(R) HD Graphics 630' (P:0 D:0)
[2019.04.19-13.11.05:956][  0]LogWindows:    2. 'Intel(R) HD Graphics 630' (P:0 D:0)
[2019.04.19-13.11.05:956][  0]LogWindows: DebugString: PrimaryIsNotTheChoosenAdapter PrimaryIsNotTheChoosenAdapter PrimaryIsNotTheChoosenAdapter FoundDriverCount:0 
[2019.04.19-13.11.05:956][  0]LogD3D11RHI:     Adapter Name: NVIDIA GeForce GTX 1050 Ti
[2019.04.19-13.11.05:956][  0]LogD3D11RHI:   Driver Version: Unknown (internal:Unknown, unified:Unknown)
[2019.04.19-13.11.05:956][  0]LogD3D11RHI:      Driver Date: Unknown
[2019.04.19-13.11.05:957][  0]LogRHI: Texture pool is 2814 MB (70% of 4021 MB)
[2019.04.19-13.11.06:164][  0]LogD3D11RHI: Async texture creation enabled
[2019.04.19-13.11.06:478][  0]LogD3D11RHI: GPU Timing Frequency: 1000.000000 (Debug: 2 2)
[2019.04.19-13.11.07:644][  0]LogTemp: Display: Loaded TP AllDesktopTargetPlatform
[2019.04.19-13.11.07:680][  0]LogTemp: Display: Loaded TP MacClientTargetPlatform
[2019.04.19-13.11.07:699][  0]LogTemp: Display: Loaded TP MacNoEditorTargetPlatform
[2019.04.19-13.11.07:724][  0]LogTemp: Display: Loaded TP MacServerTargetPlatform
[2019.04.19-13.11.07:793][  0]LogTemp: Display: Loaded TP MacTargetPlatform
[2019.04.19-13.11.07:848][  0]LogTemp: Display: Loaded TP WindowsClientTargetPlatform
[2019.04.19-13.11.07:884][  0]LogTemp: Display: Loaded TP WindowsNoEditorTargetPlatform
[2019.04.19-13.11.07:914][  0]LogTemp: Display: Loaded TP WindowsServerTargetPlatform
[2019.04.19-13.11.07:939][  0]LogTemp: Display: Loaded TP WindowsTargetPlatform
[2019.04.19-13.11.08:053][  0]LogTemp: Display: Loaded TP AndroidTargetPlatform
[2019.04.19-13.11.08:053][  0]LogTemp: Display: Loaded TP AndroidTargetPlatform
[2019.04.19-13.11.08:053][  0]LogTemp: Display: Loaded TP AndroidTargetPlatform
[2019.04.19-13.11.08:053][  0]LogTemp: Display: Loaded TP AndroidTargetPlatform
[2019.04.19-13.11.08:053][  0]LogTemp: Display: Loaded TP AndroidTargetPlatform
[2019.04.19-13.11.08:053][  0]LogTemp: Display: Loaded TP AndroidTargetPlatform
[2019.04.19-13.11.08:053][  0]LogTemp: Display: Loaded TP AndroidTargetPlatform
[2019.04.19-13.11.08:053][  0]LogTemp: Display: Loaded TP AndroidTargetPlatform
[2019.04.19-13.11.08:053][  0]LogTemp: Display: Loaded TP AndroidTargetPlatform
[2019.04.19-13.11.08:053][  0]LogTemp: Display: Loaded TP AndroidTargetPlatform
[2019.04.19-13.11.08:053][  0]LogTemp: Display: Loaded TP AndroidTargetPlatform
[2019.04.19-13.11.08:053][  0]LogTemp: Display: Loaded TP AndroidTargetPlatform
[2019.04.19-13.11.08:053][  0]LogTemp: Display: Loaded TP AndroidTargetPlatform
[2019.04.19-13.11.08:053][  0]LogTemp: Display: Loaded TP AndroidTargetPlatform
[2019.04.19-13.11.08:053][  0]LogTemp: Display: Loaded TP AndroidTargetPlatform
[2019.04.19-13.11.08:053][  0]LogTemp: Display: Loaded TP AndroidTargetPlatform
[2019.04.19-13.11.08:053][  0]LogTemp: Display: Loaded TP AndroidTargetPlatform
[2019.04.19-13.11.08:053][  0]LogTemp: Display: Loaded TP AndroidTargetPlatform
[2019.04.19-13.11.08:077][  0]LogTemp: Display: Loaded TP HTML5TargetPlatform
[2019.04.19-13.11.08:232][  0]LogTemp: Display: Loaded TP IOSTargetPlatform
[2019.04.19-13.11.08:232][  0]LogTemp: Display: Loaded TP IOSTargetPlatform
[2019.04.19-13.11.08:276][  0]LogTemp: Display: Loaded TP TVOSTargetPlatform
[2019.04.19-13.11.08:277][  0]LogTemp: Display: Loaded TP TVOSTargetPlatform
[2019.04.19-13.11.08:334][  0]LogTemp: Display: Loaded TP LinuxClientTargetPlatform
[2019.04.19-13.11.08:366][  0]LogTemp: Display: Loaded TP LinuxNoEditorTargetPlatform
[2019.04.19-13.11.08:393][  0]LogTemp: Display: Loaded TP LinuxServerTargetPlatform
[2019.04.19-13.11.08:443][  0]LogTemp: Display: Loaded TP LinuxTargetPlatform
[2019.04.19-13.11.08:513][  0]LogTemp: Display: Loaded TP LuminTargetPlatform
[2019.04.19-13.11.08:513][  0]LogTemp: Display: Loaded TP LuminTargetPlatform
[2019.04.19-13.11.08:513][  0]LogTargetPlatformManager: Display: Building Assets For Windows
[2019.04.19-13.11.09:341][  0]LogShaderCompilers: Guid format shader working directory is -8 characters bigger than the processId version (../../../../../../../Users/aero1/Desktop/FAZE_vslice_2/Intermediate/Shaders/WorkingDirectory/9560/).
[2019.04.19-13.11.09:341][  0]LogShaderCompilers: Cleaned the shader compiler working directory 'C:/Users/aero1/AppData/Local/Temp/UnrealShaderWorkingDir/2026D61F4F6E7CD10A4EE78B050A74E3/'.
[2019.04.19-13.11.09:374][  0]LogXGEController: Cleaning working directory: C:/Users/aero1/AppData/Local/Temp/UnrealXGEWorkingDir/
[2019.04.19-13.11.09:374][  0]LogXGEController: Cannot use XGE Controller as Incredibuild is not installed on this machine.
[2019.04.19-13.11.09:374][  0]LogShaderCompilers: Cannot use XGE Shader Compiler as Incredibuild is not installed on this machine.
[2019.04.19-13.11.09:374][  0]LogShaderCompilers: Display: Using Local Shader Compiler.
[2019.04.19-13.11.13:700][  0]LogDerivedDataCache: Display: Max Cache Size: 512 MB
[2019.04.19-13.11.14:996][  0]LogDerivedDataCache: Loaded boot cache 1.28s 71MB C:/Users/aero1/AppData/Local/UnrealEngine/4.21/DerivedDataCache/Boot.ddc.
[2019.04.19-13.11.14:996][  0]LogDerivedDataCache: Display: Loaded Boot cache: C:/Users/aero1/AppData/Local/UnrealEngine/4.21/DerivedDataCache/Boot.ddc
[2019.04.19-13.11.14:996][  0]LogDerivedDataCache: FDerivedDataBackendGraph:  Pak pak cache file ../../../../../../../Users/aero1/Desktop/FAZE_vslice_2/DerivedDataCache/DDC.ddp not found, will not use a pak cache.
[2019.04.19-13.11.14:996][  0]LogDerivedDataCache: Unable to find inner node Pak for hierarchical cache Hierarchy.
[2019.04.19-13.11.14:996][  0]LogDerivedDataCache: FDerivedDataBackendGraph:  CompressedPak pak cache file ../../../../../../../Users/aero1/Desktop/FAZE_vslice_2/DerivedDataCache/Compressed.ddp not found, will not use a pak cache.
[2019.04.19-13.11.14:996][  0]LogDerivedDataCache: Unable to find inner node CompressedPak for hierarchical cache Hierarchy.
[2019.04.19-13.11.15:105][  0]LogDerivedDataCache: Display: Pak cache opened for reading ../../../Engine/DerivedDataCache/Compressed.ddp.
[2019.04.19-13.11.15:105][  0]LogDerivedDataCache: FDerivedDataBackendGraph:  EnterprisePak pak cache file ../../../Enterprise/DerivedDataCache/Compressed.ddp not found, will not use a pak cache.
[2019.04.19-13.11.15:105][  0]LogDerivedDataCache: Unable to find inner node EnterprisePak for hierarchical cache Hierarchy.
[2019.04.19-13.11.15:118][  0]LogDerivedDataCache: Using Local data cache path C:/Users/aero1/AppData/Local/UnrealEngine/Common/DerivedDataCache: Writable
[2019.04.19-13.11.15:118][  0]LogDerivedDataCache: Shared data cache path not found in *engine.ini, will not use an Shared cache.
[2019.04.19-13.11.15:118][  0]LogDerivedDataCache: Unable to find inner node Shared for hierarchical cache Hierarchy.
[2019.04.19-13.11.15:168][  0]LogMaterial: Verifying Global Shaders for PCD3D_SM5
[2019.04.19-13.11.15:252][  0]LogSlate: Using FreeType 2.6.0
[2019.04.19-13.11.15:459][  0]LogSlate: SlateFontServices - WITH_FREETYPE: 1, WITH_HARFBUZZ: 1
[2019.04.19-13.11.18:283][  0]LogAssetRegistry: FAssetRegistry took 0.0382 seconds to start up
[2019.04.19-13.11.22:519][  0]LogInit: Selected Device Profile: [Windows]
[2019.04.19-13.11.25:286][  0]LogSimplygon: Simplygon DLL not present - disabling.
[2019.04.19-13.11.25:677][  0]LogMeshReduction: Using SimplygonSwarm for distributed automatic mesh merging
[2019.04.19-13.11.25:678][  0]LogMeshReduction: Using ProxyLODMeshReduction for automatic mesh merging
[2019.04.19-13.11.25:681][  0]LogMeshReduction: Using QuadricMeshReduction for automatic static mesh reduction
[2019.04.19-13.11.25:681][  0]LogMeshReduction: No automatic skeletal mesh reduction module available
[2019.04.19-13.11.26:443][  0]LogNetVersion: FAZE 1.0.0, NetCL: 4541578, EngineNetVer: 5, GameNetVer: 0 (Checksum: 2508019810)
[2019.04.19-13.11.32:446][  0]LogPackageLocalizationCache: Processed 11 localized package path(s) for 2 prioritized culture(s) in 0.321181 seconds
[2019.04.19-13.11.32:523][  0]LogUObjectArray: 39775 objects as part of root set at end of initial load.
[2019.04.19-13.11.32:523][  0]LogUObjectAllocator: 6914656 out of 0 bytes used by permanent object pool.
[2019.04.19-13.11.32:523][  0]LogUObjectArray: CloseDisregardForGC: 0/0 objects in disregard for GC pool
[2019.04.19-13.11.59:267][  0]LogTcpMessaging: Initializing TcpMessaging bridge
[2019.04.19-13.11.59:315][  0]LogUdpMessaging: Initializing bridge on interface 0.0.0.0:0 to multicast group 230.0.0.1:6666.
[2019.04.19-13.12.01:616][  0]SourceControl: Source control is disabled
[2019.04.19-13.12.01:618][  0]SourceControl: Source control is disabled
[2019.04.19-13.12.01:707][  0]SourceControl: Source control is disabled
[2019.04.19-13.12.01:732][  0]SourceControl: Source control is disabled
[2019.04.19-13.12.03:284][  0]LogAndroidPermission: UAndroidPermissionCallbackProxy::GetInstance
[2019.04.19-13.12.03:504][  0]LogOcInput: OculusInput pre-init called
[2019.04.19-13.12.04:698][  0]LogEngine: Initializing Engine...
[2019.04.19-13.12.04:742][  0]LogHMD: Failed to initialize OpenVR with code 110
[2019.04.19-13.12.04:750][  0]LogStats: UGameplayTagsManager::ConstructGameplayTagTree: ImportINI prefixes -  0.002 s
[2019.04.19-13.12.04:750][  0]LogStats: UGameplayTagsManager::ConstructGameplayTagTree: Construct from data asset -  0.000 s
[2019.04.19-13.12.04:751][  0]LogStats: UGameplayTagsManager::ConstructGameplayTagTree: ImportINI -  0.000 s
[2019.04.19-13.12.04:751][  0]LogStats: UGameplayTagsManager::ConstructGameplayTagTree: GameplayTagTreeChangedEvent.Broadcast -  0.001 s
[2019.04.19-13.12.06:174][  0]LogInit: Initializing FReadOnlyCVARCache
[2019.04.19-13.12.06:753][  0]LogAIModule: Creating AISystem for world Untitled
[2019.04.19-13.12.06:920][  0]LogInit: XAudio2 using 'Speakers (Realtek High Definition Audio)' : 2 channels at 48 kHz using 32 bits per sample (channel mask 0x3)
[2019.04.19-13.12.07:172][  0]LogInit: FAudioDevice initialized.
[2019.04.19-13.12.07:172][  0]LogNetVersion: Set ProjectVersion to 1.0.0.0. Version Checksum will be recalculated on next use.
[2019.04.19-13.12.07:383][  0]LogDerivedDataCache: Saved boot cache 0.21s 71MB C:/Users/aero1/AppData/Local/UnrealEngine/4.21/DerivedDataCache/Boot.ddc.
[2019.04.19-13.12.07:501][  0]LogInit: Texture streaming: Enabled
[2019.04.19-13.12.07:683][  0]LogEngineSessionManager: EngineSessionManager initialized
[2019.04.19-13.12.08:042][  0]LogInit: Transaction tracking system initialized
[2019.04.19-13.12.08:993][  0]BlueprintLog: New page: Editor Load
[2019.04.19-13.12.12:313][  0]LocalizationService: Localization service is disabled
[2019.04.19-13.12.19:836][  0]LogFileCache: Scanning file cache for directory 'C:/Users/aero1/Desktop/FAZE_vslice_2/Content/' took 0.08s
[2019.04.19-13.12.19:836][  0]LogCook: Display: Max memory allowance for cook 16384mb min free memory 0mb
[2019.04.19-13.12.19:836][  0]LogCook: Display: Mobile HDR setting 1
[2019.04.19-13.12.19:836][  0]LogGameplayTags: Display: UGameplayTagsManager::DoneAddingNativeTags. DelegateIsBound: 0
[2019.04.19-13.12.19:836][  0]LogStats: UGameplayTagsManager::ConstructGameplayTagTree: ImportINI prefixes -  0.000 s
[2019.04.19-13.12.19:836][  0]LogStats: UGameplayTagsManager::ConstructGameplayTagTree: Construct from data asset -  0.000 s
[2019.04.19-13.12.19:836][  0]LogStats: UGameplayTagsManager::ConstructGameplayTagTree: ImportINI -  0.000 s
[2019.04.19-13.12.19:836][  0]LogStats: UGameplayTagsManager::ConstructGameplayTagTree: GameplayTagTreeChangedEvent.Broadcast -  0.000 s
[2019.04.19-13.12.24:745][  0]SourceControl: Source control is disabled
[2019.04.19-13.12.24:797][  0]Cmd: MAP LOAD FILE="../../../../../../../Users/aero1/Desktop/FAZE_vslice_2/Content/FirstPersonBP/Maps/FirstPersonExampleMap.umap" TEMPLATE=0 SHOWPROGRESS=1 FEATURELEVEL=3
[2019.04.19-13.12.24:895][  0]LightingResults: New page: Lighting Build
[2019.04.19-13.12.25:344][  0]MapCheck: New page: Map Check
[2019.04.19-13.12.25:344][  0]LightingResults: New page: Lighting Build
[2019.04.19-13.12.40:377][  0]LogAIModule: Creating AISystem for world FirstPersonExampleMap
[2019.04.19-13.12.41:260][  0]LogEditorServer: Finished looking for orphan Actors (0.000 secs)
[2019.04.19-13.12.41:606][  0]Cmd: MAP CHECKDEP NOCLEARLOG
[2019.04.19-13.12.41:606][  0]MapCheck: Map check complete: 0 Error(s), 0 Warning(s), took 0.238ms to complete.
[2019.04.19-13.12.41:606][  0]LogFileHelpers: Loading map 'FirstPersonExampleMap' took 16.850
[2019.04.19-13.12.44:263][  0]LogSlate: Updating window title bar state: overlay mode, drag disabled, window buttons hidden, title bar hidden
[2019.04.19-13.12.44:279][  0]LogSlate: Updating window title bar state: overlay mode, drag disabled, window buttons hidden, title bar hidden
[2019.04.19-13.12.44:293][  0]LogSlate: Updating window title bar state: overlay mode, drag disabled, window buttons hidden, title bar hidden
[2019.04.19-13.12.44:302][  0]LogSlate: Updating window title bar state: overlay mode, drag disabled, window buttons hidden, title bar hidden
[2019.04.19-13.12.44:802][  0]LogCollectionManager: Loaded 0 collections in 0.001909 seconds
[2019.04.19-13.12.45:132][  0]LogFileCache: Scanning file cache for directory 'C:/Users/aero1/Desktop/FAZE_vslice_2/Saved/Collections/' took 0.01s
[2019.04.19-13.12.45:132][  0]LogFileCache: Scanning file cache for directory 'C:/Users/aero1/Desktop/FAZE_vslice_2/Content/Developers/aero1/Collections/' took 0.01s
[2019.04.19-13.12.45:132][  0]LogFileCache: Scanning file cache for directory 'C:/Users/aero1/Desktop/FAZE_vslice_2/Content/Collections/' took 0.00s
[2019.04.19-13.12.45:132][  0]LogCollectionManager: Rebuilt the GUID cache for 0 collections in 0.000001 seconds
[2019.04.19-13.12.45:149][  0]LogContentBrowser: Native class hierarchy populated in 0.0118 seconds. Added 2651 classes and 620 folders.
[2019.04.19-13.12.45:386][  0]LogContentBrowser: Native class hierarchy updated for 'WidgetCarousel' in 0.0003 seconds. Added 0 classes and 0 folders.
[2019.04.19-13.12.45:592][  0]LogPakFile: Registered encryption key '00000000000000000000000000000000': 0 pak files mounted, 0 remain pending
[2019.04.19-13.12.45:622][  0]LogPakFile: Registered encryption key '00000000000000000000000000000000': 0 pak files mounted, 0 remain pending
[2019.04.19-13.12.45:651][  0]LogPakFile: Registered encryption key '00000000000000000000000000000000': 0 pak files mounted, 0 remain pending
[2019.04.19-13.12.45:673][  0]LogPakFile: Registered encryption key '00000000000000000000000000000000': 0 pak files mounted, 0 remain pending
[2019.04.19-13.12.45:697][  0]LogPakFile: Registered encryption key '00000000000000000000000000000000': 0 pak files mounted, 0 remain pending
[2019.04.19-13.12.45:720][  0]LogPakFile: Registered encryption key '00000000000000000000000000000000': 0 pak files mounted, 0 remain pending
[2019.04.19-13.12.45:758][  0]LogPakFile: Registered encryption key '00000000000000000000000000000000': 0 pak files mounted, 0 remain pending
[2019.04.19-13.12.45:808][  0]LogPakFile: Registered encryption key '00000000000000000000000000000000': 0 pak files mounted, 0 remain pending
[2019.04.19-13.12.45:866][  0]LogPakFile: Registered encryption key '00000000000000000000000000000000': 0 pak files mounted, 0 remain pending
[2019.04.19-13.12.45:900][  0]LogPakFile: Registered encryption key '00000000000000000000000000000000': 0 pak files mounted, 0 remain pending
[2019.04.19-13.12.45:930][  0]LogPakFile: Registered encryption key '00000000000000000000000000000000': 0 pak files mounted, 0 remain pending
[2019.04.19-13.12.45:965][  0]LogPakFile: Registered encryption key '00000000000000000000000000000000': 0 pak files mounted, 0 remain pending
[2019.04.19-13.12.45:998][  0]LogPakFile: Registered encryption key '00000000000000000000000000000000': 0 pak files mounted, 0 remain pending
[2019.04.19-13.12.46:070][  0]LogPakFile: Registered encryption key '00000000000000000000000000000000': 0 pak files mounted, 0 remain pending
[2019.04.19-13.12.46:106][  0]LogPakFile: Registered encryption key '00000000000000000000000000000000': 0 pak files mounted, 0 remain pending
[2019.04.19-13.12.46:126][  0]LogPakFile: Registered encryption key '00000000000000000000000000000000': 0 pak files mounted, 0 remain pending
[2019.04.19-13.12.46:148][  0]LogPakFile: Registered encryption key '00000000000000000000000000000000': 0 pak files mounted, 0 remain pending
[2019.04.19-13.12.46:335][  0]LogPakFile: Registered encryption key '00000000000000000000000000000000': 0 pak files mounted, 0 remain pending
[2019.04.19-13.12.46:383][  0]LogPakFile: Registered encryption key '00000000000000000000000000000000': 0 pak files mounted, 0 remain pending
[2019.04.19-13.12.46:402][  0]LogPakFile: Registered encryption key '00000000000000000000000000000000': 0 pak files mounted, 0 remain pending
[2019.04.19-13.12.46:450][  0]LogPakFile: Registered encryption key '00000000000000000000000000000000': 0 pak files mounted, 0 remain pending
[2019.04.19-13.12.46:479][  0]LogPakFile: Registered encryption key '00000000000000000000000000000000': 0 pak files mounted, 0 remain pending
[2019.04.19-13.12.46:996][  0]LogPakFile: Registered encryption key '00000000000000000000000000000000': 0 pak files mounted, 0 remain pending
[2019.04.19-13.12.47:052][  0]LogPakFile: Registered encryption key '00000000000000000000000000000000': 0 pak files mounted, 0 remain pending
[2019.04.19-13.12.47:078][  0]LogPakFile: Registered encryption key '00000000000000000000000000000000': 0 pak files mounted, 0 remain pending
[2019.04.19-13.12.47:120][  0]LogPakFile: Registered encryption key '00000000000000000000000000000000': 0 pak files mounted, 0 remain pending
[2019.04.19-13.12.49:059][  0]LogContentBrowser: Native class hierarchy updated for 'AddContentDialog' in 0.0002 seconds. Added 0 classes and 0 folders.
[2019.04.19-13.12.49:310][  0]LogContentBrowser: Native class hierarchy updated for 'SceneOutliner' in 0.0003 seconds. Added 1 classes and 2 folders.
[2019.04.19-13.12.52:450][  0]LogSlate: Took 0.260802 seconds to synchronously load lazily loaded font '../../../Engine/Content/Slate/Fonts/Roboto-Regular.ttf' (155K)
[2019.04.19-13.12.52:665][  0]LogSlate: Took 0.213765 seconds to synchronously load lazily loaded font '../../../Engine/Content/Slate/Fonts/Roboto-Bold.ttf' (160K)
[2019.04.19-13.12.52:902][  0]LogSlate: Took 0.058643 seconds to synchronously load lazily loaded font '../../../Engine/Content/Editor/Slate/Fonts/FontAwesome.ttf' (139K)
[2019.04.19-13.12.54:143][  0]LogRenderer: Reallocating scene render targets to support 856x472 Format 10 NumSamples 1 (Frame:1).
[2019.04.19-13.12.56:031][  0]LogContentBrowser: Native class hierarchy updated for 'HierarchicalLODOutliner' in 0.0003 seconds. Added 0 classes and 0 folders.
[2019.04.19-13.12.56:031][  0]LogLoad: (Engine Initialization) Total time: 154.79 seconds
[2019.04.19-13.12.56:031][  0]LogLoad: (Engine Initialization) Total Blueprint compile time: 0.00 seconds
[2019.04.19-13.12.56:474][  0]LogContentStreaming: Texture pool size now 1000 MB
[2019.04.19-13.12.56:727][  1]LogRenderer: Reallocating scene render targets to support 856x488 Format 10 NumSamples 1 (Frame:3).
[2019.04.19-13.12.57:553][  4]LogAssetRegistry: Asset discovery search completed in 99.2924 seconds
[2019.04.19-13.12.57:556][  4]LogCollectionManager: Rebuilt the object cache for 0 collections in 0.000000 seconds (found 0 objects)
[2019.04.19-13.12.57:556][  4]LogCollectionManager: Fixed up redirectors for 0 collections in 0.000107 seconds (updated 0 objects)
[2019.04.19-13.12.57:649][  4]LogSlate: Took 0.035463 seconds to synchronously load lazily loaded font '../../../Engine/Content/Slate/Fonts/Roboto-Light.ttf' (167K)
[2019.04.19-13.13.02:195][ 16]LogFileCache: Retrieving MD5 hashes for directory 'C:/Users/aero1/Desktop/FAZE_vslice_2/Content/' took 5.97s
[2019.04.19-13.13.03:543][ 20]LogSlate: FSceneViewport::OnFocusLost() reason 0
[2019.04.19-13.13.08:982][ 84]LogSlate: Took 0.000191 seconds to synchronously load lazily loaded font '../../../Engine/Content/Slate/Fonts/Roboto-Light.ttf' (167K)
[2019.04.19-13.13.14:401][ 84]LogAIModule: Creating AISystem for world Tutorial
[2019.04.19-13.13.14:620][ 84]LogAssetEditorManager: Opening Asset editor for World /Game/Levels/Tutorial/Tutorial.Tutorial
[2019.04.19-13.13.14:702][ 84]Cmd: MAP LOAD FILE="../../../../../../../Users/aero1/Desktop/FAZE_vslice_2/Content/Levels/Tutorial/Tutorial.umap" TEMPLATE=0 SHOWPROGRESS=1 FEATURELEVEL=3
[2019.04.19-13.13.14:702][ 84]LightingResults: New page: Lighting Build
[2019.04.19-13.13.14:702][ 84]LoadErrors: New page: Loading map: Tutorial.umap
[2019.04.19-13.13.14:732][ 84]MapCheck: New page: Map Check
[2019.04.19-13.13.14:732][ 84]LightingResults: New page: Lighting Build
[2019.04.19-13.13.14:964][ 84]LogEditorServer: Finished looking for orphan Actors (0.000 secs)
[2019.04.19-13.13.15:021][ 84]Cmd: MAP CHECKDEP NOCLEARLOG
[2019.04.19-13.13.15:021][ 84]MapCheck: Map check complete: 0 Error(s), 0 Warning(s), took 0.193ms to complete.
[2019.04.19-13.13.15:021][ 84]LogFileHelpers: Loading map 'Tutorial' took 0.347
[2019.04.19-13.13.34:903][606]Cmd: CAMERA ALIGN ACTIVEVIEWPORTONLY
[2019.04.19-13.13.50:604][ 38]LogEditorViewport: Clicking on Actor (LMB): CheckPoint3_Blueprint_C (CheckPoint3_Blueprint)
[2019.04.19-13.13.54:849][161]Cmd: DELETE
[2019.04.19-13.13.54:849][161]Cmd: ACTOR DELETE
[2019.04.19-13.13.54:934][161]LogSlate: FSceneViewport::OnFocusLost() reason 2
[2019.04.19-13.13.55:399][161]LogEditorActor: Deleted Actor: CheckPoint3_Blueprint_C
[2019.04.19-13.13.55:477][161]LogEditorActor: Deleted 1 Actors (0.557 secs)
[2019.04.19-13.13.59:214][277]LogSlate: FSceneViewport::OnFocusLost() reason 0
[2019.04.19-13.14.47:770][650]LogEditorViewport: Clicking on Actor (context menu): CheckPoint3_Blueprint_C (CheckPoint3_Blueprint)
[2019.04.19-13.14.47:961][650]LogSlate: FSceneViewport::OnFocusLost() reason 2
[2019.04.19-13.14.50:067][682]LogD3D11RHI: Error: Result failed 
 at D:\Build\++UE4\Sync\Engine\Source\Runtime\Windows\D3D11RHI\Private\D3D11Query.cpp:140 
 with error DXGI_ERROR_DEVICE_REMOVED DXGI_ERROR_DEVICE_HUNG
[2019.04.19-13.14.50:067][682]LogD3D11RHI: [Aftermath] GDynamicRHI=0000024FC51EC180, GDX11NVAfterMathEnabled=0, Result=0xFFFFFFFF, bDeviceActive=0
[2019.04.19-13.14.50:067][682]LogWindows: Windows GetLastError: The operation completed successfully. (0)
[2019.04.19-13.15.16:972][682]LogOutputDevice: Warning: 

Script Stack (0 frames):

[2019.04.19-13.15.16:972][682]LogWindows: Windows GetLastError: The operation completed successfully. (0)
[2019.04.19-13.15.16:994][682]LogWindows: Error: === Critical error: ===
[2019.04.19-13.15.16:994][682]LogWindows: Error: 
[2019.04.19-13.15.16:994][682]LogWindows: Error: Fatal error: [File:D:\Build\++UE4\Sync\Engine\Source\Runtime\RenderCore\Private\RenderingThread.cpp] [Line: 826] 
[2019.04.19-13.15.16:994][682]LogWindows: Error: Rendering thread exception:
[2019.04.19-13.15.16:994][682]LogWindows: Error: Fatal error: [File:D:\Build\++UE4\Sync\Engine\Source\Runtime\Windows\D3D11RHI\Private\D3D11Util.cpp] [Line: 200] 
[2019.04.19-13.15.16:994][682]LogWindows: Error: Unreal Engine is exiting due to D3D device being lost. (Error: 0x887A0006 - 'HUNG')
[2019.04.19-13.15.16:994][682]LogWindows: Error: 
[2019.04.19-13.15.16:994][682]LogWindows: Error: 
[2019.04.19-13.15.16:994][682]LogWindows: Error: [Callstack] 0x00007ffb0eb1a388 KERNELBASE.dll!UnknownFunction []
[2019.04.19-13.15.16:994][682]LogWindows: Error: [Callstack] 0x00007ffac5bccd1a UE4Editor-Core.dll!UnknownFunction []
[2019.04.19-13.15.16:994][682]LogWindows: Error: [Callstack] 0x00007ffac59aa967 UE4Editor-Core.dll!UnknownFunction []
[2019.04.19-13.15.16:994][682]LogWindows: Error: [Callstack] 0x00007ffac58e0df7 UE4Editor-Core.dll!UnknownFunction []
[2019.04.19-13.15.16:994][682]LogWindows: Error: [Callstack] 0x00007ffae8f9d32a UE4Editor-D3D11RHI.dll!UnknownFunction []
[2019.04.19-13.15.16:994][682]LogWindows: Error: [Callstack] 0x00007ffae8fa0d64 UE4Editor-D3D11RHI.dll!UnknownFunction []
[2019.04.19-13.15.16:994][682]LogWindows: Error: [Callstack] 0x00007ffae8f764f1 UE4Editor-D3D11RHI.dll!UnknownFunction []
[2019.04.19-13.15.16:994][682]LogWindows: Error: [Callstack] 0x00007ffae8f8c818 UE4Editor-D3D11RHI.dll!UnknownFunction []
[2019.04.19-13.15.16:995][682]LogWindows: Error: [Callstack] 0x00007ffad4833905 UE4Editor-RHI.dll!UnknownFunction []
[2019.04.19-13.15.16:995][682]LogWindows: Error: [Callstack] 0x00007ffad4833495 UE4Editor-RHI.dll!UnknownFunction []
[2019.04.19-13.15.16:995][682]LogWindows: Error: [Callstack] 0x00007ffad48345bc UE4Editor-RHI.dll!UnknownFunction []
[2019.04.19-13.15.16:995][682]LogWindows: Error: [Callstack] 0x00007ffad482ba45 UE4Editor-RHI.dll!UnknownFunction []
[2019.04.19-13.15.16:995][682]LogWindows: Error: [Callstack] 0x00007ffae8d0179e UE4Editor-SlateRHIRenderer.dll!UnknownFunction []
[2019.04.19-13.15.16:995][682]LogWindows: Error: [Callstack] 0x00007ffae8d079ca UE4Editor-SlateRHIRenderer.dll!UnknownFunction []
[2019.04.19-13.15.16:995][682]LogWindows: Error: [Callstack] 0x00007ffac5771798 UE4Editor-Core.dll!UnknownFunction []
[2019.04.19-13.15.16:995][682]LogWindows: Error: [Callstack] 0x00007ffac5771c56 UE4Editor-Core.dll!UnknownFunction []
[2019.04.19-13.15.16:995][682]LogWindows: Error: [Callstack] 0x00007ffad76b9af9 UE4Editor-RenderCore.dll!UnknownFunction []
[2019.04.19-13.15.16:995][682]LogWindows: Error: [Callstack] 0x00007ffad76baa74 UE4Editor-RenderCore.dll!UnknownFunction []
[2019.04.19-13.15.16:995][682]LogWindows: Error: [Callstack] 0x00007ffac5bcc500 UE4Editor-Core.dll!UnknownFunction []
[2019.04.19-13.15.16:995][682]LogWindows: Error: [Callstack] 0x00007ffac5bbcac1 UE4Editor-Core.dll!UnknownFunction []
[2019.04.19-13.15.16:995][682]LogWindows: Error: [Callstack] 0x00007ffb12264034 KERNEL32.DLL!UnknownFunction []
[2019.04.19-13.15.16:995][682]LogWindows: Error: [Callstack] 0x00007ffb123b3691 ntdll.dll!UnknownFunction []
[2019.04.19-13.15.16:995][682]LogWindows: Error: 
[2019.04.19-13.15.16:995][682]LogWindows: Error: 
[2019.04.19-13.15.16:995][682]LogWindows: Error: 
[2019.04.19-13.15.16:995][682]LogWindows: Error: 
[2019.04.19-13.15.17:001][682]LogRHI: Error: SyncInterval 0
[2019.04.19-13.15.17:001][682]LogRHI: Error: SwapChainDesc.BufferDesc.Width 1938
[2019.04.19-13.15.17:001][682]LogRHI: Error: SwapChainDesc.BufferDesc.Height 1098
[2019.04.19-13.15.17:001][682]LogRHI: Error: SwapChainDesc.BufferDesc.RefreshRate.Numerator 0
[2019.04.19-13.15.17:001][682]LogRHI: Error: SwapChainDesc.BufferDesc.RefreshRate.Denominator 0
[2019.04.19-13.15.17:001][682]LogRHI: Error: SwapChainDesc.BufferDesc.Format 24
[2019.04.19-13.15.17:001][682]LogRHI: Error: SwapChainDesc.BufferDesc.ScanlineOrdering 0
[2019.04.19-13.15.17:001][682]LogRHI: Error: SwapChainDesc.BufferDesc.Scaling 0
[2019.04.19-13.15.17:001][682]LogRHI: Error: SwapChainDesc.SampleDesc.Count 1
[2019.04.19-13.15.17:001][682]LogRHI: Error: SwapChainDesc.SampleDesc.Quality 0
[2019.04.19-13.15.17:001][682]LogRHI: Error: SwapChainDesc.BufferUsage 48
[2019.04.19-13.15.17:001][682]LogRHI: Error: SwapChainDesc.BufferCount 1
[2019.04.19-13.15.17:001][682]LogRHI: Error: SwapChainDesc.OutputWindow 00000000000404DC
[2019.04.19-13.15.17:001][682]LogRHI: Error: SwapChainDesc.Windowed true
[2019.04.19-13.15.17:001][682]LogRHI: Error: SwapChainDesc.SwapEffect 0
[2019.04.19-13.15.17:001][682]LogRHI: Error: SwapChainDesc.Flags 2
[2019.04.19-13.15.17:001][682]LogD3D11RHI: Error: Result failed 
 at D:\Build\++UE4\Sync\Engine\Source\Runtime\Windows\D3D11RHI\Private\D3D11Viewport.cpp:361 
 with error DXGI_ERROR_DEVICE_REMOVED DXGI_ERROR_DEVICE_HUNG
[2019.04.19-13.15.17:001][682]LogD3D11RHI: [Aftermath] GDynamicRHI=0000024FC51EC180, GDX11NVAfterMathEnabled=0, Result=0xFFFFFFFF, bDeviceActive=0
[2019.04.19-13.15.17:001][682]LogWindows: FPlatformMisc::RequestExit(1)
[2019.04.19-13.15.17:008][682]Log file closed, 04/19/19 09:15:17
