Log file open, 04/27/19 13:16:19
LogWindows: Failed to load 'aqProf.dll' (GetLastError=126)
LogWindows: File 'aqProf.dll' does not exist
LogWindows: Failed to load 'VtuneApi.dll' (GetLastError=126)
LogWindows: File 'VtuneApi.dll' does not exist
LogWindows: Failed to load 'VtuneApi32e.dll' (GetLastError=126)
LogWindows: File 'VtuneApi32e.dll' does not exist
LogConsoleResponse: Display: Failed to find resolution value strings in scalability ini. Falling back to default.
LogInit: Display: Running engine for game: FAZE
LogPakFile: Registered encryption key '00000000000000000000000000000000': 0 pak files mounted, 0 remain pending
LogPlatformFile: Not using cached read wrapper
LogTaskGraph: Started task graph with 5 named threads and 14 total threads with 3 sets of task threads.
LogStats: Stats thread started at 1.254368
LogD3D11RHI: Loaded GFSDK_Aftermath_Lib.x64.dll
LogICUInternationalization: ICU TimeZone Detection - Raw Offset: -5:00, Platform Override: ''
LogPluginManager: Mounting plugin Paper2D
LogPluginManager: Mounting plugin AISupport
LogPluginManager: Mounting plugin LightPropagationVolume
LogPluginManager: Mounting plugin ActorLayerUtilities
LogPluginManager: Mounting plugin CLionSourceCodeAccess
LogPluginManager: Mounting plugin CodeLiteSourceCodeAccess
LogPluginManager: Mounting plugin GitSourceControl
LogPluginManager: Mounting plugin KDevelopSourceCodeAccess
LogPluginManager: Mounting plugin NullSourceCodeAccess
LogPluginManager: Mounting plugin PerforceSourceControl
LogPluginManager: Mounting plugin SubversionSourceControl
LogPluginManager: Mounting plugin UObjectPlugin
LogPluginManager: Mounting plugin VisualStudioCodeSourceCodeAccess
LogPluginManager: Mounting plugin VisualStudioSourceCodeAccess
LogPluginManager: Mounting plugin XCodeSourceCodeAccess
LogPluginManager: Mounting plugin AssetManagerEditor
LogPluginManager: Mounting plugin CryptoKeys
LogPluginManager: Mounting plugin DataValidation
LogPluginManager: Mounting plugin FacialAnimation
LogPluginManager: Mounting plugin GameplayTagsEditor
LogPluginManager: Mounting plugin MacGraphicsSwitching
LogPluginManager: Mounting plugin MeshEditor
LogPluginManager: Mounting plugin MobileLauncherProfileWizard
LogPluginManager: Mounting plugin PluginBrowser
LogPluginManager: Mounting plugin SpeedTreeImporter
LogPluginManager: Mounting plugin DatasmithContent
LogPluginManager: Mounting plugin VariantManagerContent
LogPluginManager: Mounting plugin AlembicImporter
LogPluginManager: Mounting plugin AppleImageUtils
LogPluginManager: Mounting plugin AppleVision
LogPluginManager: Mounting plugin BackChannel
LogPluginManager: Mounting plugin CharacterAI
LogPluginManager: Mounting plugin GeometryCache
LogPluginManager: Mounting plugin HTML5Networking
LogPluginManager: Mounting plugin ProxyLODPlugin
LogPluginManager: Mounting plugin MagicLeap
LogPluginManager: Mounting plugin MagicLeapMedia
LogPluginManager: Mounting plugin AndroidMedia
LogPluginManager: Mounting plugin AvfMedia
LogPluginManager: Mounting plugin ImgMedia
LogPluginManager: Mounting plugin LinearTimecode
LogPluginManager: Mounting plugin MediaCompositing
LogPluginManager: Mounting plugin MediaPlayerEditor
LogPluginManager: Mounting plugin WebMMedia
LogPluginManager: Mounting plugin WmfMedia
LogPluginManager: Mounting plugin TcpMessaging
LogPluginManager: Mounting plugin UdpMessaging
LogPluginManager: Mounting plugin ActorSequence
LogPluginManager: Mounting plugin LevelSequenceEditor
LogPluginManager: Mounting plugin MatineeToLevelSequence
LogPluginManager: Mounting plugin NetcodeUnitTest
LogPluginManager: Mounting plugin NUTUnrealEngine4
LogPluginManager: Mounting plugin OnlineSubsystemGooglePlay
LogPluginManager: Mounting plugin OnlineSubsystemIOS
LogPluginManager: Mounting plugin OnlineSubsystem
LogPluginManager: Mounting plugin OnlineSubsystemNull
LogPluginManager: Mounting plugin OnlineSubsystemUtils
LogPluginManager: Mounting plugin LauncherChunkInstaller
LogPluginManager: Mounting plugin AndroidDeviceProfileSelector
LogPluginManager: Mounting plugin AndroidMoviePlayer
LogPluginManager: Mounting plugin AndroidPermission
LogPluginManager: Mounting plugin AppleMoviePlayer
LogPluginManager: Mounting plugin ArchVisCharacter
LogPluginManager: Mounting plugin AudioCapture
LogPluginManager: Mounting plugin CableComponent
LogPluginManager: Mounting plugin CustomMeshComponent
LogPluginManager: Mounting plugin EditableMesh
LogPluginManager: Mounting plugin ExampleDeviceProfileSelector
LogPluginManager: Mounting plugin Firebase
LogPluginManager: Mounting plugin GoogleCloudMessaging
LogPluginManager: Mounting plugin IOSDeviceProfileSelector
LogPluginManager: Mounting plugin LinuxDeviceProfileSelector
LogPluginManager: Mounting plugin LocationServicesBPLibrary
LogPluginManager: Mounting plugin MobilePatchingUtils
LogPluginManager: Mounting plugin OculusVR
LogPluginManager: Mounting plugin PhysXVehicles
LogPluginManager: Mounting plugin ProceduralMeshComponent
LogPluginManager: Mounting plugin RuntimePhysXCooking
LogPluginManager: Mounting plugin SteamVR
LogPluginManager: Mounting plugin WebMMoviePlayer
LogPluginManager: Mounting plugin WindowsMoviePlayer
LogStreaming: Display: Took  0.582s to configure plugins.
LogInit: Using libcurl 7.55.1-DEV
LogInit:  - built for x86_64-pc-win32
LogInit:  - supports SSL with OpenSSL/1.0.2h
LogInit:  - supports HTTP deflate (compression) using libz 1.2.8
LogInit:  - other features:
LogInit:      CURL_VERSION_SSL
LogInit:      CURL_VERSION_LIBZ
LogInit:      CURL_VERSION_IPV6
LogInit:      CURL_VERSION_ASYNCHDNS
LogInit:      CURL_VERSION_LARGEFILE
LogInit:      CURL_VERSION_IDN
LogInit:  CurlRequestOptions (configurable via config and command line):
LogInit:  - bVerifyPeer = true  - Libcurl will verify peer certificate
LogInit:  - bUseHttpProxy = false  - Libcurl will NOT use HTTP proxy
LogInit:  - bDontReuseConnections = false  - Libcurl will reuse connections
LogInit:  - MaxHostConnections = 16  - Libcurl will limit the number of connections to a host
LogInit:  - LocalHostAddr = Default
LogInit:  - BufferSize = 65536
LogInit: WinSock: version 1.1 (2.2), MaxSocks=32767, MaxUdp=65467
LogInit: Build: ++UE4+Release-4.21-CL-4753647
LogInit: Engine Version: 4.21.2-4753647+++UE4+Release-4.21
LogInit: Compatible Engine Version: 4.21.0-4541578+++UE4+Release-4.21
LogInit: Net CL: 4541578
LogInit: OS: Windows 10 (), CPU: Intel(R) Core(TM) i5-7300HQ CPU @ 2.50GHz, GPU: Intel(R) HD Graphics 630
LogInit: Compiled (64-bit): Jan 19 2019 02:07:31
LogInit: Compiled with Visual C++: 19.13.26129.00
LogInit: Build Configuration: Development
LogInit: Branch Name: ++UE4+Release-4.21
LogInit: Command Line: 
LogInit: Base Directory: C:/Program Files/Epic Games/UE_4.21.2/UE_4.21/Engine/Binaries/Win64/
LogInit: Installed Engine Build: 1
LogDevObjectVersion: Number of dev versions registered: 22
LogDevObjectVersion:   Dev-Blueprints (B0D832E4-1F89-4F0D-ACCF-7EB736FD4AA2): 10
LogDevObjectVersion:   Dev-Build (E1C64328-A22C-4D53-A36C-8E866417BD8C): 0
LogDevObjectVersion:   Dev-Core (375EC13C-06E4-48FB-B500-84F0262A717E): 2
LogDevObjectVersion:   Dev-Editor (E4B068ED-F494-42E9-A231-DA0B2E46BB41): 26
LogDevObjectVersion:   Dev-Framework (CFFC743F-43B0-4480-9391-14DF171D2073): 34
LogDevObjectVersion:   Dev-Mobile (B02B49B5-BB20-44E9-A304-32B752E40360): 2
LogDevObjectVersion:   Dev-Networking (A4E4105C-59A1-49B5-A7C5-40C4547EDFEE): 0
LogDevObjectVersion:   Dev-Online (39C831C9-5AE6-47DC-9A44-9C173E1C8E7C): 0
LogDevObjectVersion:   Dev-Physics (78F01B33-EBEA-4F98-B9B4-84EACCB95AA2): 0
LogDevObjectVersion:   Dev-Platform (6631380F-2D4D-43E0-8009-CF276956A95A): 0
LogDevObjectVersion:   Dev-Rendering (12F88B9F-8875-4AFC-A67C-D90C383ABD29): 27
LogDevObjectVersion:   Dev-Sequencer (7B5AE74C-D270-4C10-A958-57980B212A5A): 9
LogDevObjectVersion:   Dev-VR (D7296918-1DD6-4BDD-9DE2-64A83CC13884): 2
LogDevObjectVersion:   Dev-LoadTimes (C2A15278-BFE7-4AFE-6C17-90FF531DF755): 1
LogDevObjectVersion:   Private-Geometry (6EACA3D4-40EC-4CC1-B786-8BED09428FC5): 3
LogDevObjectVersion:   Dev-AnimPhys (29E575DD-E0A3-4627-9D10-D276232CDCEA): 17
LogDevObjectVersion:   Dev-Anim (AF43A65D-7FD3-4947-9873-3E8ED9C1BB05): 2
LogDevObjectVersion:   Dev-ReflectionCapture (6B266CEC-1EC7-4B8F-A30B-E4D90942FC07): 1
LogDevObjectVersion:   Dev-Automation (0DF73D61-A23F-47EA-B727-89E90C41499A): 1
LogDevObjectVersion:   FortniteMain (601D1886-AC64-4F84-AA16-D3DE0DEAC7D6): 17
LogDevObjectVersion:   Dev-Enterprise (9DFFBCD6-494F-0158-E221-12823C92A888): 4
LogDevObjectVersion:   Dev-Niagara (F2AED0AC-9AFE-416F-8664-AA7FFA26D6FC): 1
LogStreaming: Display: Took  0.035s to delete old logs.
LogInit: Presizing for max 8388607 objects, including 0 objects not considered by GC, pre-allocating 0 bytes for permanent pool.
LogInit: Object subsystem initialized
LogConfig: Setting CVar [[con.DebugEarlyDefault:1]]
LogConfig: Setting CVar [[r.setres:1280x720]]
[2019.04.27-17.16.24:484][  0]LogConfig: Setting CVar [[r.VSync:0]]
[2019.04.27-17.16.24:484][  0]LogConfig: Setting CVar [[r.RHICmdBypass:0]]
[2019.04.27-17.16.24:485][  0]LogConfig: Applying CVar settings from Section [/Script/Engine.RendererSettings] File [C:/Users/aero1/Documents/FAZE/Faze/FAZE_final_sprint/Saved/Config/Windows/Engine.ini]
[2019.04.27-17.16.24:485][  0]LogConfig: Setting CVar [[r.GPUCrashDebugging:0]]
[2019.04.27-17.16.24:485][  0]LogConfig: Applying CVar settings from Section [/Script/Engine.RendererOverrideSettings] File [C:/Users/aero1/Documents/FAZE/Faze/FAZE_final_sprint/Saved/Config/Windows/Engine.ini]
[2019.04.27-17.16.24:485][  0]LogConfig: Applying CVar settings from Section [/Script/Engine.StreamingSettings] File [C:/Users/aero1/Documents/FAZE/Faze/FAZE_final_sprint/Saved/Config/Windows/Engine.ini]
[2019.04.27-17.16.24:485][  0]LogConfig: Setting CVar [[s.MinBulkDataSizeForAsyncLoading:131072]]
[2019.04.27-17.16.24:485][  0]LogConfig: Setting CVar [[s.AsyncLoadingThreadEnabled:0]]
[2019.04.27-17.16.24:485][  0]LogConfig: Setting CVar [[s.EventDrivenLoaderEnabled:1]]
[2019.04.27-17.16.24:485][  0]LogConfig: Setting CVar [[s.WarnIfTimeLimitExceeded:0]]
[2019.04.27-17.16.24:485][  0]LogConfig: Setting CVar [[s.TimeLimitExceededMultiplier:1.5]]
[2019.04.27-17.16.24:485][  0]LogConfig: Setting CVar [[s.TimeLimitExceededMinTime:0.005]]
[2019.04.27-17.16.24:485][  0]LogConfig: Setting CVar [[s.UseBackgroundLevelStreaming:1]]
[2019.04.27-17.16.24:485][  0]LogConfig: Setting CVar [[s.PriorityAsyncLoadingExtraTime:15.0]]
[2019.04.27-17.16.24:485][  0]LogConfig: Setting CVar [[s.LevelStreamingActorsUpdateTimeLimit:5.0]]
[2019.04.27-17.16.24:485][  0]LogConfig: Setting CVar [[s.PriorityLevelStreamingActorsUpdateExtraTime:5.0]]
[2019.04.27-17.16.24:485][  0]LogConfig: Setting CVar [[s.LevelStreamingComponentsRegistrationGranularity:10]]
[2019.04.27-17.16.24:485][  0]LogConfig: Setting CVar [[s.UnregisterComponentsTimeLimit:1.0]]
[2019.04.27-17.16.24:485][  0]LogConfig: Setting CVar [[s.LevelStreamingComponentsUnregistrationGranularity:5]]
[2019.04.27-17.16.24:485][  0]LogConfig: Applying CVar settings from Section [/Script/Engine.GarbageCollectionSettings] File [C:/Users/aero1/Documents/FAZE/Faze/FAZE_final_sprint/Saved/Config/Windows/Engine.ini]
[2019.04.27-17.16.24:485][  0]LogConfig: Setting CVar [[gc.MaxObjectsNotConsideredByGC:1]]
[2019.04.27-17.16.24:485][  0]LogConfig: Setting CVar [[gc.SizeOfPermanentObjectPool:0]]
[2019.04.27-17.16.24:485][  0]LogConfig: Setting CVar [[gc.FlushStreamingOnGC:0]]
[2019.04.27-17.16.24:485][  0]LogConfig: Setting CVar [[gc.NumRetriesBeforeForcingGC:10]]
[2019.04.27-17.16.24:485][  0]LogConfig: Setting CVar [[gc.AllowParallelGC:1]]
[2019.04.27-17.16.24:485][  0]LogConfig: Setting CVar [[gc.TimeBetweenPurgingPendingKillObjects:61.1]]
[2019.04.27-17.16.24:485][  0]LogConfig: Setting CVar [[gc.MaxObjectsInEditor:8388607]]
[2019.04.27-17.16.24:485][  0]LogConfig: Setting CVar [[gc.IncrementalBeginDestroyEnabled:1]]
[2019.04.27-17.16.24:485][  0]LogConfig: Setting CVar [[gc.CreateGCClusters:1]]
[2019.04.27-17.16.24:485][  0]LogConfig: Setting CVar [[gc.MergeGCClusters:0]]
[2019.04.27-17.16.24:485][  0]LogConfig: Setting CVar [[gc.MinGCClusterSize:5]]
[2019.04.27-17.16.24:485][  0]LogConfig: Setting CVar [[gc.ActorClusteringEnabled:0]]
[2019.04.27-17.16.24:485][  0]LogConfig: Setting CVar [[gc.BlueprintClusteringEnabled:0]]
[2019.04.27-17.16.24:485][  0]LogConfig: Setting CVar [[gc.UseDisregardForGCOnDedicatedServers:0]]
[2019.04.27-17.16.24:485][  0]LogConfig: Applying CVar settings from Section [/Script/Engine.NetworkSettings] File [C:/Users/aero1/Documents/FAZE/Faze/FAZE_final_sprint/Saved/Config/Windows/Engine.ini]
[2019.04.27-17.16.24:485][  0]LogConfig: Applying CVar settings from Section [/Script/UnrealEd.CookerSettings] File [C:/Users/aero1/Documents/FAZE/Faze/FAZE_final_sprint/Saved/Config/Windows/Engine.ini]
[2019.04.27-17.16.24:625][  0]LogConfig: Applying CVar settings from Section [ViewDistanceQuality@3] File [C:/Users/aero1/Documents/FAZE/Faze/FAZE_final_sprint/Saved/Config/Windows/Scalability.ini]
[2019.04.27-17.16.24:625][  0]LogConfig: Setting CVar [[r.SkeletalMeshLODBias:0]]
[2019.04.27-17.16.24:625][  0]LogConfig: Setting CVar [[r.ViewDistanceScale:1.0]]
[2019.04.27-17.16.24:625][  0]LogConfig: Applying CVar settings from Section [AntiAliasingQuality@3] File [C:/Users/aero1/Documents/FAZE/Faze/FAZE_final_sprint/Saved/Config/Windows/Scalability.ini]
[2019.04.27-17.16.24:625][  0]LogConfig: Setting CVar [[r.PostProcessAAQuality:4]]
[2019.04.27-17.16.24:625][  0]LogConfig: Applying CVar settings from Section [ShadowQuality@3] File [C:/Users/aero1/Documents/FAZE/Faze/FAZE_final_sprint/Saved/Config/Windows/Scalability.ini]
[2019.04.27-17.16.24:625][  0]LogConfig: Setting CVar [[r.LightFunctionQuality:1]]
[2019.04.27-17.16.24:625][  0]LogConfig: Setting CVar [[r.ShadowQuality:5]]
[2019.04.27-17.16.24:625][  0]LogConfig: Setting CVar [[r.Shadow.CSM.MaxCascades:10]]
[2019.04.27-17.16.24:625][  0]LogConfig: Setting CVar [[r.Shadow.MaxResolution:2048]]
[2019.04.27-17.16.24:625][  0]LogConfig: Setting CVar [[r.Shadow.MaxCSMResolution:2048]]
[2019.04.27-17.16.24:625][  0]LogConfig: Setting CVar [[r.Shadow.RadiusThreshold:0.01]]
[2019.04.27-17.16.24:625][  0]LogConfig: Setting CVar [[r.Shadow.DistanceScale:1.0]]
[2019.04.27-17.16.24:625][  0]LogConfig: Setting CVar [[r.Shadow.CSM.TransitionScale:1.0]]
[2019.04.27-17.16.24:625][  0]LogConfig: Setting CVar [[r.Shadow.PreShadowResolutionFactor:1.0]]
[2019.04.27-17.16.24:625][  0]LogConfig: Setting CVar [[r.DistanceFieldShadowing:1]]
[2019.04.27-17.16.24:625][  0]LogConfig: Setting CVar [[r.DistanceFieldAO:1]]
[2019.04.27-17.16.24:625][  0]LogConfig: Setting CVar [[r.AOQuality:2]]
[2019.04.27-17.16.24:625][  0]LogConfig: Setting CVar [[r.VolumetricFog:1]]
[2019.04.27-17.16.24:625][  0]LogConfig: Setting CVar [[r.VolumetricFog.GridPixelSize:8]]
[2019.04.27-17.16.24:625][  0]LogConfig: Setting CVar [[r.VolumetricFog.GridSizeZ:128]]
[2019.04.27-17.16.24:625][  0]LogConfig: Setting CVar [[r.VolumetricFog.HistoryMissSupersampleCount:4]]
[2019.04.27-17.16.24:625][  0]LogConfig: Setting CVar [[r.LightMaxDrawDistanceScale:1]]
[2019.04.27-17.16.24:625][  0]LogConfig: Setting CVar [[r.CapsuleShadows:1]]
[2019.04.27-17.16.24:625][  0]LogConfig: Applying CVar settings from Section [PostProcessQuality@3] File [C:/Users/aero1/Documents/FAZE/Faze/FAZE_final_sprint/Saved/Config/Windows/Scalability.ini]
[2019.04.27-17.16.24:625][  0]LogConfig: Setting CVar [[r.MotionBlurQuality:4]]
[2019.04.27-17.16.24:625][  0]LogConfig: Setting CVar [[r.AmbientOcclusionMipLevelFactor:0.4]]
[2019.04.27-17.16.24:625][  0]LogConfig: Setting CVar [[r.AmbientOcclusionMaxQuality:100]]
[2019.04.27-17.16.24:625][  0]LogConfig: Setting CVar [[r.AmbientOcclusionLevels:-1]]
[2019.04.27-17.16.24:625][  0]LogConfig: Setting CVar [[r.AmbientOcclusionRadiusScale:1.0]]
[2019.04.27-17.16.24:625][  0]LogConfig: Setting CVar [[r.DepthOfFieldQuality:2]]
[2019.04.27-17.16.24:625][  0]LogConfig: Setting CVar [[r.RenderTargetPoolMin:400]]
[2019.04.27-17.16.24:625][  0]LogConfig: Setting CVar [[r.LensFlareQuality:2]]
[2019.04.27-17.16.24:625][  0]LogConfig: Setting CVar [[r.SceneColorFringeQuality:1]]
[2019.04.27-17.16.24:625][  0]LogConfig: Setting CVar [[r.EyeAdaptationQuality:2]]
[2019.04.27-17.16.24:625][  0]LogConfig: Setting CVar [[r.BloomQuality:5]]
[2019.04.27-17.16.24:625][  0]LogConfig: Setting CVar [[r.FastBlurThreshold:100]]
[2019.04.27-17.16.24:625][  0]LogConfig: Setting CVar [[r.Upscale.Quality:3]]
[2019.04.27-17.16.24:625][  0]LogConfig: Setting CVar [[r.Tonemapper.GrainQuantization:1]]
[2019.04.27-17.16.24:625][  0]LogConfig: Setting CVar [[r.LightShaftQuality:1]]
[2019.04.27-17.16.24:625][  0]LogConfig: Setting CVar [[r.Filter.SizeScale:1]]
[2019.04.27-17.16.24:625][  0]LogConfig: Setting CVar [[r.Tonemapper.Quality:5]]
[2019.04.27-17.16.24:625][  0]LogConfig: Setting CVar [[r.DOF.Gather.AccumulatorQuality:1        ; higher gathering accumulator quality]]
[2019.04.27-17.16.24:625][  0]LogConfig: Setting CVar [[r.DOF.Gather.PostfilterMethod:1          ; Median3x3 postfilering method]]
[2019.04.27-17.16.24:625][  0]LogConfig: Setting CVar [[r.DOF.Gather.EnableBokehSettings:0       ; no bokeh simulation when gathering]]
[2019.04.27-17.16.24:625][  0]LogConfig: Setting CVar [[r.DOF.Gather.RingCount:4                 ; medium number of samples when gathering]]
[2019.04.27-17.16.24:625][  0]LogConfig: Setting CVar [[r.DOF.Scatter.ForegroundCompositing:1    ; additive foreground scattering]]
[2019.04.27-17.16.24:625][  0]LogConfig: Setting CVar [[r.DOF.Scatter.BackgroundCompositing:2    ; additive background scattering]]
[2019.04.27-17.16.24:625][  0]LogConfig: Setting CVar [[r.DOF.Scatter.EnableBokehSettings:1      ; bokeh simulation when scattering]]
[2019.04.27-17.16.24:625][  0]LogConfig: Setting CVar [[r.DOF.Scatter.MaxSpriteRatio:0.1         ; only a maximum of 10% of scattered bokeh]]
[2019.04.27-17.16.24:625][  0]LogConfig: Setting CVar [[r.DOF.Recombine.Quality:1                ; cheap slight out of focus]]
[2019.04.27-17.16.24:625][  0]LogConfig: Setting CVar [[r.DOF.Recombine.EnableBokehSettings:0    ; no bokeh simulation on slight out of focus]]
[2019.04.27-17.16.24:625][  0]LogConfig: Setting CVar [[r.DOF.TemporalAAQuality:1                ; more stable temporal accumulation]]
[2019.04.27-17.16.24:625][  0]LogConfig: Setting CVar [[r.DOF.Kernel.MaxForegroundRadius:0.025]]
[2019.04.27-17.16.24:625][  0]LogConfig: Setting CVar [[r.DOF.Kernel.MaxBackgroundRadius:0.025]]
[2019.04.27-17.16.24:625][  0]LogConfig: Applying CVar settings from Section [TextureQuality@3] File [C:/Users/aero1/Documents/FAZE/Faze/FAZE_final_sprint/Saved/Config/Windows/Scalability.ini]
[2019.04.27-17.16.24:625][  0]LogConfig: Setting CVar [[r.Streaming.MipBias:0]]
[2019.04.27-17.16.24:625][  0]LogConfig: Setting CVar [[r.Streaming.AmortizeCPUToGPUCopy:0]]
[2019.04.27-17.16.24:625][  0]LogConfig: Setting CVar [[r.Streaming.MaxNumTexturesToStreamPerFrame:0]]
[2019.04.27-17.16.24:625][  0]LogConfig: Setting CVar [[r.Streaming.Boost:1]]
[2019.04.27-17.16.24:625][  0]LogConfig: Setting CVar [[r.MaxAnisotropy:8]]
[2019.04.27-17.16.24:625][  0]LogConfig: Setting CVar [[r.Streaming.LimitPoolSizeToVRAM:0]]
[2019.04.27-17.16.24:625][  0]LogConfig: Setting CVar [[r.Streaming.PoolSize:1000]]
[2019.04.27-17.16.24:625][  0]LogConfig: Setting CVar [[r.Streaming.MaxEffectiveScreenSize:0]]
[2019.04.27-17.16.24:625][  0]LogConfig: Applying CVar settings from Section [EffectsQuality@3] File [C:/Users/aero1/Documents/FAZE/Faze/FAZE_final_sprint/Saved/Config/Windows/Scalability.ini]
[2019.04.27-17.16.24:625][  0]LogConfig: Setting CVar [[r.TranslucencyLightingVolumeDim:64]]
[2019.04.27-17.16.24:625][  0]LogConfig: Setting CVar [[r.RefractionQuality:2]]
[2019.04.27-17.16.24:625][  0]LogConfig: Setting CVar [[r.SSR.Quality:3]]
[2019.04.27-17.16.24:625][  0]LogConfig: Setting CVar [[r.SceneColorFormat:4]]
[2019.04.27-17.16.24:625][  0]LogConfig: Setting CVar [[r.DetailMode:2]]
[2019.04.27-17.16.24:625][  0]LogConfig: Setting CVar [[r.TranslucencyVolumeBlur:1]]
[2019.04.27-17.16.24:625][  0]LogConfig: Setting CVar [[r.MaterialQualityLevel:1 ; High quality]]
[2019.04.27-17.16.24:626][  0]LogConfig: Setting CVar [[r.SSS.Scale:1]]
[2019.04.27-17.16.24:626][  0]LogConfig: Setting CVar [[r.SSS.SampleSet:2]]
[2019.04.27-17.16.24:626][  0]LogConfig: Setting CVar [[r.SSS.Quality:1]]
[2019.04.27-17.16.24:626][  0]LogConfig: Setting CVar [[r.SSS.HalfRes:1]]
[2019.04.27-17.16.24:626][  0]LogConfig: Setting CVar [[r.EmitterSpawnRateScale:1.0]]
[2019.04.27-17.16.24:626][  0]LogConfig: Setting CVar [[r.ParticleLightQuality:2]]
[2019.04.27-17.16.24:626][  0]LogConfig: Applying CVar settings from Section [FoliageQuality@3] File [C:/Users/aero1/Documents/FAZE/Faze/FAZE_final_sprint/Saved/Config/Windows/Scalability.ini]
[2019.04.27-17.16.24:626][  0]LogConfig: Setting CVar [[foliage.DensityScale:1.0]]
[2019.04.27-17.16.24:626][  0]LogConfig: Setting CVar [[grass.DensityScale:1.0]]
[2019.04.27-17.16.24:676][  0]LogInit: Selected Device Profile: [Windows]
[2019.04.27-17.16.24:677][  0]LogInit: Applying CVar settings loaded from the selected device profile: [Windows]
[2019.04.27-17.16.24:891][  0]LogHAL: Display: Platform has ~ 8 GB [8459030528 / 8589934592 / 8], which maps to Default [LargestMinGB=32, LargerMinGB=12, DefaultMinGB=8, SmallerMinGB=6, SmallestMinGB=0)
[2019.04.27-17.16.24:914][  0]LogConfig: Setting CVar [[r.Vulkan.UseRealUBs:1]]
[2019.04.27-17.16.24:914][  0]LogInit: Going up to parent DeviceProfile []
[2019.04.27-17.16.24:914][  0]LogConfig: Applying CVar settings from Section [ViewDistanceQuality@3] File [C:/Users/aero1/Documents/FAZE/Faze/FAZE_final_sprint/Saved/Config/Windows/Scalability.ini]
[2019.04.27-17.16.24:914][  0]LogConfig: Setting CVar [[r.SkeletalMeshLODBias:0]]
[2019.04.27-17.16.24:914][  0]LogConfig: Setting CVar [[r.ViewDistanceScale:1.0]]
[2019.04.27-17.16.24:914][  0]LogConfig: Applying CVar settings from Section [AntiAliasingQuality@3] File [C:/Users/aero1/Documents/FAZE/Faze/FAZE_final_sprint/Saved/Config/Windows/Scalability.ini]
[2019.04.27-17.16.24:914][  0]LogConfig: Setting CVar [[r.PostProcessAAQuality:4]]
[2019.04.27-17.16.24:914][  0]LogConfig: Applying CVar settings from Section [ShadowQuality@3] File [C:/Users/aero1/Documents/FAZE/Faze/FAZE_final_sprint/Saved/Config/Windows/Scalability.ini]
[2019.04.27-17.16.24:914][  0]LogConfig: Setting CVar [[r.LightFunctionQuality:1]]
[2019.04.27-17.16.24:914][  0]LogConfig: Setting CVar [[r.ShadowQuality:5]]
[2019.04.27-17.16.24:914][  0]LogConfig: Setting CVar [[r.Shadow.CSM.MaxCascades:10]]
[2019.04.27-17.16.24:914][  0]LogConfig: Setting CVar [[r.Shadow.MaxResolution:2048]]
[2019.04.27-17.16.24:914][  0]LogConfig: Setting CVar [[r.Shadow.MaxCSMResolution:2048]]
[2019.04.27-17.16.24:914][  0]LogConfig: Setting CVar [[r.Shadow.RadiusThreshold:0.01]]
[2019.04.27-17.16.24:914][  0]LogConfig: Setting CVar [[r.Shadow.DistanceScale:1.0]]
[2019.04.27-17.16.24:914][  0]LogConfig: Setting CVar [[r.Shadow.CSM.TransitionScale:1.0]]
[2019.04.27-17.16.24:914][  0]LogConfig: Setting CVar [[r.Shadow.PreShadowResolutionFactor:1.0]]
[2019.04.27-17.16.24:914][  0]LogConfig: Setting CVar [[r.DistanceFieldShadowing:1]]
[2019.04.27-17.16.24:914][  0]LogConfig: Setting CVar [[r.DistanceFieldAO:1]]
[2019.04.27-17.16.24:915][  0]LogConfig: Setting CVar [[r.AOQuality:2]]
[2019.04.27-17.16.24:915][  0]LogConfig: Setting CVar [[r.VolumetricFog:1]]
[2019.04.27-17.16.24:915][  0]LogConfig: Setting CVar [[r.VolumetricFog.GridPixelSize:8]]
[2019.04.27-17.16.24:915][  0]LogConfig: Setting CVar [[r.VolumetricFog.GridSizeZ:128]]
[2019.04.27-17.16.24:915][  0]LogConfig: Setting CVar [[r.VolumetricFog.HistoryMissSupersampleCount:4]]
[2019.04.27-17.16.24:915][  0]LogConfig: Setting CVar [[r.LightMaxDrawDistanceScale:1]]
[2019.04.27-17.16.24:915][  0]LogConfig: Setting CVar [[r.CapsuleShadows:1]]
[2019.04.27-17.16.24:915][  0]LogConfig: Applying CVar settings from Section [PostProcessQuality@3] File [C:/Users/aero1/Documents/FAZE/Faze/FAZE_final_sprint/Saved/Config/Windows/Scalability.ini]
[2019.04.27-17.16.24:915][  0]LogConfig: Setting CVar [[r.MotionBlurQuality:4]]
[2019.04.27-17.16.24:915][  0]LogConfig: Setting CVar [[r.AmbientOcclusionMipLevelFactor:0.4]]
[2019.04.27-17.16.24:915][  0]LogConfig: Setting CVar [[r.AmbientOcclusionMaxQuality:100]]
[2019.04.27-17.16.24:915][  0]LogConfig: Setting CVar [[r.AmbientOcclusionLevels:-1]]
[2019.04.27-17.16.24:915][  0]LogConfig: Setting CVar [[r.AmbientOcclusionRadiusScale:1.0]]
[2019.04.27-17.16.24:915][  0]LogConfig: Setting CVar [[r.DepthOfFieldQuality:2]]
[2019.04.27-17.16.24:915][  0]LogConfig: Setting CVar [[r.RenderTargetPoolMin:400]]
[2019.04.27-17.16.24:915][  0]LogConfig: Setting CVar [[r.LensFlareQuality:2]]
[2019.04.27-17.16.24:915][  0]LogConfig: Setting CVar [[r.SceneColorFringeQuality:1]]
[2019.04.27-17.16.24:915][  0]LogConfig: Setting CVar [[r.EyeAdaptationQuality:2]]
[2019.04.27-17.16.24:915][  0]LogConfig: Setting CVar [[r.BloomQuality:5]]
[2019.04.27-17.16.24:915][  0]LogConfig: Setting CVar [[r.FastBlurThreshold:100]]
[2019.04.27-17.16.24:915][  0]LogConfig: Setting CVar [[r.Upscale.Quality:3]]
[2019.04.27-17.16.24:915][  0]LogConfig: Setting CVar [[r.Tonemapper.GrainQuantization:1]]
[2019.04.27-17.16.24:915][  0]LogConfig: Setting CVar [[r.LightShaftQuality:1]]
[2019.04.27-17.16.24:915][  0]LogConfig: Setting CVar [[r.Filter.SizeScale:1]]
[2019.04.27-17.16.24:915][  0]LogConfig: Setting CVar [[r.Tonemapper.Quality:5]]
[2019.04.27-17.16.24:915][  0]LogConfig: Setting CVar [[r.DOF.Gather.AccumulatorQuality:1        ; higher gathering accumulator quality]]
[2019.04.27-17.16.24:915][  0]LogConfig: Setting CVar [[r.DOF.Gather.PostfilterMethod:1          ; Median3x3 postfilering method]]
[2019.04.27-17.16.24:915][  0]LogConfig: Setting CVar [[r.DOF.Gather.EnableBokehSettings:0       ; no bokeh simulation when gathering]]
[2019.04.27-17.16.24:915][  0]LogConfig: Setting CVar [[r.DOF.Gather.RingCount:4                 ; medium number of samples when gathering]]
[2019.04.27-17.16.24:915][  0]LogConfig: Setting CVar [[r.DOF.Scatter.ForegroundCompositing:1    ; additive foreground scattering]]
[2019.04.27-17.16.24:915][  0]LogConfig: Setting CVar [[r.DOF.Scatter.BackgroundCompositing:2    ; additive background scattering]]
[2019.04.27-17.16.24:915][  0]LogConfig: Setting CVar [[r.DOF.Scatter.EnableBokehSettings:1      ; bokeh simulation when scattering]]
[2019.04.27-17.16.24:915][  0]LogConfig: Setting CVar [[r.DOF.Scatter.MaxSpriteRatio:0.1         ; only a maximum of 10% of scattered bokeh]]
[2019.04.27-17.16.24:915][  0]LogConfig: Setting CVar [[r.DOF.Recombine.Quality:1                ; cheap slight out of focus]]
[2019.04.27-17.16.24:915][  0]LogConfig: Setting CVar [[r.DOF.Recombine.EnableBokehSettings:0    ; no bokeh simulation on slight out of focus]]
[2019.04.27-17.16.24:915][  0]LogConfig: Setting CVar [[r.DOF.TemporalAAQuality:1                ; more stable temporal accumulation]]
[2019.04.27-17.16.24:915][  0]LogConfig: Setting CVar [[r.DOF.Kernel.MaxForegroundRadius:0.025]]
[2019.04.27-17.16.24:915][  0]LogConfig: Setting CVar [[r.DOF.Kernel.MaxBackgroundRadius:0.025]]
[2019.04.27-17.16.24:915][  0]LogConfig: Applying CVar settings from Section [TextureQuality@3] File [C:/Users/aero1/Documents/FAZE/Faze/FAZE_final_sprint/Saved/Config/Windows/Scalability.ini]
[2019.04.27-17.16.24:915][  0]LogConfig: Setting CVar [[r.Streaming.MipBias:0]]
[2019.04.27-17.16.24:915][  0]LogConfig: Setting CVar [[r.Streaming.AmortizeCPUToGPUCopy:0]]
[2019.04.27-17.16.24:915][  0]LogConfig: Setting CVar [[r.Streaming.MaxNumTexturesToStreamPerFrame:0]]
[2019.04.27-17.16.24:915][  0]LogConfig: Setting CVar [[r.Streaming.Boost:1]]
[2019.04.27-17.16.24:915][  0]LogConfig: Setting CVar [[r.MaxAnisotropy:8]]
[2019.04.27-17.16.24:915][  0]LogConfig: Setting CVar [[r.Streaming.LimitPoolSizeToVRAM:0]]
[2019.04.27-17.16.24:915][  0]LogConfig: Setting CVar [[r.Streaming.PoolSize:1000]]
[2019.04.27-17.16.24:915][  0]LogConfig: Setting CVar [[r.Streaming.MaxEffectiveScreenSize:0]]
[2019.04.27-17.16.24:915][  0]LogConfig: Applying CVar settings from Section [EffectsQuality@3] File [C:/Users/aero1/Documents/FAZE/Faze/FAZE_final_sprint/Saved/Config/Windows/Scalability.ini]
[2019.04.27-17.16.24:915][  0]LogConfig: Setting CVar [[r.TranslucencyLightingVolumeDim:64]]
[2019.04.27-17.16.24:915][  0]LogConfig: Setting CVar [[r.RefractionQuality:2]]
[2019.04.27-17.16.24:915][  0]LogConfig: Setting CVar [[r.SSR.Quality:3]]
[2019.04.27-17.16.24:915][  0]LogConfig: Setting CVar [[r.SceneColorFormat:4]]
[2019.04.27-17.16.24:915][  0]LogConfig: Setting CVar [[r.DetailMode:2]]
[2019.04.27-17.16.24:915][  0]LogConfig: Setting CVar [[r.TranslucencyVolumeBlur:1]]
[2019.04.27-17.16.24:915][  0]LogConfig: Setting CVar [[r.MaterialQualityLevel:1 ; High quality]]
[2019.04.27-17.16.24:915][  0]LogConfig: Setting CVar [[r.SSS.Scale:1]]
[2019.04.27-17.16.24:915][  0]LogConfig: Setting CVar [[r.SSS.SampleSet:2]]
[2019.04.27-17.16.24:915][  0]LogConfig: Setting CVar [[r.SSS.Quality:1]]
[2019.04.27-17.16.24:915][  0]LogConfig: Setting CVar [[r.SSS.HalfRes:1]]
[2019.04.27-17.16.24:915][  0]LogConfig: Setting CVar [[r.EmitterSpawnRateScale:1.0]]
[2019.04.27-17.16.24:915][  0]LogConfig: Setting CVar [[r.ParticleLightQuality:2]]
[2019.04.27-17.16.24:915][  0]LogConfig: Applying CVar settings from Section [FoliageQuality@3] File [C:/Users/aero1/Documents/FAZE/Faze/FAZE_final_sprint/Saved/Config/Windows/Scalability.ini]
[2019.04.27-17.16.24:915][  0]LogConfig: Setting CVar [[foliage.DensityScale:1.0]]
[2019.04.27-17.16.24:915][  0]LogConfig: Setting CVar [[grass.DensityScale:1.0]]
[2019.04.27-17.16.24:915][  0]LogConfig: Applying CVar settings from Section [Startup] File [../../../Engine/Config/ConsoleVariables.ini]
[2019.04.27-17.16.24:935][  0]LogConfig: Setting CVar [[net.UseAdaptiveNetUpdateFrequency:0]]
[2019.04.27-17.16.24:935][  0]LogConfig: Applying CVar settings from Section [ConsoleVariables] File [C:/Users/aero1/Documents/FAZE/Faze/FAZE_final_sprint/Saved/Config/Windows/Engine.ini]
[2019.04.27-17.16.24:994][  0]LogInit: Computer: LAPTOP-ECVDO3FE
[2019.04.27-17.16.24:994][  0]LogInit: User: aero1
[2019.04.27-17.16.24:994][  0]LogInit: CPU Page size=4096, Cores=4
[2019.04.27-17.16.24:994][  0]LogInit: High frequency timer resolution =2.437501 MHz
[2019.04.27-17.16.24:994][  0]LogMemory: Memory total: Physical=7.9GB (8GB approx)
[2019.04.27-17.16.24:994][  0]LogMemory: Platform Memory Stats for Windows
[2019.04.27-17.16.24:994][  0]LogMemory: Process Physical Memory: 102.36 MB used, 102.36 MB peak
[2019.04.27-17.16.24:994][  0]LogMemory: Process Virtual Memory: 89.34 MB used, 89.34 MB peak
[2019.04.27-17.16.24:994][  0]LogMemory: Physical Memory: 6052.62 MB used,  2014.54 MB free, 8067.16 MB total
[2019.04.27-17.16.24:994][  0]LogMemory: Virtual Memory: 4638.34 MB used,  134213088.00 MB free, 134217728.00 MB total
[2019.04.27-17.16.27:204][  0]LogInit: Using OS detected language (en-US).
[2019.04.27-17.16.27:204][  0]LogInit: Using OS detected locale (en-US).
[2019.04.27-17.16.27:260][  0]LogTextLocalizationManager: No specific localization for 'en-US' exists, so the 'en' localization will be used.
[2019.04.27-17.16.31:395][  0]LogStreaming: Display: Took  4.181s to InitEngineTextLocalization.
[2019.04.27-17.16.31:820][  0]LogInit: Setting process to per monitor DPI aware
[2019.04.27-17.16.33:263][  0]LogSlate: New Slate User Created.  User Index 0, Is Virtual User: 0
[2019.04.27-17.16.33:263][  0]LogSlate: Slate User Registered.  User Index 0, Is Virtual User: 0
[2019.04.27-17.16.43:930][  0]LogHMD: Failed to initialize OpenVR with code 110
[2019.04.27-17.16.43:930][  0]LogD3D11RHI: D3D11 adapters:
[2019.04.27-17.16.45:859][  0]LogD3D11RHI:    0. 'NVIDIA GeForce GTX 1050 Ti' (Feature Level 11_0)
[2019.04.27-17.16.45:859][  0]LogD3D11RHI:       4021/0/4033 MB DedicatedVideo/DedicatedSystem/SharedSystem, Outputs:2, VendorId:0x10de
[2019.04.27-17.16.45:888][  0]LogD3D11RHI:    1. 'Intel(R) HD Graphics 630' (Feature Level 11_0)
[2019.04.27-17.16.45:888][  0]LogD3D11RHI:       128/0/4033 MB DedicatedVideo/DedicatedSystem/SharedSystem, Outputs:0, VendorId:0x8086
[2019.04.27-17.16.45:939][  0]LogD3D11RHI:    2. 'Microsoft Basic Render Driver' (Feature Level 11_0)
[2019.04.27-17.16.45:939][  0]LogD3D11RHI:       0/0/4033 MB DedicatedVideo/DedicatedSystem/SharedSystem, Outputs:0, VendorId:0x1414
[2019.04.27-17.16.45:939][  0]LogD3D11RHI: Chosen D3D11 Adapter: 0
[2019.04.27-17.16.45:978][  0]LogD3D11RHI: Creating new Direct3DDevice
[2019.04.27-17.16.45:978][  0]LogD3D11RHI:     GPU DeviceId: 0x1c8c (for the marketing name, search the web for "GPU Device Id")
[2019.04.27-17.16.45:978][  0]LogWindows: EnumDisplayDevices:
[2019.04.27-17.16.45:978][  0]LogWindows:    0. 'Intel(R) HD Graphics 630' (P:0 D:1)
[2019.04.27-17.16.46:010][  0]LogWindows:    1. 'Intel(R) HD Graphics 630' (P:1 D:1)
[2019.04.27-17.16.46:010][  0]LogWindows:    2. 'Intel(R) HD Graphics 630' (P:0 D:0)
[2019.04.27-17.16.46:010][  0]LogWindows: DebugString: PrimaryIsNotTheChoosenAdapter PrimaryIsNotTheChoosenAdapter PrimaryIsNotTheChoosenAdapter FoundDriverCount:0 
[2019.04.27-17.16.46:010][  0]LogD3D11RHI:     Adapter Name: NVIDIA GeForce GTX 1050 Ti
[2019.04.27-17.16.46:010][  0]LogD3D11RHI:   Driver Version: Unknown (internal:Unknown, unified:Unknown)
[2019.04.27-17.16.46:010][  0]LogD3D11RHI:      Driver Date: Unknown
[2019.04.27-17.16.46:010][  0]LogRHI: Texture pool is 2814 MB (70% of 4021 MB)
[2019.04.27-17.16.46:102][  0]LogD3D11RHI: Async texture creation enabled
[2019.04.27-17.16.46:758][  0]LogD3D11RHI: GPU Timing Frequency: 1000.000000 (Debug: 2 2)
[2019.04.27-17.16.48:771][  0]LogTemp: Display: Loaded TP AllDesktopTargetPlatform
[2019.04.27-17.16.48:811][  0]LogTemp: Display: Loaded TP MacClientTargetPlatform
[2019.04.27-17.16.48:847][  0]LogTemp: Display: Loaded TP MacNoEditorTargetPlatform
[2019.04.27-17.16.48:885][  0]LogTemp: Display: Loaded TP MacServerTargetPlatform
[2019.04.27-17.16.49:007][  0]LogTemp: Display: Loaded TP MacTargetPlatform
[2019.04.27-17.16.49:062][  0]LogTemp: Display: Loaded TP WindowsClientTargetPlatform
[2019.04.27-17.16.49:119][  0]LogTemp: Display: Loaded TP WindowsNoEditorTargetPlatform
[2019.04.27-17.16.49:141][  0]LogTemp: Display: Loaded TP WindowsServerTargetPlatform
[2019.04.27-17.16.49:200][  0]LogTemp: Display: Loaded TP WindowsTargetPlatform
[2019.04.27-17.16.49:310][  0]LogTemp: Display: Loaded TP AndroidTargetPlatform
[2019.04.27-17.16.49:310][  0]LogTemp: Display: Loaded TP AndroidTargetPlatform
[2019.04.27-17.16.49:310][  0]LogTemp: Display: Loaded TP AndroidTargetPlatform
[2019.04.27-17.16.49:310][  0]LogTemp: Display: Loaded TP AndroidTargetPlatform
[2019.04.27-17.16.49:310][  0]LogTemp: Display: Loaded TP AndroidTargetPlatform
[2019.04.27-17.16.49:310][  0]LogTemp: Display: Loaded TP AndroidTargetPlatform
[2019.04.27-17.16.49:310][  0]LogTemp: Display: Loaded TP AndroidTargetPlatform
[2019.04.27-17.16.49:310][  0]LogTemp: Display: Loaded TP AndroidTargetPlatform
[2019.04.27-17.16.49:310][  0]LogTemp: Display: Loaded TP AndroidTargetPlatform
[2019.04.27-17.16.49:310][  0]LogTemp: Display: Loaded TP AndroidTargetPlatform
[2019.04.27-17.16.49:310][  0]LogTemp: Display: Loaded TP AndroidTargetPlatform
[2019.04.27-17.16.49:310][  0]LogTemp: Display: Loaded TP AndroidTargetPlatform
[2019.04.27-17.16.49:310][  0]LogTemp: Display: Loaded TP AndroidTargetPlatform
[2019.04.27-17.16.49:310][  0]LogTemp: Display: Loaded TP AndroidTargetPlatform
[2019.04.27-17.16.49:310][  0]LogTemp: Display: Loaded TP AndroidTargetPlatform
[2019.04.27-17.16.49:310][  0]LogTemp: Display: Loaded TP AndroidTargetPlatform
[2019.04.27-17.16.49:310][  0]LogTemp: Display: Loaded TP AndroidTargetPlatform
[2019.04.27-17.16.49:310][  0]LogTemp: Display: Loaded TP AndroidTargetPlatform
[2019.04.27-17.16.49:364][  0]LogTemp: Display: Loaded TP HTML5TargetPlatform
[2019.04.27-17.16.49:556][  0]LogTemp: Display: Loaded TP IOSTargetPlatform
[2019.04.27-17.16.49:556][  0]LogTemp: Display: Loaded TP IOSTargetPlatform
[2019.04.27-17.16.49:596][  0]LogTemp: Display: Loaded TP TVOSTargetPlatform
[2019.04.27-17.16.49:596][  0]LogTemp: Display: Loaded TP TVOSTargetPlatform
[2019.04.27-17.16.49:638][  0]LogTemp: Display: Loaded TP LinuxClientTargetPlatform
[2019.04.27-17.16.49:677][  0]LogTemp: Display: Loaded TP LinuxNoEditorTargetPlatform
[2019.04.27-17.16.49:711][  0]LogTemp: Display: Loaded TP LinuxServerTargetPlatform
[2019.04.27-17.16.49:799][  0]LogTemp: Display: Loaded TP LinuxTargetPlatform
[2019.04.27-17.16.49:875][  0]LogTemp: Display: Loaded TP LuminTargetPlatform
[2019.04.27-17.16.49:875][  0]LogTemp: Display: Loaded TP LuminTargetPlatform
[2019.04.27-17.16.49:875][  0]LogTargetPlatformManager: Display: Building Assets For Windows
[2019.04.27-17.16.51:379][  0]LogShaderCompilers: Guid format shader working directory is -24 characters bigger than the processId version (../../../../../../../Users/aero1/Documents/FAZE/Faze/FAZE_final_sprint/Intermediate/Shaders/WorkingDirectory/3176/).
[2019.04.27-17.16.51:379][  0]LogShaderCompilers: Cleaned the shader compiler working directory 'C:/Users/aero1/AppData/Local/Temp/UnrealShaderWorkingDir/DA11C0814DB08441447E11B6F214ACCA/'.
[2019.04.27-17.16.51:494][  0]LogXGEController: Cleaning working directory: C:/Users/aero1/AppData/Local/Temp/UnrealXGEWorkingDir/
[2019.04.27-17.16.51:494][  0]LogXGEController: Cannot use XGE Controller as Incredibuild is not installed on this machine.
[2019.04.27-17.16.51:494][  0]LogShaderCompilers: Cannot use XGE Shader Compiler as Incredibuild is not installed on this machine.
[2019.04.27-17.16.51:494][  0]LogShaderCompilers: Display: Using Local Shader Compiler.
[2019.04.27-17.17.00:368][  0]LogDerivedDataCache: Display: Max Cache Size: 512 MB
[2019.04.27-17.17.02:085][  0]LogDerivedDataCache: Loaded boot cache 1.70s 71MB C:/Users/aero1/AppData/Local/UnrealEngine/4.21/DerivedDataCache/Boot.ddc.
[2019.04.27-17.17.02:085][  0]LogDerivedDataCache: Display: Loaded Boot cache: C:/Users/aero1/AppData/Local/UnrealEngine/4.21/DerivedDataCache/Boot.ddc
[2019.04.27-17.17.02:085][  0]LogDerivedDataCache: FDerivedDataBackendGraph:  Pak pak cache file ../../../../../../../Users/aero1/Documents/FAZE/Faze/FAZE_final_sprint/DerivedDataCache/DDC.ddp not found, will not use a pak cache.
[2019.04.27-17.17.02:085][  0]LogDerivedDataCache: Unable to find inner node Pak for hierarchical cache Hierarchy.
[2019.04.27-17.17.02:085][  0]LogDerivedDataCache: FDerivedDataBackendGraph:  CompressedPak pak cache file ../../../../../../../Users/aero1/Documents/FAZE/Faze/FAZE_final_sprint/DerivedDataCache/Compressed.ddp not found, will not use a pak cache.
[2019.04.27-17.17.02:085][  0]LogDerivedDataCache: Unable to find inner node CompressedPak for hierarchical cache Hierarchy.
[2019.04.27-17.17.02:476][  0]LogDerivedDataCache: Display: Pak cache opened for reading ../../../Engine/DerivedDataCache/Compressed.ddp.
[2019.04.27-17.17.02:476][  0]LogDerivedDataCache: FDerivedDataBackendGraph:  EnterprisePak pak cache file ../../../Enterprise/DerivedDataCache/Compressed.ddp not found, will not use a pak cache.
[2019.04.27-17.17.02:476][  0]LogDerivedDataCache: Unable to find inner node EnterprisePak for hierarchical cache Hierarchy.
[2019.04.27-17.17.02:488][  0]LogDerivedDataCache: Using Local data cache path C:/Users/aero1/AppData/Local/UnrealEngine/Common/DerivedDataCache: Writable
[2019.04.27-17.17.02:488][  0]LogDerivedDataCache: Shared data cache path not found in *engine.ini, will not use an Shared cache.
[2019.04.27-17.17.02:488][  0]LogDerivedDataCache: Unable to find inner node Shared for hierarchical cache Hierarchy.
[2019.04.27-17.17.02:693][  0]LogMaterial: Verifying Global Shaders for PCD3D_SM5
[2019.04.27-17.17.02:998][  0]LogSlate: Using FreeType 2.6.0
[2019.04.27-17.17.03:230][  0]LogSlate: SlateFontServices - WITH_FREETYPE: 1, WITH_HARFBUZZ: 1
[2019.04.27-17.17.07:997][  0]LogAssetRegistry: FAssetRegistry took 0.0430 seconds to start up
[2019.04.27-17.17.16:975][  0]LogInit: Selected Device Profile: [Windows]
[2019.04.27-17.17.23:551][  0]LogSimplygon: Simplygon DLL not present - disabling.
[2019.04.27-17.17.23:859][  0]LogMeshReduction: Using SimplygonSwarm for distributed automatic mesh merging
[2019.04.27-17.17.23:859][  0]LogMeshReduction: Using ProxyLODMeshReduction for automatic mesh merging
[2019.04.27-17.17.23:861][  0]LogMeshReduction: Using QuadricMeshReduction for automatic static mesh reduction
[2019.04.27-17.17.23:861][  0]LogMeshReduction: No automatic skeletal mesh reduction module available
[2019.04.27-17.17.26:580][  0]LogNetVersion: FAZE 1.0.0, NetCL: 4541578, EngineNetVer: 5, GameNetVer: 0 (Checksum: 2508019810)
[2019.04.27-17.17.43:457][  0]LogPackageLocalizationCache: Processed 11 localized package path(s) for 2 prioritized culture(s) in 0.320244 seconds
[2019.04.27-17.17.43:564][  0]LogUObjectArray: 39775 objects as part of root set at end of initial load.
[2019.04.27-17.17.43:564][  0]LogUObjectAllocator: 6914656 out of 0 bytes used by permanent object pool.
[2019.04.27-17.17.43:564][  0]LogUObjectArray: CloseDisregardForGC: 0/0 objects in disregard for GC pool
[2019.04.27-17.19.00:603][  0]LogTcpMessaging: Initializing TcpMessaging bridge
[2019.04.27-17.19.00:842][  0]LogUdpMessaging: Initializing bridge on interface 0.0.0.0:0 to multicast group 230.0.0.1:6666.
[2019.04.27-17.19.08:177][  0]SourceControl: Source control is disabled
[2019.04.27-17.19.08:178][  0]SourceControl: Source control is disabled
[2019.04.27-17.19.08:773][  0]SourceControl: Source control is disabled
[2019.04.27-17.19.08:810][  0]SourceControl: Source control is disabled
[2019.04.27-17.19.14:306][  0]LogAndroidPermission: UAndroidPermissionCallbackProxy::GetInstance
[2019.04.27-17.19.15:040][  0]LogOcInput: OculusInput pre-init called
[2019.04.27-17.19.23:262][  0]LogAutomationTest: Warning: Smoke tests took > 2s to run: 4.69s
[2019.04.27-17.19.23:820][  0]LogEngine: Initializing Engine...
[2019.04.27-17.19.23:949][  0]LogHMD: Failed to initialize OpenVR with code 110
[2019.04.27-17.19.24:020][  0]LogStats: UGameplayTagsManager::ConstructGameplayTagTree: ImportINI prefixes -  0.001 s
[2019.04.27-17.19.24:020][  0]LogStats: UGameplayTagsManager::ConstructGameplayTagTree: Construct from data asset -  0.000 s
[2019.04.27-17.19.24:021][  0]LogStats: UGameplayTagsManager::ConstructGameplayTagTree: ImportINI -  0.001 s
[2019.04.27-17.19.24:021][  0]LogStats: UGameplayTagsManager::ConstructGameplayTagTree: GameplayTagTreeChangedEvent.Broadcast -  0.000 s
[2019.04.27-17.19.28:094][  0]LogInit: Initializing FReadOnlyCVARCache
[2019.04.27-17.19.31:261][  0]LogAIModule: Creating AISystem for world Untitled
[2019.04.27-17.19.32:657][  0]LogInit: XAudio2 using 'Speakers (Realtek High Definition Audio)' : 2 channels at 48 kHz using 32 bits per sample (channel mask 0x3)
[2019.04.27-17.19.32:920][  0]LogInit: FAudioDevice initialized.
[2019.04.27-17.19.32:954][  0]LogNetVersion: Set ProjectVersion to 1.0.0.0. Version Checksum will be recalculated on next use.
[2019.04.27-17.19.33:548][  0]LogDerivedDataCache: Saved boot cache 0.59s 71MB C:/Users/aero1/AppData/Local/UnrealEngine/4.21/DerivedDataCache/Boot.ddc.
[2019.04.27-17.19.33:577][  0]LogInit: Texture streaming: Enabled
[2019.04.27-17.19.35:939][  0]LogEngineSessionManager: EngineSessionManager initialized
[2019.04.27-17.19.40:183][  0]LogInit: Transaction tracking system initialized
[2019.04.27-17.19.42:259][  0]BlueprintLog: New page: Editor Load
[2019.04.27-17.19.50:573][  0]LocalizationService: Localization service is disabled
[2019.04.27-17.20.24:721][  0]LogFileCache: Scanning file cache for directory 'C:/Users/aero1/Documents/FAZE/Faze/FAZE_final_sprint/Content/' took 0.21s
[2019.04.27-17.20.24:721][  0]LogCook: Display: Max memory allowance for cook 16384mb min free memory 0mb
[2019.04.27-17.20.24:777][  0]LogCook: Display: Mobile HDR setting 1
[2019.04.27-17.20.24:973][  0]LogGameplayTags: Display: UGameplayTagsManager::DoneAddingNativeTags. DelegateIsBound: 0
[2019.04.27-17.20.24:995][  0]LogStats: UGameplayTagsManager::ConstructGameplayTagTree: ImportINI prefixes -  0.000 s
[2019.04.27-17.20.24:996][  0]LogStats: UGameplayTagsManager::ConstructGameplayTagTree: Construct from data asset -  0.000 s
[2019.04.27-17.20.24:996][  0]LogStats: UGameplayTagsManager::ConstructGameplayTagTree: ImportINI -  0.000 s
[2019.04.27-17.20.24:996][  0]LogStats: UGameplayTagsManager::ConstructGameplayTagTree: GameplayTagTreeChangedEvent.Broadcast -  0.000 s
[2019.04.27-17.20.42:672][  0]SourceControl: Source control is disabled
[2019.04.27-17.20.42:915][  0]Cmd: MAP LOAD FILE="../../../../../../../Users/aero1/Documents/FAZE/Faze/FAZE_final_sprint/Content/FirstPersonBP/Maps/FirstPersonExampleMap.umap" TEMPLATE=0 SHOWPROGRESS=1 FEATURELEVEL=3
[2019.04.27-17.20.43:163][  0]LightingResults: New page: Lighting Build
[2019.04.27-17.20.44:488][  0]MapCheck: New page: Map Check
[2019.04.27-17.20.44:488][  0]LightingResults: New page: Lighting Build
[2019.04.27-17.21.27:274][  0]LogDerivedDataCache: Warning: C:/Users/aero1/AppData/Local/UnrealEngine/Common/DerivedDataCache is very slow (0.00MB/s) when accessing C:/Users/aero1/AppData/Local/UnrealEngine/Common/DerivedDataCache/5/0/0/NAVCOLLISION_B89838347A4348138EE337A847529C5C_NAVCOLLISION_X_C418824E4EA51B7AB__00621577A074652ED77A3247D2DB0CF76C77150C.udd, consider disabling it.
[2019.04.27-17.21.30:580][  0]LogAIModule: Creating AISystem for world FirstPersonExampleMap
[2019.04.27-17.21.33:784][  0]LogEditorServer: Finished looking for orphan Actors (0.000 secs)
[2019.04.27-17.21.34:761][  0]Cmd: MAP CHECKDEP NOCLEARLOG
[2019.04.27-17.21.34:776][  0]MapCheck: Map check complete: 0 Error(s), 0 Warning(s), took 0.169ms to complete.
[2019.04.27-17.21.34:861][  0]LogFileHelpers: Loading map 'FirstPersonExampleMap' took 52.060
[2019.04.27-17.21.42:523][  0]LogSlate: Updating window title bar state: overlay mode, drag disabled, window buttons hidden, title bar hidden
[2019.04.27-17.21.42:621][  0]LogSlate: Updating window title bar state: overlay mode, drag disabled, window buttons hidden, title bar hidden
[2019.04.27-17.21.42:628][  0]LogSlate: Updating window title bar state: overlay mode, drag disabled, window buttons hidden, title bar hidden
[2019.04.27-17.21.42:636][  0]LogSlate: Updating window title bar state: overlay mode, drag disabled, window buttons hidden, title bar hidden
[2019.04.27-17.21.43:745][  0]LogCollectionManager: Loaded 0 collections in 0.002234 seconds
[2019.04.27-17.21.44:396][  0]LogFileCache: Scanning file cache for directory 'C:/Users/aero1/Documents/FAZE/Faze/FAZE_final_sprint/Saved/Collections/' took 0.01s
[2019.04.27-17.21.44:396][  0]LogFileCache: Scanning file cache for directory 'C:/Users/aero1/Documents/FAZE/Faze/FAZE_final_sprint/Content/Developers/aero1/Collections/' took 0.01s
[2019.04.27-17.21.44:396][  0]LogFileCache: Scanning file cache for directory 'C:/Users/aero1/Documents/FAZE/Faze/FAZE_final_sprint/Content/Collections/' took 0.00s
[2019.04.27-17.21.44:396][  0]LogCollectionManager: Rebuilt the GUID cache for 0 collections in 0.000001 seconds
[2019.04.27-17.21.44:415][  0]LogContentBrowser: Native class hierarchy populated in 0.0120 seconds. Added 2651 classes and 620 folders.
[2019.04.27-17.21.44:690][  0]LogContentBrowser: Native class hierarchy updated for 'WidgetCarousel' in 0.0002 seconds. Added 0 classes and 0 folders.
[2019.04.27-17.21.44:903][  0]LogPakFile: Registered encryption key '00000000000000000000000000000000': 0 pak files mounted, 0 remain pending
[2019.04.27-17.21.44:994][  0]LogPakFile: Registered encryption key '00000000000000000000000000000000': 0 pak files mounted, 0 remain pending
[2019.04.27-17.21.45:037][  0]LogPakFile: Registered encryption key '00000000000000000000000000000000': 0 pak files mounted, 0 remain pending
[2019.04.27-17.21.45:103][  0]LogPakFile: Registered encryption key '00000000000000000000000000000000': 0 pak files mounted, 0 remain pending
[2019.04.27-17.21.45:189][  0]LogPakFile: Registered encryption key '00000000000000000000000000000000': 0 pak files mounted, 0 remain pending
[2019.04.27-17.21.45:224][  0]LogPakFile: Registered encryption key '00000000000000000000000000000000': 0 pak files mounted, 0 remain pending
[2019.04.27-17.21.45:255][  0]LogPakFile: Registered encryption key '00000000000000000000000000000000': 0 pak files mounted, 0 remain pending
[2019.04.27-17.21.45:341][  0]LogPakFile: Registered encryption key '00000000000000000000000000000000': 0 pak files mounted, 0 remain pending
[2019.04.27-17.21.45:454][  0]LogPakFile: Registered encryption key '00000000000000000000000000000000': 0 pak files mounted, 0 remain pending
[2019.04.27-17.21.45:566][  0]LogPakFile: Registered encryption key '00000000000000000000000000000000': 0 pak files mounted, 0 remain pending
[2019.04.27-17.21.45:591][  0]LogPakFile: Registered encryption key '00000000000000000000000000000000': 0 pak files mounted, 0 remain pending
[2019.04.27-17.21.45:674][  0]LogPakFile: Registered encryption key '00000000000000000000000000000000': 0 pak files mounted, 0 remain pending
[2019.04.27-17.21.45:738][  0]LogPakFile: Registered encryption key '00000000000000000000000000000000': 0 pak files mounted, 0 remain pending
[2019.04.27-17.21.45:774][  0]LogPakFile: Registered encryption key '00000000000000000000000000000000': 0 pak files mounted, 0 remain pending
[2019.04.27-17.21.45:818][  0]LogPakFile: Registered encryption key '00000000000000000000000000000000': 0 pak files mounted, 0 remain pending
[2019.04.27-17.21.45:839][  0]LogPakFile: Registered encryption key '00000000000000000000000000000000': 0 pak files mounted, 0 remain pending
[2019.04.27-17.21.45:940][  0]LogPakFile: Registered encryption key '00000000000000000000000000000000': 0 pak files mounted, 0 remain pending
[2019.04.27-17.21.45:990][  0]LogPakFile: Registered encryption key '00000000000000000000000000000000': 0 pak files mounted, 0 remain pending
[2019.04.27-17.21.46:067][  0]LogPakFile: Registered encryption key '00000000000000000000000000000000': 0 pak files mounted, 0 remain pending
[2019.04.27-17.21.46:113][  0]LogPakFile: Registered encryption key '00000000000000000000000000000000': 0 pak files mounted, 0 remain pending
[2019.04.27-17.21.46:168][  0]LogPakFile: Registered encryption key '00000000000000000000000000000000': 0 pak files mounted, 0 remain pending
[2019.04.27-17.21.46:205][  0]LogPakFile: Registered encryption key '00000000000000000000000000000000': 0 pak files mounted, 0 remain pending
[2019.04.27-17.21.46:288][  0]LogPakFile: Registered encryption key '00000000000000000000000000000000': 0 pak files mounted, 0 remain pending
[2019.04.27-17.21.46:306][  0]LogPakFile: Registered encryption key '00000000000000000000000000000000': 0 pak files mounted, 0 remain pending
[2019.04.27-17.21.46:312][  0]LogPakFile: Registered encryption key '00000000000000000000000000000000': 0 pak files mounted, 0 remain pending
[2019.04.27-17.21.46:526][  0]LogPakFile: Registered encryption key '00000000000000000000000000000000': 0 pak files mounted, 0 remain pending
[2019.04.27-17.21.51:192][  0]LogContentBrowser: Native class hierarchy updated for 'AddContentDialog' in 0.0003 seconds. Added 0 classes and 0 folders.
[2019.04.27-17.21.51:325][  0]LogContentBrowser: Native class hierarchy updated for 'SceneOutliner' in 0.0003 seconds. Added 1 classes and 2 folders.
[2019.04.27-17.21.55:114][  0]LogSlate: Took 0.238125 seconds to synchronously load lazily loaded font '../../../Engine/Content/Slate/Fonts/Roboto-Regular.ttf' (155K)
[2019.04.27-17.21.55:351][  0]LogSlate: Took 0.155133 seconds to synchronously load lazily loaded font '../../../Engine/Content/Slate/Fonts/Roboto-Bold.ttf' (160K)
[2019.04.27-17.21.55:607][  0]LogSlate: Took 0.131497 seconds to synchronously load lazily loaded font '../../../Engine/Content/Editor/Slate/Fonts/FontAwesome.ttf' (139K)
[2019.04.27-17.21.58:786][  0]LogRenderer: Reallocating scene render targets to support 1076x624 Format 10 NumSamples 1 (Frame:1).
[2019.04.27-17.22.02:309][  0]LogContentBrowser: Native class hierarchy updated for 'HierarchicalLODOutliner' in 0.0003 seconds. Added 0 classes and 0 folders.
[2019.04.27-17.22.02:309][  0]LogLoad: (Engine Initialization) Total time: 390.92 seconds
[2019.04.27-17.22.02:309][  0]LogLoad: (Engine Initialization) Total Blueprint compile time: 0.00 seconds
[2019.04.27-17.22.03:935][  0]LogContentStreaming: Texture pool size now 1000 MB
[2019.04.27-17.22.04:696][  1]LogRenderer: Reallocating scene render targets to support 1076x640 Format 10 NumSamples 1 (Frame:3).
[2019.04.27-17.22.05:184][  1]LogFileCache: Retrieving MD5 hashes for directory 'C:/Users/aero1/Documents/FAZE/Faze/FAZE_final_sprint/Content/' took 2.18s
[2019.04.27-17.22.06:152][  6]LogAssetRegistry: Asset discovery search completed in 298.1809 seconds
[2019.04.27-17.22.06:252][  6]LogCollectionManager: Rebuilt the object cache for 0 collections in 0.000000 seconds (found 0 objects)
[2019.04.27-17.22.06:252][  6]LogCollectionManager: Fixed up redirectors for 0 collections in 0.019411 seconds (updated 0 objects)
[2019.04.27-17.22.07:070][  6]LogSlate: Took 0.146045 seconds to synchronously load lazily loaded font '../../../Engine/Content/Slate/Fonts/Roboto-Light.ttf' (167K)
[2019.04.27-17.22.14:379][486]LogSlate: FSceneViewport::OnFocusLost() reason 0
[2019.04.27-17.22.14:610][486]LogSlate: Took 0.000306 seconds to synchronously load lazily loaded font '../../../Engine/Content/Slate/Fonts/Roboto-Light.ttf' (167K)
[2019.04.27-17.22.18:527][486]LogTexture: Display: Building textures: HQ_Lightmap0_4 (AutoDXT, 64X64)
[2019.04.27-17.22.18:527][486]LogTexture: Display: Building textures: HQ_Lightmap1_1 (AutoDXT, 1024X1024)
[2019.04.27-17.22.18:527][486]LogTexture: Display: Building textures: HQ_Lightmap1_2 (AutoDXT, 512X512)
[2019.04.27-17.22.18:527][486]LogTexture: Display: Building textures: LQ_Lightmap_0_4 (DXT1, 64X64)
[2019.04.27-17.22.18:527][486]LogTexture: Display: Building textures: LQ_Lightmap_1_1 (DXT1, 1024X1024)
[2019.04.27-17.22.18:527][486]LogTexture: Display: Building textures: HQ_Lightmap1_3 (AutoDXT, 2048X2048)
[2019.04.27-17.22.18:527][486]LogTexture: Display: Building textures: LQ_Lightmap_1_2 (DXT1, 512X512)
[2019.04.27-17.22.18:527][486]LogTexture: Display: Building textures: LQ_Lightmap_1_3 (DXT1, 2048X2048)
[2019.04.27-17.22.18:527][486]LogTexture: Display: Building textures: ShadowMapTexture2D_0 (G8, 256X512)
[2019.04.27-17.22.18:527][486]LogTexture: Display: Building textures: ShadowMapTexture2D_1 (G8, 1024X64)
[2019.04.27-17.22.18:527][486]LogTexture: Display: Building textures: ShadowMapTexture2D_2 (G8, 32X32)
[2019.04.27-17.22.25:363][486]LogAIModule: Creating AISystem for world Level1
[2019.04.27-17.22.26:053][486]LogMaterial: Warning: Material /Game/StarterContent/Materials/Glass.Glass needed to have new flag set bUsedWithStaticLighting !
[2019.04.27-17.22.26:379][486]LogMaterial: Display: Missing cached shader map for material Glass, compiling. 
[2019.04.27-17.22.27:325][486]LogShaderCompilers: Display: Shaders left to compile 47
[2019.04.27-17.22.27:325][486]LogShaderCompilers: Display: Shaders left to compile 37
[2019.04.27-17.22.27:325][486]LogShaderCompilers: Display: Shaders left to compile 27
[2019.04.27-17.22.27:325][486]MapCheck: Warning: Glass Material /Game/StarterContent/Materials/Glass.Glass was missing the usage flag bUsedWithStaticLighting. If the material asset is not re-saved, it may not render correctly when run outside the editor. Fix
[2019.04.27-17.22.28:701][486]LogAssetEditorManager: Opening Asset editor for World /Game/Levels/Level1/Level1.Level1
[2019.04.27-17.22.29:375][486]Cmd: MAP LOAD FILE="../../../../../../../Users/aero1/Documents/FAZE/Faze/FAZE_final_sprint/Content/Levels/Level1/Level1.umap" TEMPLATE=0 SHOWPROGRESS=1 FEATURELEVEL=3
[2019.04.27-17.22.29:376][486]LightingResults: New page: Lighting Build
[2019.04.27-17.22.29:377][486]LoadErrors: New page: Loading map: Level1.umap
[2019.04.27-17.22.29:592][486]MapCheck: New page: Map Check
[2019.04.27-17.22.29:593][486]LightingResults: New page: Lighting Build
[2019.04.27-17.22.31:867][486]LogEditorServer: Finished looking for orphan Actors (0.000 secs)
[2019.04.27-17.22.32:091][486]Cmd: MAP CHECKDEP NOCLEARLOG
[2019.04.27-17.22.32:092][486]MapCheck: Map check complete: 0 Error(s), 0 Warning(s), took 0.943ms to complete.
[2019.04.27-17.22.32:092][486]LogFileHelpers: Loading map 'Level1' took 2.844
[2019.04.27-17.22.37:125][637]LogSlate: Window 'Message Log' being destroyed
[2019.04.27-17.22.37:132][637]LogSlate: Window 'Message Log' being destroyed
[2019.04.27-17.22.46:717][270]LogShaderCompilers: Display: Shaders left to compile 17
[2019.04.27-17.22.56:540][ 17]LogSlate: FSceneViewport::OnFocusLost() reason 2
[2019.04.27-17.22.57:874][124]MapCheck: New page: Map Check
[2019.04.27-17.22.58:067][124]LogSlate: FSceneViewport::OnFocusLost() reason 2
[2019.04.27-17.22.58:080][124]Cmd: MAP REBUILD ALLVISIBLE
[2019.04.27-17.22.58:181][124]LogEditorServer: Rebuildmap Clear paths rebuilt
[2019.04.27-17.23.00:254][124]LightingResults: New page: Lighting Build - Apr 27, 2019, 9:23:00 AM
[2019.04.27-17.23.01:393][124]LogSwarmInterface: [OpenConnection] Registering TCP channel ...
[2019.04.27-17.23.02:081][124]LogSwarmInterface: [OpenConnection] Connecting to agent ...
[2019.04.27-17.23.02:617][124]LogSwarmInterface: [TryOpenConnection] Testing the Agent
[2019.04.27-17.23.05:612][124]LogSwarmInterface: [TryOpenConnection] Opening Connection to Agent
[2019.04.27-17.23.05:612][124]LogSwarmInterface: [TryOpenConnection] Local Process ID is 3176
[2019.04.27-17.23.20:399][124]LogShaderCompilers: Display: Shaders left to compile 7
[2019.04.27-17.23.20:399][124]LogStaticLightingSystem: Running Lightmass w/ ImmediateImport mode ENABLED
[2019.04.27-17.23.20:399][124]LogStaticLightingSystem: Running Lightmass w/ ImmediateProcess mode ENABLED
[2019.04.27-17.23.20:399][124]LogStaticLightingSystem: Running Lightmass w/ Sorting mode ENABLED
[2019.04.27-17.23.20:399][124]LogStaticLightingSystem: Running Lightmass w/ Mapping paddings ENABLED
[2019.04.27-17.23.20:399][124]LogStaticLightingSystem: Running Lightmass w/ Mapping debug paddings DISABLED
[2019.04.27-17.23.21:465][124]LogEditorBuildUtils: Build time 0:23
[2019.04.27-17.23.22:592][129]LogMaterial: Display: Missing cached shader map for material FLightmassMaterialRenderer Glass, compiling. 
[2019.04.27-17.23.22:661][129]LogMaterial: Display: Missing cached shader map for material FLightmassMaterialRenderer Glass, compiling. 
[2019.04.27-17.23.32:864][135]LogShaderCompilers: Display: Shaders left to compile 4
[2019.04.27-17.23.50:033][156]Job is a success!
[2019.04.27-17.23.50:092][157]LogSlate: FSceneViewport::OnFocusLost() reason 2
[2019.04.27-17.23.50:230][157]LogVolumetricLightmapImport: Imported Volumetric Lightmap in 0.012s
[2019.04.27-17.23.50:230][157]LogVolumetricLightmapImport:      Indirection Texture 16x16x16 = 0.0Mb
[2019.04.27-17.23.50:230][157]LogVolumetricLightmapImport:      BrickData 290x5x5 = 0.3Mb (trimmed 0.0Mb due to 0.010000 MinBrickError)
[2019.04.27-17.23.50:230][157]LogVolumetricLightmapImport:      Bricks at Level
[2019.04.27-17.23.50:230][157]LogVolumetricLightmapImport:          0: 1.7% covering 100.0% of volume
[2019.04.27-17.23.50:230][157]LogVolumetricLightmapImport:          1: 6.9% covering 6.3% of volume
[2019.04.27-17.23.50:230][157]LogVolumetricLightmapImport:          2: 91.4% covering 1.3% of volume
[2019.04.27-17.23.51:455][157]LogTexture: Display: Building textures: HQ_Lightmap0_1 (AutoDXT, 1024X1024)
[2019.04.27-17.23.51:456][157]LogTexture: Display: Building textures: LQ_Lightmap_0_1 (DXT1, 1024X1024)
[2019.04.27-17.23.51:456][157]LogTexture: Display: Building textures: HQ_Lightmap0_2 (AutoDXT, 512X512)
[2019.04.27-17.23.51:456][157]LogTexture: Display: Building textures: LQ_Lightmap_0_2 (DXT1, 512X512)
[2019.04.27-17.23.51:456][157]LogTexture: Display: Building textures: HQ_Lightmap0_3 (AutoDXT, 2048X2048)
[2019.04.27-17.23.51:456][157]LogTexture: Display: Building textures: LQ_Lightmap_0_3 (DXT1, 2048X2048)
[2019.04.27-17.23.51:456][157]LogTexture: Display: Building textures: HQ_Lightmap1_4 (AutoDXT, 64X64)
[2019.04.27-17.23.51:456][157]LogTexture: Display: Building textures: LQ_Lightmap_1_4 (DXT1, 64X64)
[2019.04.27-17.23.51:784][157]LogTexture: Display: Building textures: ShadowMapTexture2D_5 (G8, 32X32)
[2019.04.27-17.23.51:784][157]LogTexture: Display: Building textures: ShadowMapTexture2D_3 (G8, 256X512)
[2019.04.27-17.23.51:784][157]LogTexture: Display: Building textures: ShadowMapTexture2D_4 (G8, 1024X64)
[2019.04.27-17.23.52:688][157]Lightmass on LAPTOP-ECVDO3FE: 14.3 sec total, 6.13 sec importing, 110 ms setup, 718 ms photons, 5.56 sec processing, 0 ms extra exporting [199/199 mappings]. Threads: 22.1 sec total, 5.79 sec processing.
[2019.04.27-17.23.53:993][157]LogStaticLightingSystem: Illumination: 53.7 sec (1.04 sec encoding lightmaps, 328 ms encoding shadowmaps)
[2019.04.27-17.23.53:993][157]LogStaticLightingSystem: Lightmap texture memory:  10.5 MB (0.5 MB streaming, 10.0 MB non-streaming), 8 textures
[2019.04.27-17.23.53:993][157]LogStaticLightingSystem: Shadowmap texture memory: 0.3 MB (0.1 MB streaming, 0.2 MB non-streaming), 3 textures
[2019.04.27-17.24.01:016][157]DumpUnbuiltLightIteractions
[2019.04.27-17.24.01:016][157]Lights with unbuilt interactions: 0
[2019.04.27-17.24.01:016][157]
[2019.04.27-17.24.01:016][157]Primitives with unbuilt interactions: 0
[2019.04.27-17.24.01:042][157]LogSlate: FSceneViewport::OnFocusLost() reason 2
[2019.04.27-17.24.01:239][158]Cmd: MAP CHECK NOTIFYRESULTS
[2019.04.27-17.24.01:239][158]MapCheck: New page: Level1 - Apr 27, 2019, 9:24:01 AM
[2019.04.27-17.24.01:569][158]MapCheck: Map check complete: 0 Error(s), 0 Warning(s), took 329.689ms to complete.
[2019.04.27-17.24.02:434][241]LogUnrealEdMisc: Warning: Heartbeat event firing too frequently (40.463 sec). This should never happen. Something is wrong with the timer delegate!
[2019.04.27-17.24.56:943][468]LogSlate: FSceneViewport::OnFocusLost() reason 0
[2019.04.27-17.24.57:062][481]LogTemp: Repeating last play command: Selected Viewport
[2019.04.27-17.24.57:199][481]LogBlueprintUserMessages: Early PlayInEditor Detection: Level '/Game/Levels/Level1/Level1.Level1:PersistentLevel' has LevelScriptBlueprint '/Game/Levels/Level1/Level1.Level1:PersistentLevel.Level1' with GeneratedClass '/Game/Levels/Level1/Level1.Level1_C' with ClassGeneratedBy '/Game/Levels/Level1/Level1.Level1:PersistentLevel.Level1'
[2019.04.27-17.24.57:258][481]LogPlayLevel: PlayLevel: No blueprints needed recompiling
[2019.04.27-17.24.57:258][481]PIE: New page: PIE session: Level1 (Apr 27, 2019, 9:24:57 AM)
[2019.04.27-17.24.57:472][481]LogPlayLevel: Creating play world package: /Game/Levels/Level1/UEDPIE_0_Level1
[2019.04.27-17.24.57:663][481]LogPlayLevel: PIE: StaticDuplicateObject took: (0.189892s)
[2019.04.27-17.24.57:663][481]LogAIModule: Creating AISystem for world Level1
[2019.04.27-17.24.57:676][481]LogPlayLevel: PIE: World Init took: (0.013062s)
[2019.04.27-17.24.57:676][481]LogPlayLevel: PIE: Created PIE world by copying editor world from /Game/Levels/Level1/Level1.Level1 to /Game/Levels/Level1/UEDPIE_0_Level1.Level1 (0.203428s)
[2019.04.27-17.24.57:762][481]LogInit: XAudio2 using 'Speakers (Realtek High Definition Audio)' : 2 channels at 48 kHz using 32 bits per sample (channel mask 0x3)
[2019.04.27-17.24.57:835][481]LogInit: FAudioDevice initialized.
[2019.04.27-17.24.57:932][481]LogLoad: Game class is 'FirstPersonGameMode_C'
[2019.04.27-17.24.58:122][481]LogWorld: Bringing World /Game/Levels/Level1/UEDPIE_0_Level1.Level1 up for play (max tick rate 0) at 2019.04.27-13.24.58
[2019.04.27-17.24.58:760][481]LogWorld: Bringing up level for play took: 0.639134
[2019.04.27-17.24.59:039][481]LogContentBrowser: Native class hierarchy updated for 'MovieSceneCapture' in 0.0124 seconds. Added 20 classes and 0 folders.
[2019.04.27-17.24.59:801][481]PIE: Play in editor start time for /Game/Levels/Level1/UEDPIE_0_Level1 2.476
[2019.04.27-17.24.59:801][481]LogBlueprintUserMessages: Late PlayInEditor Detection: Level '/Game/Levels/Level1/Level1.Level1:PersistentLevel' has LevelScriptBlueprint '/Game/Levels/Level1/Level1.Level1:PersistentLevel.Level1' with GeneratedClass '/Game/Levels/Level1/Level1.Level1_C' with ClassGeneratedBy '/Game/Levels/Level1/Level1.Level1:PersistentLevel.Level1'
[2019.04.27-17.25.15:101][770]LogMaterial: Warning: Material /Game/StarterContent/Materials/M_Glass.M_Glass missing bUsedWithSkeletalMesh=True! Default Material will be used in game.
[2019.04.27-17.25.15:101][770]LogMaterial: Warning:      The material will recompile every editor launch until resaved.
[2019.04.27-17.27.51:484][244]LogNet: Browse: /Game/Levels/VerticalSlice2/Level2
[2019.04.27-17.27.51:891][244]LogLoad: LoadMap: /Game/Levels/VerticalSlice2/Level2
[2019.04.27-17.29.08:394][244]LogAIModule: Creating AISystem for world Level2
[2019.04.27-17.29.08:394][244]LogLoad: Game class is 'FirstPersonGameMode_C'
[2019.04.27-17.29.08:408][244]LogWorld: Bringing World /Game/Levels/VerticalSlice2/UEDPIE_0_Level2.Level2 up for play (max tick rate 3) at 2019.04.27-13.29.08
[2019.04.27-17.29.09:369][244]LogLinker: Warning: Can't find file '/Game/Path1Rise'
[2019.04.27-17.29.09:369][244]LogLinker: Warning: Can't find file '/Game/Path1Rise'
[2019.04.27-17.29.09:369][244]LogUObjectGlobals: Warning: Failed to find object 'Object /Game/Path1Rise.Path1Rise'
[2019.04.27-17.29.09:369][244]LogLinker: Warning: Can't find file '/Game/WhiteRoomIceButton'
[2019.04.27-17.29.09:369][244]LogLinker: Warning: Can't find file '/Game/WhiteRoomIceButton'
[2019.04.27-17.29.09:369][244]LogUObjectGlobals: Warning: Failed to find object 'Object /Game/WhiteRoomIceButton.WhiteRoomIceButton'
[2019.04.27-17.29.09:370][244]LogLinker: Warning: Can't find file '/Game/WRPath2Rise'
[2019.04.27-17.29.09:370][244]LogLinker: Warning: Can't find file '/Game/WRPath2Rise'
[2019.04.27-17.29.09:370][244]LogUObjectGlobals: Warning: Failed to find object 'Object /Game/WRPath2Rise.WRPath2Rise'
[2019.04.27-17.29.09:370][244]LogLinker: Warning: Can't find file '/Game/WRPath3Rise'
[2019.04.27-17.29.09:370][244]LogLinker: Warning: Can't find file '/Game/WRPath3Rise'
[2019.04.27-17.29.09:370][244]LogUObjectGlobals: Warning: Failed to find object 'Object /Game/WRPath3Rise.WRPath3Rise'
[2019.04.27-17.29.09:370][244]LogLinker: Warning: Can't find file '/Game/WRBowlRise'
[2019.04.27-17.29.09:370][244]LogLinker: Warning: Can't find file '/Game/WRBowlRise'
[2019.04.27-17.29.09:370][244]LogUObjectGlobals: Warning: Failed to find object 'Object /Game/WRBowlRise.WRBowlRise'
[2019.04.27-17.29.09:371][244]LogLinker: Warning: Can't find file '/Game/WRPath4Rise'
[2019.04.27-17.29.09:371][244]LogLinker: Warning: Can't find file '/Game/WRPath4Rise'
[2019.04.27-17.29.09:371][244]LogUObjectGlobals: Warning: Failed to find object 'Object /Game/WRPath4Rise.WRPath4Rise'
[2019.04.27-17.29.09:371][244]LogLinker: Warning: Can't find file '/Game/WRPath5Rise'
[2019.04.27-17.29.09:371][244]LogLinker: Warning: Can't find file '/Game/WRPath5Rise'
[2019.04.27-17.29.09:371][244]LogUObjectGlobals: Warning: Failed to find object 'Object /Game/WRPath5Rise.WRPath5Rise'
[2019.04.27-17.29.09:371][244]LogLinker: Warning: Can't find file '/Game/WRGasButton'
[2019.04.27-17.29.09:372][244]LogLinker: Warning: Can't find file '/Game/WRGasButton'
[2019.04.27-17.29.09:372][244]LogUObjectGlobals: Warning: Failed to find object 'Object /Game/WRGasButton.WRGasButton'
[2019.04.27-17.29.09:372][244]LogLinker: Warning: Can't find file '/Game/WRPath6Rise'
[2019.04.27-17.29.09:372][244]LogLinker: Warning: Can't find file '/Game/WRPath6Rise'
[2019.04.27-17.29.09:372][244]LogUObjectGlobals: Warning: Failed to find object 'Object /Game/WRPath6Rise.WRPath6Rise'
[2019.04.27-17.29.09:372][244]LogLinker: Warning: Can't find file '/Game/WRButton3'
[2019.04.27-17.29.09:372][244]LogLinker: Warning: Can't find file '/Game/WRButton3'
[2019.04.27-17.29.09:372][244]LogUObjectGlobals: Warning: Failed to find object 'Object /Game/WRButton3.WRButton3'
[2019.04.27-17.29.09:372][244]LogLinker: Warning: Can't find file '/Game/WRTrapDoor'
[2019.04.27-17.29.09:373][244]LogLinker: Warning: Can't find file '/Game/WRTrapDoor'
[2019.04.27-17.29.09:373][244]LogUObjectGlobals: Warning: Failed to find object 'Object /Game/WRTrapDoor.WRTrapDoor'
[2019.04.27-17.29.09:373][244]LogLinker: Warning: Can't find file '/Game/SpikeRoller2'
[2019.04.27-17.29.09:373][244]LogLinker: Warning: Can't find file '/Game/SpikeRoller2'
[2019.04.27-17.29.09:373][244]LogUObjectGlobals: Warning: Failed to find object 'Object /Game/SpikeRoller2.SpikeRoller2'
[2019.04.27-17.29.09:373][244]LogLinker: Warning: Can't find file '/Game/WRSpikeRollerSequence'
[2019.04.27-17.29.09:374][244]LogLinker: Warning: Can't find file '/Game/WRSpikeRollerSequence'
[2019.04.27-17.29.09:374][244]LogUObjectGlobals: Warning: Failed to find object 'Object /Game/WRSpikeRollerSequence.WRSpikeRollerSequence'
[2019.04.27-17.29.09:374][244]LogWorld: Bringing up level for play took: 0.978007
[2019.04.27-17.29.09:480][244]LogLoad: Took 77.588273 seconds to LoadMap(/Game/Levels/VerticalSlice2/Level2)
[2019.04.27-17.29.09:796][245]LogSlate: FSceneViewport::OnFocusLost() reason 2
[2019.04.27-17.29.09:858][245]LogUnrealEdMisc: Warning: Heartbeat event firing too frequently (0.000 sec). This should never happen. Something is wrong with the timer delegate!
